 INFO 2021-06-22 11:51:36,393 (fr.ign.cogit.geoxygene.appli.GeOxygeneApplication) - Using 12 logical processors
 WARN 2021-06-22 11:51:37,118 (fr.ign.cogit.geoxygene.appli.GeOxygeneApplication) - Cannot restore Look and Feel ''. Use default one
 INFO 2021-06-22 11:51:37,916 (fr.ign.cogit.geoxygene.appli.gl.ResourcesManager) - Added the resource CURRENT_ROOT_URI to the ResourceManager RootManager. This manager now register 1 resources.
 INFO 2021-06-24 14:53:04,926 (fr.ign.cogit.geoxygene.appli.GeOxygeneApplication) - Using 12 logical processors
 WARN 2021-06-24 14:53:05,623 (fr.ign.cogit.geoxygene.appli.GeOxygeneApplication) - Cannot restore Look and Feel ''. Use default one
 INFO 2021-06-24 14:53:06,465 (fr.ign.cogit.geoxygene.appli.gl.ResourcesManager) - Added the resource CURRENT_ROOT_URI to the ResourceManager RootManager. This manager now register 1 resources.
 INFO 2021-06-24 14:57:32,160 (fr.ign.cogit.geoxygene.appli.GeOxygeneApplication) - Using 12 logical processors
 WARN 2021-06-24 14:57:32,840 (fr.ign.cogit.geoxygene.appli.GeOxygeneApplication) - Cannot restore Look and Feel ''. Use default one
 INFO 2021-06-24 14:57:33,502 (fr.ign.cogit.geoxygene.appli.gl.ResourcesManager) - Added the resource CURRENT_ROOT_URI to the ResourceManager RootManager. This manager now register 1 resources.
 INFO 2021-06-24 15:01:34,345 (fr.ign.cogit.geoxygene.appli.GeOxygeneApplication) - Using 12 logical processors
 WARN 2021-06-24 15:01:35,046 (fr.ign.cogit.geoxygene.appli.GeOxygeneApplication) - Cannot restore Look and Feel ''. Use default one
 INFO 2021-06-24 15:01:35,700 (fr.ign.cogit.geoxygene.appli.gl.ResourcesManager) - Added the resource CURRENT_ROOT_URI to the ResourceManager RootManager. This manager now register 1 resources.
 INFO 2021-06-24 15:10:02,062 (fr.ign.cogit.geoxygene.appli.GeOxygeneApplication) - Using 12 logical processors
 WARN 2021-06-24 15:10:02,738 (fr.ign.cogit.geoxygene.appli.GeOxygeneApplication) - Cannot restore Look and Feel ''. Use default one
 INFO 2021-06-24 15:10:03,431 (fr.ign.cogit.geoxygene.appli.gl.ResourcesManager) - Added the resource CURRENT_ROOT_URI to the ResourceManager RootManager. This manager now register 1 resources.
 INFO 2021-06-24 15:11:45,584 (fr.ign.cogit.geoxygene.appli.GeOxygeneApplication) - Using 12 logical processors
 WARN 2021-06-24 15:11:46,279 (fr.ign.cogit.geoxygene.appli.GeOxygeneApplication) - Cannot restore Look and Feel ''. Use default one
 INFO 2021-06-24 15:11:47,018 (fr.ign.cogit.geoxygene.appli.gl.ResourcesManager) - Added the resource CURRENT_ROOT_URI to the ResourceManager RootManager. This manager now register 1 resources.
 INFO 2021-06-24 15:34:04,981 (fr.ign.cogit.geoxygene.appli.GeOxygeneApplication) - Using 12 logical processors
 WARN 2021-06-24 15:34:05,678 (fr.ign.cogit.geoxygene.appli.GeOxygeneApplication) - Cannot restore Look and Feel ''. Use default one
 INFO 2021-06-24 15:34:06,364 (fr.ign.cogit.geoxygene.appli.gl.ResourcesManager) - Added the resource CURRENT_ROOT_URI to the ResourceManager RootManager. This manager now register 1 resources.
 INFO 2021-06-24 15:39:46,288 (fr.ign.cogit.geoxygene.appli.GeOxygeneApplication) - Using 12 logical processors
 WARN 2021-06-24 15:39:46,968 (fr.ign.cogit.geoxygene.appli.GeOxygeneApplication) - Cannot restore Look and Feel ''. Use default one
 INFO 2021-06-24 15:39:47,635 (fr.ign.cogit.geoxygene.appli.gl.ResourcesManager) - Added the resource CURRENT_ROOT_URI to the ResourceManager RootManager. This manager now register 1 resources.
 INFO 2021-06-24 15:43:10,121 (fr.ign.cogit.geoxygene.appli.GeOxygeneApplication) - Using 12 logical processors
 WARN 2021-06-24 15:43:10,800 (fr.ign.cogit.geoxygene.appli.GeOxygeneApplication) - Cannot restore Look and Feel ''. Use default one
 INFO 2021-06-24 15:43:11,491 (fr.ign.cogit.geoxygene.appli.gl.ResourcesManager) - Added the resource CURRENT_ROOT_URI to the ResourceManager RootManager. This manager now register 1 resources.
 INFO 2021-06-24 15:44:15,001 (fr.ign.cogit.geoxygene.appli.GeOxygeneApplication) - Using 12 logical processors
 WARN 2021-06-24 15:44:15,697 (fr.ign.cogit.geoxygene.appli.GeOxygeneApplication) - Cannot restore Look and Feel ''. Use default one
 INFO 2021-06-24 15:44:16,515 (fr.ign.cogit.geoxygene.appli.gl.ResourcesManager) - Added the resource CURRENT_ROOT_URI to the ResourceManager RootManager. This manager now register 1 resources.
 INFO 2021-06-24 15:53:39,558 (fr.ign.cogit.geoxygene.appli.GeOxygeneApplication) - Using 12 logical processors
 WARN 2021-06-24 15:53:40,235 (fr.ign.cogit.geoxygene.appli.GeOxygeneApplication) - Cannot restore Look and Feel ''. Use default one
 INFO 2021-06-24 15:53:41,038 (fr.ign.cogit.geoxygene.appli.gl.ResourcesManager) - Added the resource CURRENT_ROOT_URI to the ResourceManager RootManager. This manager now register 1 resources.
 INFO 2021-06-24 16:40:18,434 (fr.ign.cogit.geoxygene.appli.GeOxygeneApplication) - Using 12 logical processors
 WARN 2021-06-24 16:40:19,114 (fr.ign.cogit.geoxygene.appli.GeOxygeneApplication) - Cannot restore Look and Feel ''. Use default one
 INFO 2021-06-24 16:40:19,819 (fr.ign.cogit.geoxygene.appli.gl.ResourcesManager) - Added the resource CURRENT_ROOT_URI to the ResourceManager RootManager. This manager now register 1 resources.
 INFO 2021-06-24 16:41:49,780 (fr.ign.cogit.geoxygene.appli.GeOxygeneApplication) - Using 12 logical processors
 WARN 2021-06-24 16:41:50,477 (fr.ign.cogit.geoxygene.appli.GeOxygeneApplication) - Cannot restore Look and Feel ''. Use default one
 INFO 2021-06-24 16:41:51,225 (fr.ign.cogit.geoxygene.appli.gl.ResourcesManager) - Added the resource CURRENT_ROOT_URI to the ResourceManager RootManager. This manager now register 1 resources.
 INFO 2021-06-24 17:36:10,331 (fr.ign.cogit.geoxygene.appli.GeOxygeneApplication) - Using 12 logical processors
 WARN 2021-06-24 17:36:11,018 (fr.ign.cogit.geoxygene.appli.GeOxygeneApplication) - Cannot restore Look and Feel ''. Use default one
 INFO 2021-06-24 17:36:11,692 (fr.ign.cogit.geoxygene.appli.gl.ResourcesManager) - Added the resource CURRENT_ROOT_URI to the ResourceManager RootManager. This manager now register 1 resources.
 INFO 2021-06-24 17:37:46,470 (fr.ign.cogit.geoxygene.appli.GeOxygeneApplication) - Using 12 logical processors
 WARN 2021-06-24 17:37:47,147 (fr.ign.cogit.geoxygene.appli.GeOxygeneApplication) - Cannot restore Look and Feel ''. Use default one
 INFO 2021-06-24 17:37:47,883 (fr.ign.cogit.geoxygene.appli.gl.ResourcesManager) - Added the resource CURRENT_ROOT_URI to the ResourceManager RootManager. This manager now register 1 resources.
 WARN 2021-06-24 17:37:56,955 (fr.ign.cogit.geoxygene.appli.render.MultithreadedRenderingManager) - Rendering process requested but no renderer has been set
 WARN 2021-06-24 17:37:56,956 (fr.ign.cogit.geoxygene.appli.render.MultithreadedRenderingManager) - Rendering process requested but no renderer has been set
 WARN 2021-06-24 17:37:56,956 (fr.ign.cogit.geoxygene.appli.render.MultithreadedRenderingManager) - Rendering process requested but no renderer has been set
 WARN 2021-06-24 17:37:57,096 (fr.ign.cogit.geoxygene.appli.render.MultithreadedRenderingManager) - Rendering process requested but no renderer has been set
 WARN 2021-06-24 17:37:57,096 (fr.ign.cogit.geoxygene.appli.render.MultithreadedRenderingManager) - Rendering process requested but no renderer has been set
 WARN 2021-06-24 17:37:57,235 (fr.ign.cogit.geoxygene.appli.render.MultithreadedRenderingManager) - Rendering process requested but no renderer has been set
 INFO 2021-06-24 20:28:35,545 (fr.ign.cogit.geoxygene.appli.GeOxygeneApplication) - Using 12 logical processors
 WARN 2021-06-24 20:28:36,233 (fr.ign.cogit.geoxygene.appli.GeOxygeneApplication) - Cannot restore Look and Feel ''. Use default one
 INFO 2021-06-24 20:28:37,206 (fr.ign.cogit.geoxygene.appli.gl.ResourcesManager) - Added the resource CURRENT_ROOT_URI to the ResourceManager RootManager. This manager now register 1 resources.
 WARN 2021-06-24 20:28:48,490 (fr.ign.cogit.geoxygene.appli.render.MultithreadedRenderingManager) - Rendering process requested but no renderer has been set
 WARN 2021-06-24 20:28:48,492 (fr.ign.cogit.geoxygene.appli.render.MultithreadedRenderingManager) - Rendering process requested but no renderer has been set
 WARN 2021-06-24 20:28:48,492 (fr.ign.cogit.geoxygene.appli.render.MultithreadedRenderingManager) - Rendering process requested but no renderer has been set
 WARN 2021-06-24 20:28:48,629 (fr.ign.cogit.geoxygene.appli.render.MultithreadedRenderingManager) - Rendering process requested but no renderer has been set
 WARN 2021-06-24 20:28:48,629 (fr.ign.cogit.geoxygene.appli.render.MultithreadedRenderingManager) - Rendering process requested but no renderer has been set
 WARN 2021-06-24 20:28:48,774 (fr.ign.cogit.geoxygene.appli.render.MultithreadedRenderingManager) - Rendering process requested but no renderer has been set
 INFO 2021-06-25 09:32:12,959 (fr.ign.cogit.geoxygene.appli.GeOxygeneApplication) - Using 12 logical processors
 WARN 2021-06-25 09:32:13,646 (fr.ign.cogit.geoxygene.appli.GeOxygeneApplication) - Cannot restore Look and Feel ''. Use default one
 INFO 2021-06-25 09:32:14,598 (fr.ign.cogit.geoxygene.appli.gl.ResourcesManager) - Added the resource CURRENT_ROOT_URI to the ResourceManager RootManager. This manager now register 1 resources.
 WARN 2021-06-25 09:32:20,619 (fr.ign.cogit.geoxygene.appli.render.MultithreadedRenderingManager) - Rendering process requested but no renderer has been set
 WARN 2021-06-25 09:32:20,621 (fr.ign.cogit.geoxygene.appli.render.MultithreadedRenderingManager) - Rendering process requested but no renderer has been set
 WARN 2021-06-25 09:32:20,621 (fr.ign.cogit.geoxygene.appli.render.MultithreadedRenderingManager) - Rendering process requested but no renderer has been set
 WARN 2021-06-25 09:32:20,759 (fr.ign.cogit.geoxygene.appli.render.MultithreadedRenderingManager) - Rendering process requested but no renderer has been set
 WARN 2021-06-25 09:32:20,760 (fr.ign.cogit.geoxygene.appli.render.MultithreadedRenderingManager) - Rendering process requested but no renderer has been set
 WARN 2021-06-25 09:32:20,900 (fr.ign.cogit.geoxygene.appli.render.MultithreadedRenderingManager) - Rendering process requested but no renderer has been set
 INFO 2021-06-25 11:07:06,380 (fr.ign.cogit.geoxygene.appli.GeOxygeneApplication) - Using 12 logical processors
 WARN 2021-06-25 11:07:07,042 (fr.ign.cogit.geoxygene.appli.GeOxygeneApplication) - Cannot restore Look and Feel ''. Use default one
 INFO 2021-06-25 11:07:07,959 (fr.ign.cogit.geoxygene.appli.gl.ResourcesManager) - Added the resource CURRENT_ROOT_URI to the ResourceManager RootManager. This manager now register 1 resources.
 WARN 2021-06-25 11:07:13,965 (fr.ign.cogit.geoxygene.appli.render.MultithreadedRenderingManager) - Rendering process requested but no renderer has been set
 WARN 2021-06-25 11:07:13,966 (fr.ign.cogit.geoxygene.appli.render.MultithreadedRenderingManager) - Rendering process requested but no renderer has been set
 WARN 2021-06-25 11:07:13,966 (fr.ign.cogit.geoxygene.appli.render.MultithreadedRenderingManager) - Rendering process requested but no renderer has been set
 WARN 2021-06-25 11:07:14,097 (fr.ign.cogit.geoxygene.appli.render.MultithreadedRenderingManager) - Rendering process requested but no renderer has been set
 WARN 2021-06-25 11:07:14,097 (fr.ign.cogit.geoxygene.appli.render.MultithreadedRenderingManager) - Rendering process requested but no renderer has been set
 WARN 2021-06-25 11:07:14,250 (fr.ign.cogit.geoxygene.appli.render.MultithreadedRenderingManager) - Rendering process requested but no renderer has been set
 INFO 2021-06-25 11:11:04,306 (fr.ign.cogit.geoxygene.appli.GeOxygeneApplication) - Using 12 logical processors
 WARN 2021-06-25 11:11:04,968 (fr.ign.cogit.geoxygene.appli.GeOxygeneApplication) - Cannot restore Look and Feel ''. Use default one
 INFO 2021-06-25 11:11:05,634 (fr.ign.cogit.geoxygene.appli.gl.ResourcesManager) - Added the resource CURRENT_ROOT_URI to the ResourceManager RootManager. This manager now register 1 resources.
 WARN 2021-06-25 11:11:12,109 (fr.ign.cogit.geoxygene.appli.render.MultithreadedRenderingManager) - Rendering process requested but no renderer has been set
 WARN 2021-06-25 11:11:12,111 (fr.ign.cogit.geoxygene.appli.render.MultithreadedRenderingManager) - Rendering process requested but no renderer has been set
 WARN 2021-06-25 11:11:12,111 (fr.ign.cogit.geoxygene.appli.render.MultithreadedRenderingManager) - Rendering process requested but no renderer has been set
 WARN 2021-06-25 11:11:12,111 (fr.ign.cogit.geoxygene.appli.render.MultithreadedRenderingManager) - Rendering process requested but no renderer has been set
 WARN 2021-06-25 11:11:12,245 (fr.ign.cogit.geoxygene.appli.render.MultithreadedRenderingManager) - Rendering process requested but no renderer has been set
 WARN 2021-06-25 11:11:12,245 (fr.ign.cogit.geoxygene.appli.render.MultithreadedRenderingManager) - Rendering process requested but no renderer has been set
 WARN 2021-06-25 11:11:12,245 (fr.ign.cogit.geoxygene.appli.render.MultithreadedRenderingManager) - Rendering process requested but no renderer has been set
 WARN 2021-06-25 11:11:12,402 (fr.ign.cogit.geoxygene.appli.render.MultithreadedRenderingManager) - Rendering process requested but no renderer has been set
 WARN 2021-06-25 11:11:12,402 (fr.ign.cogit.geoxygene.appli.render.MultithreadedRenderingManager) - Rendering process requested but no renderer has been set
 INFO 2021-06-25 11:22:42,735 (fr.ign.cogit.geoxygene.appli.GeOxygeneApplication) - Using 12 logical processors
 WARN 2021-06-25 11:22:43,410 (fr.ign.cogit.geoxygene.appli.GeOxygeneApplication) - Cannot restore Look and Feel ''. Use default one
 INFO 2021-06-25 11:22:44,181 (fr.ign.cogit.geoxygene.appli.gl.ResourcesManager) - Added the resource CURRENT_ROOT_URI to the ResourceManager RootManager. This manager now register 1 resources.
 WARN 2021-06-25 11:22:50,969 (fr.ign.cogit.geoxygene.appli.render.MultithreadedRenderingManager) - Rendering process requested but no renderer has been set
 WARN 2021-06-25 11:22:50,971 (fr.ign.cogit.geoxygene.appli.render.MultithreadedRenderingManager) - Rendering process requested but no renderer has been set
 WARN 2021-06-25 11:22:50,971 (fr.ign.cogit.geoxygene.appli.render.MultithreadedRenderingManager) - Rendering process requested but no renderer has been set
 WARN 2021-06-25 11:22:50,971 (fr.ign.cogit.geoxygene.appli.render.MultithreadedRenderingManager) - Rendering process requested but no renderer has been set
 WARN 2021-06-25 11:22:51,126 (fr.ign.cogit.geoxygene.appli.render.MultithreadedRenderingManager) - Rendering process requested but no renderer has been set
 WARN 2021-06-25 11:22:51,126 (fr.ign.cogit.geoxygene.appli.render.MultithreadedRenderingManager) - Rendering process requested but no renderer has been set
 WARN 2021-06-25 11:22:51,126 (fr.ign.cogit.geoxygene.appli.render.MultithreadedRenderingManager) - Rendering process requested but no renderer has been set
 WARN 2021-06-25 11:22:51,268 (fr.ign.cogit.geoxygene.appli.render.MultithreadedRenderingManager) - Rendering process requested but no renderer has been set
 WARN 2021-06-25 11:22:51,268 (fr.ign.cogit.geoxygene.appli.render.MultithreadedRenderingManager) - Rendering process requested but no renderer has been set
 INFO 2021-06-25 11:26:10,988 (fr.ign.cogit.geoxygene.appli.GeOxygeneApplication) - Using 12 logical processors
 WARN 2021-06-25 11:26:11,661 (fr.ign.cogit.geoxygene.appli.GeOxygeneApplication) - Cannot restore Look and Feel ''. Use default one
 INFO 2021-06-25 11:26:12,313 (fr.ign.cogit.geoxygene.appli.gl.ResourcesManager) - Added the resource CURRENT_ROOT_URI to the ResourceManager RootManager. This manager now register 1 resources.
 WARN 2021-06-25 11:26:19,094 (fr.ign.cogit.geoxygene.appli.render.MultithreadedRenderingManager) - Rendering process requested but no renderer has been set
 WARN 2021-06-25 11:26:19,096 (fr.ign.cogit.geoxygene.appli.render.MultithreadedRenderingManager) - Rendering process requested but no renderer has been set
 WARN 2021-06-25 11:26:19,096 (fr.ign.cogit.geoxygene.appli.render.MultithreadedRenderingManager) - Rendering process requested but no renderer has been set
 WARN 2021-06-25 11:26:19,096 (fr.ign.cogit.geoxygene.appli.render.MultithreadedRenderingManager) - Rendering process requested but no renderer has been set
 WARN 2021-06-25 11:26:19,228 (fr.ign.cogit.geoxygene.appli.render.MultithreadedRenderingManager) - Rendering process requested but no renderer has been set
 WARN 2021-06-25 11:26:19,228 (fr.ign.cogit.geoxygene.appli.render.MultithreadedRenderingManager) - Rendering process requested but no renderer has been set
 WARN 2021-06-25 11:26:19,228 (fr.ign.cogit.geoxygene.appli.render.MultithreadedRenderingManager) - Rendering process requested but no renderer has been set
 WARN 2021-06-25 11:26:19,364 (fr.ign.cogit.geoxygene.appli.render.MultithreadedRenderingManager) - Rendering process requested but no renderer has been set
 WARN 2021-06-25 11:26:19,364 (fr.ign.cogit.geoxygene.appli.render.MultithreadedRenderingManager) - Rendering process requested but no renderer has been set
 WARN 2021-06-25 11:26:19,497 (fr.ign.cogit.geoxygene.appli.render.MultithreadedRenderingManager) - Rendering process requested but no renderer has been set
 INFO 2021-06-25 11:27:39,658 (fr.ign.cogit.geoxygene.appli.GeOxygeneApplication) - Using 12 logical processors
 WARN 2021-06-25 11:27:40,326 (fr.ign.cogit.geoxygene.appli.GeOxygeneApplication) - Cannot restore Look and Feel ''. Use default one
 INFO 2021-06-25 11:27:41,000 (fr.ign.cogit.geoxygene.appli.gl.ResourcesManager) - Added the resource CURRENT_ROOT_URI to the ResourceManager RootManager. This manager now register 1 resources.
 WARN 2021-06-25 11:27:46,309 (fr.ign.cogit.geoxygene.appli.render.MultithreadedRenderingManager) - Rendering process requested but no renderer has been set
 WARN 2021-06-25 11:27:46,310 (fr.ign.cogit.geoxygene.appli.render.MultithreadedRenderingManager) - Rendering process requested but no renderer has been set
 WARN 2021-06-25 11:27:46,310 (fr.ign.cogit.geoxygene.appli.render.MultithreadedRenderingManager) - Rendering process requested but no renderer has been set
 WARN 2021-06-25 11:27:46,310 (fr.ign.cogit.geoxygene.appli.render.MultithreadedRenderingManager) - Rendering process requested but no renderer has been set
 WARN 2021-06-25 11:27:46,449 (fr.ign.cogit.geoxygene.appli.render.MultithreadedRenderingManager) - Rendering process requested but no renderer has been set
 WARN 2021-06-25 11:27:46,449 (fr.ign.cogit.geoxygene.appli.render.MultithreadedRenderingManager) - Rendering process requested but no renderer has been set
 WARN 2021-06-25 11:27:46,449 (fr.ign.cogit.geoxygene.appli.render.MultithreadedRenderingManager) - Rendering process requested but no renderer has been set
 WARN 2021-06-25 11:27:46,592 (fr.ign.cogit.geoxygene.appli.render.MultithreadedRenderingManager) - Rendering process requested but no renderer has been set
 WARN 2021-06-25 11:27:46,592 (fr.ign.cogit.geoxygene.appli.render.MultithreadedRenderingManager) - Rendering process requested but no renderer has been set
 WARN 2021-06-25 11:27:46,732 (fr.ign.cogit.geoxygene.appli.render.MultithreadedRenderingManager) - Rendering process requested but no renderer has been set
 INFO 2021-06-25 14:21:11,561 (fr.ign.cogit.geoxygene.appli.GeOxygeneApplication) - Using 12 logical processors
 WARN 2021-06-25 14:21:12,255 (fr.ign.cogit.geoxygene.appli.GeOxygeneApplication) - Cannot restore Look and Feel ''. Use default one
 INFO 2021-06-25 14:21:12,935 (fr.ign.cogit.geoxygene.appli.gl.ResourcesManager) - Added the resource CURRENT_ROOT_URI to the ResourceManager RootManager. This manager now register 1 resources.
 INFO 2021-06-25 15:32:31,804 (fr.ign.cogit.geoxygene.appli.GeOxygeneApplication) - Using 12 logical processors
 WARN 2021-06-25 15:32:32,465 (fr.ign.cogit.geoxygene.appli.GeOxygeneApplication) - Cannot restore Look and Feel ''. Use default one
 INFO 2021-06-25 15:32:33,182 (fr.ign.cogit.geoxygene.appli.gl.ResourcesManager) - Added the resource CURRENT_ROOT_URI to the ResourceManager RootManager. This manager now register 1 resources.
 WARN 2021-06-25 15:32:41,136 (fr.ign.cogit.geoxygene.appli.render.MultithreadedRenderingManager) - Rendering process requested but no renderer has been set
 WARN 2021-06-25 15:32:41,138 (fr.ign.cogit.geoxygene.appli.render.MultithreadedRenderingManager) - Rendering process requested but no renderer has been set
 WARN 2021-06-25 15:32:41,138 (fr.ign.cogit.geoxygene.appli.render.MultithreadedRenderingManager) - Rendering process requested but no renderer has been set
 WARN 2021-06-25 15:32:41,138 (fr.ign.cogit.geoxygene.appli.render.MultithreadedRenderingManager) - Rendering process requested but no renderer has been set
 WARN 2021-06-25 15:32:41,295 (fr.ign.cogit.geoxygene.appli.render.MultithreadedRenderingManager) - Rendering process requested but no renderer has been set
 WARN 2021-06-25 15:32:41,295 (fr.ign.cogit.geoxygene.appli.render.MultithreadedRenderingManager) - Rendering process requested but no renderer has been set
 WARN 2021-06-25 15:32:41,295 (fr.ign.cogit.geoxygene.appli.render.MultithreadedRenderingManager) - Rendering process requested but no renderer has been set
 WARN 2021-06-25 15:32:41,438 (fr.ign.cogit.geoxygene.appli.render.MultithreadedRenderingManager) - Rendering process requested but no renderer has been set
 WARN 2021-06-25 15:32:41,438 (fr.ign.cogit.geoxygene.appli.render.MultithreadedRenderingManager) - Rendering process requested but no renderer has been set
 WARN 2021-06-25 15:32:41,572 (fr.ign.cogit.geoxygene.appli.render.MultithreadedRenderingManager) - Rendering process requested but no renderer has been set
 INFO 2021-06-25 15:33:30,865 (fr.ign.cogit.geoxygene.appli.GeOxygeneApplication) - Using 12 logical processors
 WARN 2021-06-25 15:33:31,525 (fr.ign.cogit.geoxygene.appli.GeOxygeneApplication) - Cannot restore Look and Feel ''. Use default one
 INFO 2021-06-25 15:33:32,204 (fr.ign.cogit.geoxygene.appli.gl.ResourcesManager) - Added the resource CURRENT_ROOT_URI to the ResourceManager RootManager. This manager now register 1 resources.
 WARN 2021-06-25 15:33:40,203 (fr.ign.cogit.geoxygene.appli.render.MultithreadedRenderingManager) - Rendering process requested but no renderer has been set
 WARN 2021-06-25 15:33:40,204 (fr.ign.cogit.geoxygene.appli.render.MultithreadedRenderingManager) - Rendering process requested but no renderer has been set
 WARN 2021-06-25 15:33:40,204 (fr.ign.cogit.geoxygene.appli.render.MultithreadedRenderingManager) - Rendering process requested but no renderer has been set
 WARN 2021-06-25 15:33:40,204 (fr.ign.cogit.geoxygene.appli.render.MultithreadedRenderingManager) - Rendering process requested but no renderer has been set
 WARN 2021-06-25 15:33:40,339 (fr.ign.cogit.geoxygene.appli.render.MultithreadedRenderingManager) - Rendering process requested but no renderer has been set
 WARN 2021-06-25 15:33:40,339 (fr.ign.cogit.geoxygene.appli.render.MultithreadedRenderingManager) - Rendering process requested but no renderer has been set
 WARN 2021-06-25 15:33:40,339 (fr.ign.cogit.geoxygene.appli.render.MultithreadedRenderingManager) - Rendering process requested but no renderer has been set
 WARN 2021-06-25 15:33:40,477 (fr.ign.cogit.geoxygene.appli.render.MultithreadedRenderingManager) - Rendering process requested but no renderer has been set
 WARN 2021-06-25 15:33:40,477 (fr.ign.cogit.geoxygene.appli.render.MultithreadedRenderingManager) - Rendering process requested but no renderer has been set
 WARN 2021-06-25 15:33:40,613 (fr.ign.cogit.geoxygene.appli.render.MultithreadedRenderingManager) - Rendering process requested but no renderer has been set
 INFO 2021-06-25 15:35:06,573 (fr.ign.cogit.geoxygene.appli.GeOxygeneApplication) - Using 12 logical processors
 WARN 2021-06-25 15:35:07,236 (fr.ign.cogit.geoxygene.appli.GeOxygeneApplication) - Cannot restore Look and Feel ''. Use default one
 INFO 2021-06-25 15:35:07,906 (fr.ign.cogit.geoxygene.appli.gl.ResourcesManager) - Added the resource CURRENT_ROOT_URI to the ResourceManager RootManager. This manager now register 1 resources.
 WARN 2021-06-25 15:35:14,054 (fr.ign.cogit.geoxygene.appli.render.MultithreadedRenderingManager) - Rendering process requested but no renderer has been set
 WARN 2021-06-25 15:35:14,055 (fr.ign.cogit.geoxygene.appli.render.MultithreadedRenderingManager) - Rendering process requested but no renderer has been set
 WARN 2021-06-25 15:35:14,055 (fr.ign.cogit.geoxygene.appli.render.MultithreadedRenderingManager) - Rendering process requested but no renderer has been set
 WARN 2021-06-25 15:35:14,055 (fr.ign.cogit.geoxygene.appli.render.MultithreadedRenderingManager) - Rendering process requested but no renderer has been set
 WARN 2021-06-25 15:35:14,213 (fr.ign.cogit.geoxygene.appli.render.MultithreadedRenderingManager) - Rendering process requested but no renderer has been set
 WARN 2021-06-25 15:35:14,213 (fr.ign.cogit.geoxygene.appli.render.MultithreadedRenderingManager) - Rendering process requested but no renderer has been set
 WARN 2021-06-25 15:35:14,213 (fr.ign.cogit.geoxygene.appli.render.MultithreadedRenderingManager) - Rendering process requested but no renderer has been set
 WARN 2021-06-25 15:35:14,357 (fr.ign.cogit.geoxygene.appli.render.MultithreadedRenderingManager) - Rendering process requested but no renderer has been set
 WARN 2021-06-25 15:35:14,357 (fr.ign.cogit.geoxygene.appli.render.MultithreadedRenderingManager) - Rendering process requested but no renderer has been set
 WARN 2021-06-25 15:35:14,495 (fr.ign.cogit.geoxygene.appli.render.MultithreadedRenderingManager) - Rendering process requested but no renderer has been set
 INFO 2021-06-25 15:40:53,840 (fr.ign.cogit.geoxygene.appli.GeOxygeneApplication) - Using 12 logical processors
 WARN 2021-06-25 15:40:54,513 (fr.ign.cogit.geoxygene.appli.GeOxygeneApplication) - Cannot restore Look and Feel ''. Use default one
 INFO 2021-06-25 15:40:55,168 (fr.ign.cogit.geoxygene.appli.gl.ResourcesManager) - Added the resource CURRENT_ROOT_URI to the ResourceManager RootManager. This manager now register 1 resources.
 WARN 2021-06-25 15:41:00,862 (fr.ign.cogit.geoxygene.appli.render.MultithreadedRenderingManager) - Rendering process requested but no renderer has been set
 WARN 2021-06-25 15:41:00,864 (fr.ign.cogit.geoxygene.appli.render.MultithreadedRenderingManager) - Rendering process requested but no renderer has been set
 WARN 2021-06-25 15:41:00,864 (fr.ign.cogit.geoxygene.appli.render.MultithreadedRenderingManager) - Rendering process requested but no renderer has been set
 WARN 2021-06-25 15:41:00,864 (fr.ign.cogit.geoxygene.appli.render.MultithreadedRenderingManager) - Rendering process requested but no renderer has been set
 WARN 2021-06-25 15:41:01,020 (fr.ign.cogit.geoxygene.appli.render.MultithreadedRenderingManager) - Rendering process requested but no renderer has been set
 WARN 2021-06-25 15:41:01,020 (fr.ign.cogit.geoxygene.appli.render.MultithreadedRenderingManager) - Rendering process requested but no renderer has been set
 WARN 2021-06-25 15:41:01,020 (fr.ign.cogit.geoxygene.appli.render.MultithreadedRenderingManager) - Rendering process requested but no renderer has been set
 WARN 2021-06-25 15:41:01,157 (fr.ign.cogit.geoxygene.appli.render.MultithreadedRenderingManager) - Rendering process requested but no renderer has been set
 WARN 2021-06-25 15:41:01,157 (fr.ign.cogit.geoxygene.appli.render.MultithreadedRenderingManager) - Rendering process requested but no renderer has been set
 WARN 2021-06-25 15:41:01,291 (fr.ign.cogit.geoxygene.appli.render.MultithreadedRenderingManager) - Rendering process requested but no renderer has been set
 INFO 2021-06-25 17:06:20,715 (fr.ign.cogit.geoxygene.appli.GeOxygeneApplication) - Using 12 logical processors
 WARN 2021-06-25 17:06:21,381 (fr.ign.cogit.geoxygene.appli.GeOxygeneApplication) - Cannot restore Look and Feel ''. Use default one
 INFO 2021-06-25 17:06:22,148 (fr.ign.cogit.geoxygene.appli.gl.ResourcesManager) - Added the resource CURRENT_ROOT_URI to the ResourceManager RootManager. This manager now register 1 resources.
 WARN 2021-06-25 17:06:33,424 (fr.ign.cogit.geoxygene.appli.render.MultithreadedRenderingManager) - Rendering process requested but no renderer has been set
 WARN 2021-06-25 17:06:33,426 (fr.ign.cogit.geoxygene.appli.render.MultithreadedRenderingManager) - Rendering process requested but no renderer has been set
 WARN 2021-06-25 17:06:33,426 (fr.ign.cogit.geoxygene.appli.render.MultithreadedRenderingManager) - Rendering process requested but no renderer has been set
 WARN 2021-06-25 17:06:33,426 (fr.ign.cogit.geoxygene.appli.render.MultithreadedRenderingManager) - Rendering process requested but no renderer has been set
 WARN 2021-06-25 17:06:33,573 (fr.ign.cogit.geoxygene.appli.render.MultithreadedRenderingManager) - Rendering process requested but no renderer has been set
 WARN 2021-06-25 17:06:33,573 (fr.ign.cogit.geoxygene.appli.render.MultithreadedRenderingManager) - Rendering process requested but no renderer has been set
 WARN 2021-06-25 17:06:33,573 (fr.ign.cogit.geoxygene.appli.render.MultithreadedRenderingManager) - Rendering process requested but no renderer has been set
 WARN 2021-06-25 17:06:33,711 (fr.ign.cogit.geoxygene.appli.render.MultithreadedRenderingManager) - Rendering process requested but no renderer has been set
 WARN 2021-06-25 17:06:33,711 (fr.ign.cogit.geoxygene.appli.render.MultithreadedRenderingManager) - Rendering process requested but no renderer has been set
 WARN 2021-06-25 17:06:33,851 (fr.ign.cogit.geoxygene.appli.render.MultithreadedRenderingManager) - Rendering process requested but no renderer has been set
 INFO 2021-06-28 10:30:24,907 (fr.ign.cogit.geoxygene.appli.GeOxygeneApplication) - Using 12 logical processors
 WARN 2021-06-28 10:30:25,685 (fr.ign.cogit.geoxygene.appli.GeOxygeneApplication) - Cannot restore Look and Feel ''. Use default one
 INFO 2021-06-28 10:30:26,711 (fr.ign.cogit.geoxygene.appli.gl.ResourcesManager) - Added the resource CURRENT_ROOT_URI to the ResourceManager RootManager. This manager now register 1 resources.
 WARN 2021-06-28 10:30:46,610 (fr.ign.cogit.geoxygene.appli.render.MultithreadedRenderingManager) - Rendering process requested but no renderer has been set
 WARN 2021-06-28 10:30:46,612 (fr.ign.cogit.geoxygene.appli.render.MultithreadedRenderingManager) - Rendering process requested but no renderer has been set
 WARN 2021-06-28 10:30:46,612 (fr.ign.cogit.geoxygene.appli.render.MultithreadedRenderingManager) - Rendering process requested but no renderer has been set
 WARN 2021-06-28 10:30:46,612 (fr.ign.cogit.geoxygene.appli.render.MultithreadedRenderingManager) - Rendering process requested but no renderer has been set
 WARN 2021-06-28 10:30:46,764 (fr.ign.cogit.geoxygene.appli.render.MultithreadedRenderingManager) - Rendering process requested but no renderer has been set
 WARN 2021-06-28 10:30:46,764 (fr.ign.cogit.geoxygene.appli.render.MultithreadedRenderingManager) - Rendering process requested but no renderer has been set
 WARN 2021-06-28 10:30:46,764 (fr.ign.cogit.geoxygene.appli.render.MultithreadedRenderingManager) - Rendering process requested but no renderer has been set
 WARN 2021-06-28 10:30:46,932 (fr.ign.cogit.geoxygene.appli.render.MultithreadedRenderingManager) - Rendering process requested but no renderer has been set
 WARN 2021-06-28 10:30:46,932 (fr.ign.cogit.geoxygene.appli.render.MultithreadedRenderingManager) - Rendering process requested but no renderer has been set
 WARN 2021-06-28 10:30:47,099 (fr.ign.cogit.geoxygene.appli.render.MultithreadedRenderingManager) - Rendering process requested but no renderer has been set
 INFO 2021-06-29 17:42:07,826 (fr.ign.cogit.geoxygene.appli.GeOxygeneApplication) - Using 12 logical processors
 WARN 2021-06-29 17:42:08,523 (fr.ign.cogit.geoxygene.appli.GeOxygeneApplication) - Cannot restore Look and Feel ''. Use default one
 INFO 2021-06-29 17:42:09,352 (fr.ign.cogit.geoxygene.appli.gl.ResourcesManager) - Added the resource CURRENT_ROOT_URI to the ResourceManager RootManager. This manager now register 1 resources.
 INFO 2021-06-29 17:44:22,836 (fr.ign.cogit.geoxygene.appli.GeOxygeneApplication) - Using 12 logical processors
 WARN 2021-06-29 17:44:23,504 (fr.ign.cogit.geoxygene.appli.GeOxygeneApplication) - Cannot restore Look and Feel ''. Use default one
 INFO 2021-06-29 17:44:24,137 (fr.ign.cogit.geoxygene.appli.gl.ResourcesManager) - Added the resource CURRENT_ROOT_URI to the ResourceManager RootManager. This manager now register 1 resources.
 INFO 2021-06-29 17:45:12,632 (fr.ign.cogit.geoxygene.appli.GeOxygeneApplication) - Using 12 logical processors
 WARN 2021-06-29 17:45:13,304 (fr.ign.cogit.geoxygene.appli.GeOxygeneApplication) - Cannot restore Look and Feel ''. Use default one
 INFO 2021-06-29 17:45:13,951 (fr.ign.cogit.geoxygene.appli.gl.ResourcesManager) - Added the resource CURRENT_ROOT_URI to the ResourceManager RootManager. This manager now register 1 resources.
 WARN 2021-06-29 17:45:22,848 (fr.ign.cogit.geoxygene.appli.render.MultithreadedRenderingManager) - Rendering process requested but no renderer has been set
 WARN 2021-06-29 17:45:22,849 (fr.ign.cogit.geoxygene.appli.render.MultithreadedRenderingManager) - Rendering process requested but no renderer has been set
 WARN 2021-06-29 17:45:22,849 (fr.ign.cogit.geoxygene.appli.render.MultithreadedRenderingManager) - Rendering process requested but no renderer has been set
 WARN 2021-06-29 17:45:22,849 (fr.ign.cogit.geoxygene.appli.render.MultithreadedRenderingManager) - Rendering process requested but no renderer has been set
 WARN 2021-06-29 17:45:22,981 (fr.ign.cogit.geoxygene.appli.render.MultithreadedRenderingManager) - Rendering process requested but no renderer has been set
 WARN 2021-06-29 17:45:22,982 (fr.ign.cogit.geoxygene.appli.render.MultithreadedRenderingManager) - Rendering process requested but no renderer has been set
 WARN 2021-06-29 17:45:22,982 (fr.ign.cogit.geoxygene.appli.render.MultithreadedRenderingManager) - Rendering process requested but no renderer has been set
 WARN 2021-06-29 17:45:23,145 (fr.ign.cogit.geoxygene.appli.render.MultithreadedRenderingManager) - Rendering process requested but no renderer has been set
 WARN 2021-06-29 17:45:23,145 (fr.ign.cogit.geoxygene.appli.render.MultithreadedRenderingManager) - Rendering process requested but no renderer has been set
 WARN 2021-06-29 17:45:23,285 (fr.ign.cogit.geoxygene.appli.render.MultithreadedRenderingManager) - Rendering process requested but no renderer has been set
 INFO 2021-06-29 17:48:56,729 (fr.ign.cogit.geoxygene.appli.GeOxygeneApplication) - Using 12 logical processors
 WARN 2021-06-29 17:48:57,402 (fr.ign.cogit.geoxygene.appli.GeOxygeneApplication) - Cannot restore Look and Feel ''. Use default one
 INFO 2021-06-29 17:48:58,032 (fr.ign.cogit.geoxygene.appli.gl.ResourcesManager) - Added the resource CURRENT_ROOT_URI to the ResourceManager RootManager. This manager now register 1 resources.
 WARN 2021-06-29 17:49:06,468 (fr.ign.cogit.geoxygene.appli.render.MultithreadedRenderingManager) - Rendering process requested but no renderer has been set
 WARN 2021-06-29 17:49:06,470 (fr.ign.cogit.geoxygene.appli.render.MultithreadedRenderingManager) - Rendering process requested but no renderer has been set
 WARN 2021-06-29 17:49:06,470 (fr.ign.cogit.geoxygene.appli.render.MultithreadedRenderingManager) - Rendering process requested but no renderer has been set
 WARN 2021-06-29 17:49:06,470 (fr.ign.cogit.geoxygene.appli.render.MultithreadedRenderingManager) - Rendering process requested but no renderer has been set
 WARN 2021-06-29 17:49:06,609 (fr.ign.cogit.geoxygene.appli.render.MultithreadedRenderingManager) - Rendering process requested but no renderer has been set
 WARN 2021-06-29 17:49:06,609 (fr.ign.cogit.geoxygene.appli.render.MultithreadedRenderingManager) - Rendering process requested but no renderer has been set
 WARN 2021-06-29 17:49:06,609 (fr.ign.cogit.geoxygene.appli.render.MultithreadedRenderingManager) - Rendering process requested but no renderer has been set
 WARN 2021-06-29 17:49:06,765 (fr.ign.cogit.geoxygene.appli.render.MultithreadedRenderingManager) - Rendering process requested but no renderer has been set
 WARN 2021-06-29 17:49:06,765 (fr.ign.cogit.geoxygene.appli.render.MultithreadedRenderingManager) - Rendering process requested but no renderer has been set
 WARN 2021-06-29 17:49:06,906 (fr.ign.cogit.geoxygene.appli.render.MultithreadedRenderingManager) - Rendering process requested but no renderer has been set
 INFO 2021-06-29 17:54:22,508 (fr.ign.cogit.geoxygene.appli.GeOxygeneApplication) - Using 12 logical processors
 WARN 2021-06-29 17:54:23,220 (fr.ign.cogit.geoxygene.appli.GeOxygeneApplication) - Cannot restore Look and Feel ''. Use default one
 INFO 2021-06-29 17:54:23,860 (fr.ign.cogit.geoxygene.appli.gl.ResourcesManager) - Added the resource CURRENT_ROOT_URI to the ResourceManager RootManager. This manager now register 1 resources.
 WARN 2021-06-29 17:54:32,883 (fr.ign.cogit.geoxygene.appli.render.MultithreadedRenderingManager) - Rendering process requested but no renderer has been set
 WARN 2021-06-29 17:54:32,884 (fr.ign.cogit.geoxygene.appli.render.MultithreadedRenderingManager) - Rendering process requested but no renderer has been set
 WARN 2021-06-29 17:54:32,884 (fr.ign.cogit.geoxygene.appli.render.MultithreadedRenderingManager) - Rendering process requested but no renderer has been set
 WARN 2021-06-29 17:54:32,884 (fr.ign.cogit.geoxygene.appli.render.MultithreadedRenderingManager) - Rendering process requested but no renderer has been set
 WARN 2021-06-29 17:54:33,015 (fr.ign.cogit.geoxygene.appli.render.MultithreadedRenderingManager) - Rendering process requested but no renderer has been set
 WARN 2021-06-29 17:54:33,015 (fr.ign.cogit.geoxygene.appli.render.MultithreadedRenderingManager) - Rendering process requested but no renderer has been set
 WARN 2021-06-29 17:54:33,016 (fr.ign.cogit.geoxygene.appli.render.MultithreadedRenderingManager) - Rendering process requested but no renderer has been set
 WARN 2021-06-29 17:54:33,177 (fr.ign.cogit.geoxygene.appli.render.MultithreadedRenderingManager) - Rendering process requested but no renderer has been set
 WARN 2021-06-29 17:54:33,177 (fr.ign.cogit.geoxygene.appli.render.MultithreadedRenderingManager) - Rendering process requested but no renderer has been set
 WARN 2021-06-29 17:54:33,324 (fr.ign.cogit.geoxygene.appli.render.MultithreadedRenderingManager) - Rendering process requested but no renderer has been set
 INFO 2021-06-29 18:18:14,180 (fr.ign.cogit.geoxygene.appli.GeOxygeneApplication) - Using 12 logical processors
 WARN 2021-06-29 18:18:14,853 (fr.ign.cogit.geoxygene.appli.GeOxygeneApplication) - Cannot restore Look and Feel ''. Use default one
 INFO 2021-06-29 18:18:15,461 (fr.ign.cogit.geoxygene.appli.gl.ResourcesManager) - Added the resource CURRENT_ROOT_URI to the ResourceManager RootManager. This manager now register 1 resources.
 WARN 2021-06-29 18:18:28,409 (fr.ign.cogit.geoxygene.appli.render.MultithreadedRenderingManager) - Rendering process requested but no renderer has been set
 WARN 2021-06-29 18:18:28,410 (fr.ign.cogit.geoxygene.appli.render.MultithreadedRenderingManager) - Rendering process requested but no renderer has been set
 WARN 2021-06-29 18:18:28,410 (fr.ign.cogit.geoxygene.appli.render.MultithreadedRenderingManager) - Rendering process requested but no renderer has been set
 WARN 2021-06-29 18:18:28,410 (fr.ign.cogit.geoxygene.appli.render.MultithreadedRenderingManager) - Rendering process requested but no renderer has been set
 WARN 2021-06-29 18:18:28,539 (fr.ign.cogit.geoxygene.appli.render.MultithreadedRenderingManager) - Rendering process requested but no renderer has been set
 WARN 2021-06-29 18:18:28,540 (fr.ign.cogit.geoxygene.appli.render.MultithreadedRenderingManager) - Rendering process requested but no renderer has been set
 WARN 2021-06-29 18:18:28,540 (fr.ign.cogit.geoxygene.appli.render.MultithreadedRenderingManager) - Rendering process requested but no renderer has been set
 WARN 2021-06-29 18:18:28,696 (fr.ign.cogit.geoxygene.appli.render.MultithreadedRenderingManager) - Rendering process requested but no renderer has been set
 WARN 2021-06-29 18:18:28,696 (fr.ign.cogit.geoxygene.appli.render.MultithreadedRenderingManager) - Rendering process requested but no renderer has been set
 WARN 2021-06-29 18:18:28,845 (fr.ign.cogit.geoxygene.appli.render.MultithreadedRenderingManager) - Rendering process requested but no renderer has been set
 INFO 2021-06-30 08:29:30,637 (fr.ign.cogit.geoxygene.appli.GeOxygeneApplication) - Using 12 logical processors
 WARN 2021-06-30 08:29:31,317 (fr.ign.cogit.geoxygene.appli.GeOxygeneApplication) - Cannot restore Look and Feel ''. Use default one
 INFO 2021-06-30 08:29:32,198 (fr.ign.cogit.geoxygene.appli.gl.ResourcesManager) - Added the resource CURRENT_ROOT_URI to the ResourceManager RootManager. This manager now register 1 resources.
 WARN 2021-06-30 08:48:08,492 (fr.ign.cogit.geoxygene.appli.render.MultithreadedRenderingManager) - Rendering process requested but no renderer has been set
 WARN 2021-06-30 08:48:08,494 (fr.ign.cogit.geoxygene.appli.render.MultithreadedRenderingManager) - Rendering process requested but no renderer has been set
 WARN 2021-06-30 08:48:08,494 (fr.ign.cogit.geoxygene.appli.render.MultithreadedRenderingManager) - Rendering process requested but no renderer has been set
 WARN 2021-06-30 08:48:08,494 (fr.ign.cogit.geoxygene.appli.render.MultithreadedRenderingManager) - Rendering process requested but no renderer has been set
 WARN 2021-06-30 08:48:08,627 (fr.ign.cogit.geoxygene.appli.render.MultithreadedRenderingManager) - Rendering process requested but no renderer has been set
 WARN 2021-06-30 08:48:08,627 (fr.ign.cogit.geoxygene.appli.render.MultithreadedRenderingManager) - Rendering process requested but no renderer has been set
 WARN 2021-06-30 08:48:08,627 (fr.ign.cogit.geoxygene.appli.render.MultithreadedRenderingManager) - Rendering process requested but no renderer has been set
 WARN 2021-06-30 08:48:08,789 (fr.ign.cogit.geoxygene.appli.render.MultithreadedRenderingManager) - Rendering process requested but no renderer has been set
 WARN 2021-06-30 08:48:08,789 (fr.ign.cogit.geoxygene.appli.render.MultithreadedRenderingManager) - Rendering process requested but no renderer has been set
 WARN 2021-06-30 08:48:08,965 (fr.ign.cogit.geoxygene.appli.render.MultithreadedRenderingManager) - Rendering process requested but no renderer has been set
 INFO 2021-06-30 08:51:21,699 (fr.ign.cogit.geoxygene.appli.GeOxygeneApplication) - Using 12 logical processors
 WARN 2021-06-30 08:51:22,355 (fr.ign.cogit.geoxygene.appli.GeOxygeneApplication) - Cannot restore Look and Feel ''. Use default one
 INFO 2021-06-30 08:51:22,968 (fr.ign.cogit.geoxygene.appli.gl.ResourcesManager) - Added the resource CURRENT_ROOT_URI to the ResourceManager RootManager. This manager now register 1 resources.
 WARN 2021-06-30 08:51:42,253 (fr.ign.cogit.geoxygene.appli.render.MultithreadedRenderingManager) - Rendering process requested but no renderer has been set
 WARN 2021-06-30 08:51:42,254 (fr.ign.cogit.geoxygene.appli.render.MultithreadedRenderingManager) - Rendering process requested but no renderer has been set
 WARN 2021-06-30 08:51:42,254 (fr.ign.cogit.geoxygene.appli.render.MultithreadedRenderingManager) - Rendering process requested but no renderer has been set
 WARN 2021-06-30 08:51:42,254 (fr.ign.cogit.geoxygene.appli.render.MultithreadedRenderingManager) - Rendering process requested but no renderer has been set
 WARN 2021-06-30 08:51:42,384 (fr.ign.cogit.geoxygene.appli.render.MultithreadedRenderingManager) - Rendering process requested but no renderer has been set
 WARN 2021-06-30 08:51:42,384 (fr.ign.cogit.geoxygene.appli.render.MultithreadedRenderingManager) - Rendering process requested but no renderer has been set
 WARN 2021-06-30 08:51:42,384 (fr.ign.cogit.geoxygene.appli.render.MultithreadedRenderingManager) - Rendering process requested but no renderer has been set
 WARN 2021-06-30 08:51:42,536 (fr.ign.cogit.geoxygene.appli.render.MultithreadedRenderingManager) - Rendering process requested but no renderer has been set
 WARN 2021-06-30 08:51:42,536 (fr.ign.cogit.geoxygene.appli.render.MultithreadedRenderingManager) - Rendering process requested but no renderer has been set
 WARN 2021-06-30 08:51:42,669 (fr.ign.cogit.geoxygene.appli.render.MultithreadedRenderingManager) - Rendering process requested but no renderer has been set
 INFO 2021-06-30 09:06:43,596 (fr.ign.cogit.geoxygene.appli.GeOxygeneApplication) - Using 12 logical processors
 WARN 2021-06-30 09:06:44,287 (fr.ign.cogit.geoxygene.appli.GeOxygeneApplication) - Cannot restore Look and Feel ''. Use default one
 INFO 2021-06-30 09:06:44,927 (fr.ign.cogit.geoxygene.appli.gl.ResourcesManager) - Added the resource CURRENT_ROOT_URI to the ResourceManager RootManager. This manager now register 1 resources.
 WARN 2021-06-30 09:06:55,036 (fr.ign.cogit.geoxygene.appli.render.MultithreadedRenderingManager) - Rendering process requested but no renderer has been set
 WARN 2021-06-30 09:06:55,037 (fr.ign.cogit.geoxygene.appli.render.MultithreadedRenderingManager) - Rendering process requested but no renderer has been set
 WARN 2021-06-30 09:06:55,037 (fr.ign.cogit.geoxygene.appli.render.MultithreadedRenderingManager) - Rendering process requested but no renderer has been set
 WARN 2021-06-30 09:06:55,037 (fr.ign.cogit.geoxygene.appli.render.MultithreadedRenderingManager) - Rendering process requested but no renderer has been set
 WARN 2021-06-30 09:06:55,166 (fr.ign.cogit.geoxygene.appli.render.MultithreadedRenderingManager) - Rendering process requested but no renderer has been set
 WARN 2021-06-30 09:06:55,166 (fr.ign.cogit.geoxygene.appli.render.MultithreadedRenderingManager) - Rendering process requested but no renderer has been set
 WARN 2021-06-30 09:06:55,166 (fr.ign.cogit.geoxygene.appli.render.MultithreadedRenderingManager) - Rendering process requested but no renderer has been set
 WARN 2021-06-30 09:06:55,318 (fr.ign.cogit.geoxygene.appli.render.MultithreadedRenderingManager) - Rendering process requested but no renderer has been set
 WARN 2021-06-30 09:06:55,318 (fr.ign.cogit.geoxygene.appli.render.MultithreadedRenderingManager) - Rendering process requested but no renderer has been set
 WARN 2021-06-30 09:06:55,468 (fr.ign.cogit.geoxygene.appli.render.MultithreadedRenderingManager) - Rendering process requested but no renderer has been set
 INFO 2021-06-30 11:30:47,859 (fr.ign.cogit.geoxygene.appli.GeOxygeneApplication) - Using 12 logical processors
 WARN 2021-06-30 11:30:48,524 (fr.ign.cogit.geoxygene.appli.GeOxygeneApplication) - Cannot restore Look and Feel ''. Use default one
 INFO 2021-06-30 11:30:49,157 (fr.ign.cogit.geoxygene.appli.gl.ResourcesManager) - Added the resource CURRENT_ROOT_URI to the ResourceManager RootManager. This manager now register 1 resources.
 WARN 2021-06-30 11:30:58,262 (fr.ign.cogit.geoxygene.appli.render.MultithreadedRenderingManager) - Rendering process requested but no renderer has been set
 WARN 2021-06-30 11:30:58,264 (fr.ign.cogit.geoxygene.appli.render.MultithreadedRenderingManager) - Rendering process requested but no renderer has been set
 WARN 2021-06-30 11:30:58,264 (fr.ign.cogit.geoxygene.appli.render.MultithreadedRenderingManager) - Rendering process requested but no renderer has been set
 WARN 2021-06-30 11:30:58,264 (fr.ign.cogit.geoxygene.appli.render.MultithreadedRenderingManager) - Rendering process requested but no renderer has been set
 WARN 2021-06-30 11:30:58,384 (fr.ign.cogit.geoxygene.appli.render.MultithreadedRenderingManager) - Rendering process requested but no renderer has been set
 WARN 2021-06-30 11:30:58,384 (fr.ign.cogit.geoxygene.appli.render.MultithreadedRenderingManager) - Rendering process requested but no renderer has been set
 WARN 2021-06-30 11:30:58,384 (fr.ign.cogit.geoxygene.appli.render.MultithreadedRenderingManager) - Rendering process requested but no renderer has been set
 WARN 2021-06-30 11:30:58,545 (fr.ign.cogit.geoxygene.appli.render.MultithreadedRenderingManager) - Rendering process requested but no renderer has been set
 WARN 2021-06-30 11:30:58,545 (fr.ign.cogit.geoxygene.appli.render.MultithreadedRenderingManager) - Rendering process requested but no renderer has been set
 WARN 2021-06-30 11:30:58,680 (fr.ign.cogit.geoxygene.appli.render.MultithreadedRenderingManager) - Rendering process requested but no renderer has been set
 INFO 2021-07-01 13:51:26,991 (fr.ign.cogit.geoxygene.appli.GeOxygeneApplication) - Using 12 logical processors
 WARN 2021-07-01 13:51:27,679 (fr.ign.cogit.geoxygene.appli.GeOxygeneApplication) - Cannot restore Look and Feel ''. Use default one
 INFO 2021-07-01 13:51:28,589 (fr.ign.cogit.geoxygene.appli.gl.ResourcesManager) - Added the resource CURRENT_ROOT_URI to the ResourceManager RootManager. This manager now register 1 resources.
 WARN 2021-07-01 13:52:17,918 (fr.ign.cogit.geoxygene.appli.render.MultithreadedRenderingManager) - Rendering process requested but no renderer has been set
 WARN 2021-07-01 13:52:17,920 (fr.ign.cogit.geoxygene.appli.render.MultithreadedRenderingManager) - Rendering process requested but no renderer has been set
 WARN 2021-07-01 13:52:17,920 (fr.ign.cogit.geoxygene.appli.render.MultithreadedRenderingManager) - Rendering process requested but no renderer has been set
 WARN 2021-07-01 13:52:17,920 (fr.ign.cogit.geoxygene.appli.render.MultithreadedRenderingManager) - Rendering process requested but no renderer has been set
 WARN 2021-07-01 13:52:18,048 (fr.ign.cogit.geoxygene.appli.render.MultithreadedRenderingManager) - Rendering process requested but no renderer has been set
 WARN 2021-07-01 13:52:18,048 (fr.ign.cogit.geoxygene.appli.render.MultithreadedRenderingManager) - Rendering process requested but no renderer has been set
 WARN 2021-07-01 13:52:18,048 (fr.ign.cogit.geoxygene.appli.render.MultithreadedRenderingManager) - Rendering process requested but no renderer has been set
 WARN 2021-07-01 13:52:18,213 (fr.ign.cogit.geoxygene.appli.render.MultithreadedRenderingManager) - Rendering process requested but no renderer has been set
 WARN 2021-07-01 13:52:18,213 (fr.ign.cogit.geoxygene.appli.render.MultithreadedRenderingManager) - Rendering process requested but no renderer has been set
 WARN 2021-07-01 13:52:18,399 (fr.ign.cogit.geoxygene.appli.render.MultithreadedRenderingManager) - Rendering process requested but no renderer has been set
 INFO 2021-07-01 14:49:50,666 (fr.ign.cogit.geoxygene.appli.GeOxygeneApplication) - Using 12 logical processors
 WARN 2021-07-01 14:49:51,352 (fr.ign.cogit.geoxygene.appli.GeOxygeneApplication) - Cannot restore Look and Feel ''. Use default one
 INFO 2021-07-01 14:49:51,995 (fr.ign.cogit.geoxygene.appli.gl.ResourcesManager) - Added the resource CURRENT_ROOT_URI to the ResourceManager RootManager. This manager now register 1 resources.
 WARN 2021-07-01 14:51:12,921 (fr.ign.cogit.geoxygene.appli.render.MultithreadedRenderingManager) - Rendering process requested but no renderer has been set
 WARN 2021-07-01 14:51:12,923 (fr.ign.cogit.geoxygene.appli.render.MultithreadedRenderingManager) - Rendering process requested but no renderer has been set
 WARN 2021-07-01 14:51:12,923 (fr.ign.cogit.geoxygene.appli.render.MultithreadedRenderingManager) - Rendering process requested but no renderer has been set
 WARN 2021-07-01 14:51:12,923 (fr.ign.cogit.geoxygene.appli.render.MultithreadedRenderingManager) - Rendering process requested but no renderer has been set
 WARN 2021-07-01 14:51:13,051 (fr.ign.cogit.geoxygene.appli.render.MultithreadedRenderingManager) - Rendering process requested but no renderer has been set
 WARN 2021-07-01 14:51:13,051 (fr.ign.cogit.geoxygene.appli.render.MultithreadedRenderingManager) - Rendering process requested but no renderer has been set
 WARN 2021-07-01 14:51:13,051 (fr.ign.cogit.geoxygene.appli.render.MultithreadedRenderingManager) - Rendering process requested but no renderer has been set
 WARN 2021-07-01 14:51:13,209 (fr.ign.cogit.geoxygene.appli.render.MultithreadedRenderingManager) - Rendering process requested but no renderer has been set
 WARN 2021-07-01 14:51:13,209 (fr.ign.cogit.geoxygene.appli.render.MultithreadedRenderingManager) - Rendering process requested but no renderer has been set
 WARN 2021-07-01 14:51:13,359 (fr.ign.cogit.geoxygene.appli.render.MultithreadedRenderingManager) - Rendering process requested but no renderer has been set
 INFO 2021-07-02 10:35:48,268 (fr.ign.cogit.geoxygene.appli.GeOxygeneApplication) - Using 12 logical processors
 WARN 2021-07-02 10:35:48,942 (fr.ign.cogit.geoxygene.appli.GeOxygeneApplication) - Cannot restore Look and Feel ''. Use default one
 INFO 2021-07-02 10:35:49,688 (fr.ign.cogit.geoxygene.appli.gl.ResourcesManager) - Added the resource CURRENT_ROOT_URI to the ResourceManager RootManager. This manager now register 1 resources.
 WARN 2021-07-02 10:36:02,167 (fr.ign.cogit.geoxygene.appli.render.MultithreadedRenderingManager) - Rendering process requested but no renderer has been set
 WARN 2021-07-02 10:36:02,169 (fr.ign.cogit.geoxygene.appli.render.MultithreadedRenderingManager) - Rendering process requested but no renderer has been set
 WARN 2021-07-02 10:36:02,169 (fr.ign.cogit.geoxygene.appli.render.MultithreadedRenderingManager) - Rendering process requested but no renderer has been set
 WARN 2021-07-02 10:36:02,169 (fr.ign.cogit.geoxygene.appli.render.MultithreadedRenderingManager) - Rendering process requested but no renderer has been set
 WARN 2021-07-02 10:36:02,304 (fr.ign.cogit.geoxygene.appli.render.MultithreadedRenderingManager) - Rendering process requested but no renderer has been set
 WARN 2021-07-02 10:36:02,304 (fr.ign.cogit.geoxygene.appli.render.MultithreadedRenderingManager) - Rendering process requested but no renderer has been set
 WARN 2021-07-02 10:36:02,304 (fr.ign.cogit.geoxygene.appli.render.MultithreadedRenderingManager) - Rendering process requested but no renderer has been set
 WARN 2021-07-02 10:36:02,460 (fr.ign.cogit.geoxygene.appli.render.MultithreadedRenderingManager) - Rendering process requested but no renderer has been set
 WARN 2021-07-02 10:36:02,460 (fr.ign.cogit.geoxygene.appli.render.MultithreadedRenderingManager) - Rendering process requested but no renderer has been set
 WARN 2021-07-02 10:36:02,596 (fr.ign.cogit.geoxygene.appli.render.MultithreadedRenderingManager) - Rendering process requested but no renderer has been set
 INFO 2021-07-02 10:40:07,727 (fr.ign.cogit.geoxygene.appli.GeOxygeneApplication) - Using 12 logical processors
 WARN 2021-07-02 10:40:08,387 (fr.ign.cogit.geoxygene.appli.GeOxygeneApplication) - Cannot restore Look and Feel ''. Use default one
 INFO 2021-07-02 10:40:09,009 (fr.ign.cogit.geoxygene.appli.gl.ResourcesManager) - Added the resource CURRENT_ROOT_URI to the ResourceManager RootManager. This manager now register 1 resources.
 WARN 2021-07-02 10:40:21,094 (fr.ign.cogit.geoxygene.appli.render.MultithreadedRenderingManager) - Rendering process requested but no renderer has been set
 WARN 2021-07-02 10:40:21,095 (fr.ign.cogit.geoxygene.appli.render.MultithreadedRenderingManager) - Rendering process requested but no renderer has been set
 WARN 2021-07-02 10:40:21,095 (fr.ign.cogit.geoxygene.appli.render.MultithreadedRenderingManager) - Rendering process requested but no renderer has been set
 WARN 2021-07-02 10:40:21,095 (fr.ign.cogit.geoxygene.appli.render.MultithreadedRenderingManager) - Rendering process requested but no renderer has been set
 WARN 2021-07-02 10:40:21,231 (fr.ign.cogit.geoxygene.appli.render.MultithreadedRenderingManager) - Rendering process requested but no renderer has been set
 WARN 2021-07-02 10:40:21,231 (fr.ign.cogit.geoxygene.appli.render.MultithreadedRenderingManager) - Rendering process requested but no renderer has been set
 WARN 2021-07-02 10:40:21,231 (fr.ign.cogit.geoxygene.appli.render.MultithreadedRenderingManager) - Rendering process requested but no renderer has been set
 WARN 2021-07-02 10:40:21,386 (fr.ign.cogit.geoxygene.appli.render.MultithreadedRenderingManager) - Rendering process requested but no renderer has been set
 WARN 2021-07-02 10:40:21,386 (fr.ign.cogit.geoxygene.appli.render.MultithreadedRenderingManager) - Rendering process requested but no renderer has been set
 WARN 2021-07-02 10:40:21,523 (fr.ign.cogit.geoxygene.appli.render.MultithreadedRenderingManager) - Rendering process requested but no renderer has been set
 INFO 2021-07-02 10:41:37,906 (fr.ign.cogit.geoxygene.appli.GeOxygeneApplication) - Using 12 logical processors
 WARN 2021-07-02 10:41:38,601 (fr.ign.cogit.geoxygene.appli.GeOxygeneApplication) - Cannot restore Look and Feel ''. Use default one
 INFO 2021-07-02 10:41:39,227 (fr.ign.cogit.geoxygene.appli.gl.ResourcesManager) - Added the resource CURRENT_ROOT_URI to the ResourceManager RootManager. This manager now register 1 resources.
 WARN 2021-07-02 10:41:50,441 (fr.ign.cogit.geoxygene.appli.render.MultithreadedRenderingManager) - Rendering process requested but no renderer has been set
 WARN 2021-07-02 10:41:50,443 (fr.ign.cogit.geoxygene.appli.render.MultithreadedRenderingManager) - Rendering process requested but no renderer has been set
 WARN 2021-07-02 10:41:50,443 (fr.ign.cogit.geoxygene.appli.render.MultithreadedRenderingManager) - Rendering process requested but no renderer has been set
 WARN 2021-07-02 10:41:50,443 (fr.ign.cogit.geoxygene.appli.render.MultithreadedRenderingManager) - Rendering process requested but no renderer has been set
 WARN 2021-07-02 10:41:50,571 (fr.ign.cogit.geoxygene.appli.render.MultithreadedRenderingManager) - Rendering process requested but no renderer has been set
 WARN 2021-07-02 10:41:50,571 (fr.ign.cogit.geoxygene.appli.render.MultithreadedRenderingManager) - Rendering process requested but no renderer has been set
 WARN 2021-07-02 10:41:50,571 (fr.ign.cogit.geoxygene.appli.render.MultithreadedRenderingManager) - Rendering process requested but no renderer has been set
 WARN 2021-07-02 10:41:50,729 (fr.ign.cogit.geoxygene.appli.render.MultithreadedRenderingManager) - Rendering process requested but no renderer has been set
 WARN 2021-07-02 10:41:50,729 (fr.ign.cogit.geoxygene.appli.render.MultithreadedRenderingManager) - Rendering process requested but no renderer has been set
 WARN 2021-07-02 10:41:50,867 (fr.ign.cogit.geoxygene.appli.render.MultithreadedRenderingManager) - Rendering process requested but no renderer has been set
 INFO 2021-07-02 10:48:19,282 (fr.ign.cogit.geoxygene.appli.GeOxygeneApplication) - Using 12 logical processors
 WARN 2021-07-02 10:48:19,949 (fr.ign.cogit.geoxygene.appli.GeOxygeneApplication) - Cannot restore Look and Feel ''. Use default one
 INFO 2021-07-02 10:48:20,590 (fr.ign.cogit.geoxygene.appli.gl.ResourcesManager) - Added the resource CURRENT_ROOT_URI to the ResourceManager RootManager. This manager now register 1 resources.
 WARN 2021-07-02 10:48:31,483 (fr.ign.cogit.geoxygene.appli.render.MultithreadedRenderingManager) - Rendering process requested but no renderer has been set
 WARN 2021-07-02 10:48:31,485 (fr.ign.cogit.geoxygene.appli.render.MultithreadedRenderingManager) - Rendering process requested but no renderer has been set
 WARN 2021-07-02 10:48:31,485 (fr.ign.cogit.geoxygene.appli.render.MultithreadedRenderingManager) - Rendering process requested but no renderer has been set
 WARN 2021-07-02 10:48:31,485 (fr.ign.cogit.geoxygene.appli.render.MultithreadedRenderingManager) - Rendering process requested but no renderer has been set
 WARN 2021-07-02 10:48:31,615 (fr.ign.cogit.geoxygene.appli.render.MultithreadedRenderingManager) - Rendering process requested but no renderer has been set
 WARN 2021-07-02 10:48:31,615 (fr.ign.cogit.geoxygene.appli.render.MultithreadedRenderingManager) - Rendering process requested but no renderer has been set
 WARN 2021-07-02 10:48:31,615 (fr.ign.cogit.geoxygene.appli.render.MultithreadedRenderingManager) - Rendering process requested but no renderer has been set
 WARN 2021-07-02 10:48:31,776 (fr.ign.cogit.geoxygene.appli.render.MultithreadedRenderingManager) - Rendering process requested but no renderer has been set
 WARN 2021-07-02 10:48:31,776 (fr.ign.cogit.geoxygene.appli.render.MultithreadedRenderingManager) - Rendering process requested but no renderer has been set
 WARN 2021-07-02 10:48:31,916 (fr.ign.cogit.geoxygene.appli.render.MultithreadedRenderingManager) - Rendering process requested but no renderer has been set
 INFO 2021-07-02 10:49:57,420 (fr.ign.cogit.geoxygene.appli.GeOxygeneApplication) - Using 12 logical processors
 WARN 2021-07-02 10:49:58,100 (fr.ign.cogit.geoxygene.appli.GeOxygeneApplication) - Cannot restore Look and Feel ''. Use default one
 INFO 2021-07-02 10:49:58,714 (fr.ign.cogit.geoxygene.appli.gl.ResourcesManager) - Added the resource CURRENT_ROOT_URI to the ResourceManager RootManager. This manager now register 1 resources.
 WARN 2021-07-02 10:50:12,018 (fr.ign.cogit.geoxygene.appli.render.MultithreadedRenderingManager) - Rendering process requested but no renderer has been set
 WARN 2021-07-02 10:50:12,020 (fr.ign.cogit.geoxygene.appli.render.MultithreadedRenderingManager) - Rendering process requested but no renderer has been set
 WARN 2021-07-02 10:50:12,020 (fr.ign.cogit.geoxygene.appli.render.MultithreadedRenderingManager) - Rendering process requested but no renderer has been set
 WARN 2021-07-02 10:50:12,020 (fr.ign.cogit.geoxygene.appli.render.MultithreadedRenderingManager) - Rendering process requested but no renderer has been set
 WARN 2021-07-02 10:50:12,159 (fr.ign.cogit.geoxygene.appli.render.MultithreadedRenderingManager) - Rendering process requested but no renderer has been set
 WARN 2021-07-02 10:50:12,159 (fr.ign.cogit.geoxygene.appli.render.MultithreadedRenderingManager) - Rendering process requested but no renderer has been set
 WARN 2021-07-02 10:50:12,159 (fr.ign.cogit.geoxygene.appli.render.MultithreadedRenderingManager) - Rendering process requested but no renderer has been set
 WARN 2021-07-02 10:50:12,313 (fr.ign.cogit.geoxygene.appli.render.MultithreadedRenderingManager) - Rendering process requested but no renderer has been set
 WARN 2021-07-02 10:50:12,313 (fr.ign.cogit.geoxygene.appli.render.MultithreadedRenderingManager) - Rendering process requested but no renderer has been set
 WARN 2021-07-02 10:50:12,448 (fr.ign.cogit.geoxygene.appli.render.MultithreadedRenderingManager) - Rendering process requested but no renderer has been set
 INFO 2021-07-02 10:55:56,688 (fr.ign.cogit.geoxygene.appli.GeOxygeneApplication) - Using 12 logical processors
 WARN 2021-07-02 10:55:57,351 (fr.ign.cogit.geoxygene.appli.GeOxygeneApplication) - Cannot restore Look and Feel ''. Use default one
 INFO 2021-07-02 10:55:57,967 (fr.ign.cogit.geoxygene.appli.gl.ResourcesManager) - Added the resource CURRENT_ROOT_URI to the ResourceManager RootManager. This manager now register 1 resources.
 INFO 2021-07-02 10:57:01,935 (fr.ign.cogit.geoxygene.appli.GeOxygeneApplication) - Using 12 logical processors
 WARN 2021-07-02 10:57:02,601 (fr.ign.cogit.geoxygene.appli.GeOxygeneApplication) - Cannot restore Look and Feel ''. Use default one
 INFO 2021-07-02 10:57:03,213 (fr.ign.cogit.geoxygene.appli.gl.ResourcesManager) - Added the resource CURRENT_ROOT_URI to the ResourceManager RootManager. This manager now register 1 resources.
 WARN 2021-07-02 10:57:22,638 (fr.ign.cogit.geoxygene.appli.render.MultithreadedRenderingManager) - Rendering process requested but no renderer has been set
 WARN 2021-07-02 10:57:22,640 (fr.ign.cogit.geoxygene.appli.render.MultithreadedRenderingManager) - Rendering process requested but no renderer has been set
 WARN 2021-07-02 10:57:22,640 (fr.ign.cogit.geoxygene.appli.render.MultithreadedRenderingManager) - Rendering process requested but no renderer has been set
 WARN 2021-07-02 10:57:22,640 (fr.ign.cogit.geoxygene.appli.render.MultithreadedRenderingManager) - Rendering process requested but no renderer has been set
 WARN 2021-07-02 10:57:22,770 (fr.ign.cogit.geoxygene.appli.render.MultithreadedRenderingManager) - Rendering process requested but no renderer has been set
 WARN 2021-07-02 10:57:22,770 (fr.ign.cogit.geoxygene.appli.render.MultithreadedRenderingManager) - Rendering process requested but no renderer has been set
 WARN 2021-07-02 10:57:22,770 (fr.ign.cogit.geoxygene.appli.render.MultithreadedRenderingManager) - Rendering process requested but no renderer has been set
 WARN 2021-07-02 10:57:22,932 (fr.ign.cogit.geoxygene.appli.render.MultithreadedRenderingManager) - Rendering process requested but no renderer has been set
 WARN 2021-07-02 10:57:22,932 (fr.ign.cogit.geoxygene.appli.render.MultithreadedRenderingManager) - Rendering process requested but no renderer has been set
 WARN 2021-07-02 10:57:23,076 (fr.ign.cogit.geoxygene.appli.render.MultithreadedRenderingManager) - Rendering process requested but no renderer has been set
 INFO 2021-07-02 12:58:03,404 (fr.ign.cogit.geoxygene.appli.GeOxygeneApplication) - Using 12 logical processors
 WARN 2021-07-02 12:58:04,068 (fr.ign.cogit.geoxygene.appli.GeOxygeneApplication) - Cannot restore Look and Feel ''. Use default one
 INFO 2021-07-02 12:58:04,819 (fr.ign.cogit.geoxygene.appli.gl.ResourcesManager) - Added the resource CURRENT_ROOT_URI to the ResourceManager RootManager. This manager now register 1 resources.
 WARN 2021-07-02 12:58:27,437 (fr.ign.cogit.geoxygene.appli.render.MultithreadedRenderingManager) - Rendering process requested but no renderer has been set
 WARN 2021-07-02 12:58:27,439 (fr.ign.cogit.geoxygene.appli.render.MultithreadedRenderingManager) - Rendering process requested but no renderer has been set
 WARN 2021-07-02 12:58:27,439 (fr.ign.cogit.geoxygene.appli.render.MultithreadedRenderingManager) - Rendering process requested but no renderer has been set
 WARN 2021-07-02 12:58:27,439 (fr.ign.cogit.geoxygene.appli.render.MultithreadedRenderingManager) - Rendering process requested but no renderer has been set
 WARN 2021-07-02 12:58:27,561 (fr.ign.cogit.geoxygene.appli.render.MultithreadedRenderingManager) - Rendering process requested but no renderer has been set
 WARN 2021-07-02 12:58:27,561 (fr.ign.cogit.geoxygene.appli.render.MultithreadedRenderingManager) - Rendering process requested but no renderer has been set
 WARN 2021-07-02 12:58:27,561 (fr.ign.cogit.geoxygene.appli.render.MultithreadedRenderingManager) - Rendering process requested but no renderer has been set
 WARN 2021-07-02 12:58:27,727 (fr.ign.cogit.geoxygene.appli.render.MultithreadedRenderingManager) - Rendering process requested but no renderer has been set
 WARN 2021-07-02 12:58:27,727 (fr.ign.cogit.geoxygene.appli.render.MultithreadedRenderingManager) - Rendering process requested but no renderer has been set
 WARN 2021-07-02 12:58:27,890 (fr.ign.cogit.geoxygene.appli.render.MultithreadedRenderingManager) - Rendering process requested but no renderer has been set
 INFO 2021-07-02 13:07:13,978 (fr.ign.cogit.geoxygene.appli.GeOxygeneApplication) - Using 12 logical processors
 WARN 2021-07-02 13:07:14,651 (fr.ign.cogit.geoxygene.appli.GeOxygeneApplication) - Cannot restore Look and Feel ''. Use default one
 INFO 2021-07-02 13:07:15,285 (fr.ign.cogit.geoxygene.appli.gl.ResourcesManager) - Added the resource CURRENT_ROOT_URI to the ResourceManager RootManager. This manager now register 1 resources.
 WARN 2021-07-02 13:07:26,636 (fr.ign.cogit.geoxygene.appli.render.MultithreadedRenderingManager) - Rendering process requested but no renderer has been set
 WARN 2021-07-02 13:07:26,638 (fr.ign.cogit.geoxygene.appli.render.MultithreadedRenderingManager) - Rendering process requested but no renderer has been set
 WARN 2021-07-02 13:07:26,638 (fr.ign.cogit.geoxygene.appli.render.MultithreadedRenderingManager) - Rendering process requested but no renderer has been set
 WARN 2021-07-02 13:07:26,638 (fr.ign.cogit.geoxygene.appli.render.MultithreadedRenderingManager) - Rendering process requested but no renderer has been set
 WARN 2021-07-02 13:07:26,784 (fr.ign.cogit.geoxygene.appli.render.MultithreadedRenderingManager) - Rendering process requested but no renderer has been set
 WARN 2021-07-02 13:07:26,785 (fr.ign.cogit.geoxygene.appli.render.MultithreadedRenderingManager) - Rendering process requested but no renderer has been set
 WARN 2021-07-02 13:07:26,785 (fr.ign.cogit.geoxygene.appli.render.MultithreadedRenderingManager) - Rendering process requested but no renderer has been set
 WARN 2021-07-02 13:07:26,956 (fr.ign.cogit.geoxygene.appli.render.MultithreadedRenderingManager) - Rendering process requested but no renderer has been set
 WARN 2021-07-02 13:07:26,956 (fr.ign.cogit.geoxygene.appli.render.MultithreadedRenderingManager) - Rendering process requested but no renderer has been set
 WARN 2021-07-02 13:07:27,120 (fr.ign.cogit.geoxygene.appli.render.MultithreadedRenderingManager) - Rendering process requested but no renderer has been set
 INFO 2021-07-02 13:17:25,431 (fr.ign.cogit.geoxygene.appli.GeOxygeneApplication) - Using 12 logical processors
 WARN 2021-07-02 13:17:26,145 (fr.ign.cogit.geoxygene.appli.GeOxygeneApplication) - Cannot restore Look and Feel ''. Use default one
 INFO 2021-07-02 13:17:26,785 (fr.ign.cogit.geoxygene.appli.gl.ResourcesManager) - Added the resource CURRENT_ROOT_URI to the ResourceManager RootManager. This manager now register 1 resources.
 WARN 2021-07-02 13:17:38,054 (fr.ign.cogit.geoxygene.appli.render.MultithreadedRenderingManager) - Rendering process requested but no renderer has been set
 WARN 2021-07-02 13:17:38,056 (fr.ign.cogit.geoxygene.appli.render.MultithreadedRenderingManager) - Rendering process requested but no renderer has been set
 WARN 2021-07-02 13:17:38,056 (fr.ign.cogit.geoxygene.appli.render.MultithreadedRenderingManager) - Rendering process requested but no renderer has been set
 WARN 2021-07-02 13:17:38,056 (fr.ign.cogit.geoxygene.appli.render.MultithreadedRenderingManager) - Rendering process requested but no renderer has been set
 WARN 2021-07-02 13:17:38,191 (fr.ign.cogit.geoxygene.appli.render.MultithreadedRenderingManager) - Rendering process requested but no renderer has been set
 WARN 2021-07-02 13:17:38,191 (fr.ign.cogit.geoxygene.appli.render.MultithreadedRenderingManager) - Rendering process requested but no renderer has been set
 WARN 2021-07-02 13:17:38,191 (fr.ign.cogit.geoxygene.appli.render.MultithreadedRenderingManager) - Rendering process requested but no renderer has been set
 WARN 2021-07-02 13:17:38,367 (fr.ign.cogit.geoxygene.appli.render.MultithreadedRenderingManager) - Rendering process requested but no renderer has been set
 WARN 2021-07-02 13:17:38,367 (fr.ign.cogit.geoxygene.appli.render.MultithreadedRenderingManager) - Rendering process requested but no renderer has been set
 WARN 2021-07-02 13:17:38,518 (fr.ign.cogit.geoxygene.appli.render.MultithreadedRenderingManager) - Rendering process requested but no renderer has been set
 INFO 2021-07-02 18:16:34,752 (fr.ign.cogit.geoxygene.appli.GeOxygeneApplication) - Using 12 logical processors
 WARN 2021-07-02 18:16:35,426 (fr.ign.cogit.geoxygene.appli.GeOxygeneApplication) - Cannot restore Look and Feel ''. Use default one
 INFO 2021-07-02 18:16:36,079 (fr.ign.cogit.geoxygene.appli.gl.ResourcesManager) - Added the resource CURRENT_ROOT_URI to the ResourceManager RootManager. This manager now register 1 resources.
 WARN 2021-07-02 18:18:00,874 (fr.ign.cogit.geoxygene.appli.render.MultithreadedRenderingManager) - Rendering process requested but no renderer has been set
 WARN 2021-07-02 18:18:00,875 (fr.ign.cogit.geoxygene.appli.render.MultithreadedRenderingManager) - Rendering process requested but no renderer has been set
 WARN 2021-07-02 18:18:00,876 (fr.ign.cogit.geoxygene.appli.render.MultithreadedRenderingManager) - Rendering process requested but no renderer has been set
 WARN 2021-07-02 18:18:00,876 (fr.ign.cogit.geoxygene.appli.render.MultithreadedRenderingManager) - Rendering process requested but no renderer has been set
 WARN 2021-07-02 18:18:01,009 (fr.ign.cogit.geoxygene.appli.render.MultithreadedRenderingManager) - Rendering process requested but no renderer has been set
 WARN 2021-07-02 18:18:01,009 (fr.ign.cogit.geoxygene.appli.render.MultithreadedRenderingManager) - Rendering process requested but no renderer has been set
 WARN 2021-07-02 18:18:01,009 (fr.ign.cogit.geoxygene.appli.render.MultithreadedRenderingManager) - Rendering process requested but no renderer has been set
 WARN 2021-07-02 18:18:01,187 (fr.ign.cogit.geoxygene.appli.render.MultithreadedRenderingManager) - Rendering process requested but no renderer has been set
 WARN 2021-07-02 18:18:01,187 (fr.ign.cogit.geoxygene.appli.render.MultithreadedRenderingManager) - Rendering process requested but no renderer has been set
 WARN 2021-07-02 18:18:01,340 (fr.ign.cogit.geoxygene.appli.render.MultithreadedRenderingManager) - Rendering process requested but no renderer has been set
 INFO 2021-07-05 13:56:37,413 (fr.ign.cogit.geoxygene.appli.GeOxygeneApplication) - Using 12 logical processors
 WARN 2021-07-05 13:56:38,079 (fr.ign.cogit.geoxygene.appli.GeOxygeneApplication) - Cannot restore Look and Feel ''. Use default one
 INFO 2021-07-05 13:56:38,808 (fr.ign.cogit.geoxygene.appli.gl.ResourcesManager) - Added the resource CURRENT_ROOT_URI to the ResourceManager RootManager. This manager now register 1 resources.
 WARN 2021-07-05 13:56:49,864 (fr.ign.cogit.geoxygene.appli.render.MultithreadedRenderingManager) - Rendering process requested but no renderer has been set
 WARN 2021-07-05 13:56:49,866 (fr.ign.cogit.geoxygene.appli.render.MultithreadedRenderingManager) - Rendering process requested but no renderer has been set
 WARN 2021-07-05 13:56:49,866 (fr.ign.cogit.geoxygene.appli.render.MultithreadedRenderingManager) - Rendering process requested but no renderer has been set
 WARN 2021-07-05 13:56:49,866 (fr.ign.cogit.geoxygene.appli.render.MultithreadedRenderingManager) - Rendering process requested but no renderer has been set
 WARN 2021-07-05 13:56:49,994 (fr.ign.cogit.geoxygene.appli.render.MultithreadedRenderingManager) - Rendering process requested but no renderer has been set
 WARN 2021-07-05 13:56:49,994 (fr.ign.cogit.geoxygene.appli.render.MultithreadedRenderingManager) - Rendering process requested but no renderer has been set
 WARN 2021-07-05 13:56:49,994 (fr.ign.cogit.geoxygene.appli.render.MultithreadedRenderingManager) - Rendering process requested but no renderer has been set
 WARN 2021-07-05 13:56:50,154 (fr.ign.cogit.geoxygene.appli.render.MultithreadedRenderingManager) - Rendering process requested but no renderer has been set
 WARN 2021-07-05 13:56:50,154 (fr.ign.cogit.geoxygene.appli.render.MultithreadedRenderingManager) - Rendering process requested but no renderer has been set
 WARN 2021-07-05 13:56:50,292 (fr.ign.cogit.geoxygene.appli.render.MultithreadedRenderingManager) - Rendering process requested but no renderer has been set
 INFO 2021-07-05 14:04:48,575 (fr.ign.cogit.geoxygene.appli.GeOxygeneApplication) - Using 12 logical processors
 WARN 2021-07-05 14:04:49,252 (fr.ign.cogit.geoxygene.appli.GeOxygeneApplication) - Cannot restore Look and Feel ''. Use default one
 INFO 2021-07-05 14:04:49,869 (fr.ign.cogit.geoxygene.appli.gl.ResourcesManager) - Added the resource CURRENT_ROOT_URI to the ResourceManager RootManager. This manager now register 1 resources.
 WARN 2021-07-05 14:06:18,326 (fr.ign.cogit.geoxygene.appli.render.MultithreadedRenderingManager) - Rendering process requested but no renderer has been set
 WARN 2021-07-05 14:06:18,328 (fr.ign.cogit.geoxygene.appli.render.MultithreadedRenderingManager) - Rendering process requested but no renderer has been set
 WARN 2021-07-05 14:06:18,328 (fr.ign.cogit.geoxygene.appli.render.MultithreadedRenderingManager) - Rendering process requested but no renderer has been set
 WARN 2021-07-05 14:06:18,328 (fr.ign.cogit.geoxygene.appli.render.MultithreadedRenderingManager) - Rendering process requested but no renderer has been set
 WARN 2021-07-05 14:06:18,450 (fr.ign.cogit.geoxygene.appli.render.MultithreadedRenderingManager) - Rendering process requested but no renderer has been set
 WARN 2021-07-05 14:06:18,450 (fr.ign.cogit.geoxygene.appli.render.MultithreadedRenderingManager) - Rendering process requested but no renderer has been set
 WARN 2021-07-05 14:06:18,450 (fr.ign.cogit.geoxygene.appli.render.MultithreadedRenderingManager) - Rendering process requested but no renderer has been set
 WARN 2021-07-05 14:06:18,619 (fr.ign.cogit.geoxygene.appli.render.MultithreadedRenderingManager) - Rendering process requested but no renderer has been set
 WARN 2021-07-05 14:06:18,619 (fr.ign.cogit.geoxygene.appli.render.MultithreadedRenderingManager) - Rendering process requested but no renderer has been set
 WARN 2021-07-05 14:06:18,781 (fr.ign.cogit.geoxygene.appli.render.MultithreadedRenderingManager) - Rendering process requested but no renderer has been set
 INFO 2021-07-05 14:13:23,148 (fr.ign.cogit.geoxygene.appli.GeOxygeneApplication) - Using 12 logical processors
 WARN 2021-07-05 14:13:23,836 (fr.ign.cogit.geoxygene.appli.GeOxygeneApplication) - Cannot restore Look and Feel ''. Use default one
 INFO 2021-07-05 14:13:24,455 (fr.ign.cogit.geoxygene.appli.gl.ResourcesManager) - Added the resource CURRENT_ROOT_URI to the ResourceManager RootManager. This manager now register 1 resources.
 WARN 2021-07-05 14:15:47,945 (fr.ign.cogit.geoxygene.appli.render.MultithreadedRenderingManager) - Rendering process requested but no renderer has been set
 WARN 2021-07-05 14:15:47,946 (fr.ign.cogit.geoxygene.appli.render.MultithreadedRenderingManager) - Rendering process requested but no renderer has been set
 WARN 2021-07-05 14:15:47,946 (fr.ign.cogit.geoxygene.appli.render.MultithreadedRenderingManager) - Rendering process requested but no renderer has been set
 WARN 2021-07-05 14:15:47,946 (fr.ign.cogit.geoxygene.appli.render.MultithreadedRenderingManager) - Rendering process requested but no renderer has been set
 WARN 2021-07-05 14:15:48,068 (fr.ign.cogit.geoxygene.appli.render.MultithreadedRenderingManager) - Rendering process requested but no renderer has been set
 WARN 2021-07-05 14:15:48,068 (fr.ign.cogit.geoxygene.appli.render.MultithreadedRenderingManager) - Rendering process requested but no renderer has been set
 WARN 2021-07-05 14:15:48,068 (fr.ign.cogit.geoxygene.appli.render.MultithreadedRenderingManager) - Rendering process requested but no renderer has been set
 WARN 2021-07-05 14:15:48,225 (fr.ign.cogit.geoxygene.appli.render.MultithreadedRenderingManager) - Rendering process requested but no renderer has been set
 WARN 2021-07-05 14:15:48,225 (fr.ign.cogit.geoxygene.appli.render.MultithreadedRenderingManager) - Rendering process requested but no renderer has been set
 WARN 2021-07-05 14:15:48,361 (fr.ign.cogit.geoxygene.appli.render.MultithreadedRenderingManager) - Rendering process requested but no renderer has been set
