#
# A fatal error has been detected by the Java Runtime Environment:
#
#  EXCEPTION_ACCESS_VIOLATION (0xc0000005) at pc=0x000000006872e458, pid=5924, tid=7068
#
# JRE version: OpenJDK Runtime Environment AdoptOpenJDK (11.0.10+9) (build 11.0.10+9)
# Java VM: OpenJDK 64-Bit Server VM AdoptOpenJDK (11.0.10+9, mixed mode, tiered, compressed oops, g1 gc, windows-amd64)
# Problematic frame:
# C  [triangulation.dll+0x2e458]
#
# No core dump will be written. Minidumps are not enabled by default on client versions of Windows
#
# If you would like to submit a bug report, please visit:
#   https://github.com/AdoptOpenJDK/openjdk-support/issues
# The crash happened outside the Java Virtual Machine in native code.
# See problematic frame for where to report the bug.
#

---------------  S U M M A R Y ------------

Command Line: -Djavax.net.ssl.trustStore=D:\certificate\trust.jks -Djavax.net.ssl.trustStorePassword=lol123 -Dfile.encoding=UTF-8 fr.ign.cogit.cartagen.appli.core.CartAGenApplicationAgent

Host: Intel(R) Core(TM) i7-9750H CPU @ 2.60GHz, 12 cores, 15G,  Windows 10 , 64 bit Build 19041 (10.0.19041.1466)
Time: Fri Jan 21 14:04:48 2022 Paris, Madrid elapsed time: 28.787032 seconds (0d 0h 0m 28s)

---------------  T H R E A D  ---------------

Current thread (0x000001de78635800):  JavaThread "AWT-EventQueue-0" [_thread_in_native, id=7068, stack(0x000000b280500000,0x000000b280600000)]

Stack: [0x000000b280500000,0x000000b280600000],  sp=0x000000b2805e65e0,  free space=921k
Native frames: (J=compiled Java code, j=interpreted, Vv=VM code, C=native code)
C  [triangulation.dll+0x2e458]

Java frames: (J=compiled Java code, j=interpreted, Vv=VM code)
j  fr.ign.cogit.cartagen.common.triangulation.Triangulation.trianguleC(Ljava/lang/String;Lfr/ign/cogit/cartagen/common/triangulation/Triangulateio;Lfr/ign/cogit/cartagen/common/triangulation/Triangulateio;Lfr/ign/cogit/cartagen/common/triangulation/Triangulateio;)V+0
j  fr.ign.cogit.cartagen.common.triangulation.Triangulation.compute(ZLfr/ign/cogit/geoxygene/api/spatial/geomroot/IGeometry;Ljava/lang/String;)V+170
j  fr.ign.cogit.cartagen.algorithms.polygon.EnlargeThinPart.computeTriangulation()V+215
j  fr.ign.cogit.cartagen.algorithms.polygon.EnlargeThinPart.enlargeParts()Lfr/ign/cogit/geoxygene/api/spatial/coordgeom/ILineString;+9
j  fr.ign.cogit.cartagen.appli.core.geoxygene.AlgorithmsMenu$EnlargeThinPartAction.actionPerformed(Ljava/awt/event/ActionEvent;)V+104
j  javax.swing.AbstractButton.fireActionPerformed(Ljava/awt/event/ActionEvent;)V+83 java.desktop@11.0.10
j  javax.swing.AbstractButton$Handler.actionPerformed(Ljava/awt/event/ActionEvent;)V+5 java.desktop@11.0.10
j  javax.swing.DefaultButtonModel.fireActionPerformed(Ljava/awt/event/ActionEvent;)V+34 java.desktop@11.0.10
j  javax.swing.DefaultButtonModel.setPressed(Z)V+117 java.desktop@11.0.10
j  javax.swing.AbstractButton.doClick(I)V+60 java.desktop@11.0.10
j  javax.swing.plaf.basic.BasicMenuItemUI.doClick(Ljavax/swing/MenuSelectionManager;)V+47 java.desktop@11.0.10
j  javax.swing.plaf.basic.BasicMenuItemUI$Handler.mouseReleased(Ljava/awt/event/MouseEvent;)V+76 java.desktop@11.0.10
j  java.awt.Component.processMouseEvent(Ljava/awt/event/MouseEvent;)V+64 java.desktop@11.0.10
j  javax.swing.JComponent.processMouseEvent(Ljava/awt/event/MouseEvent;)V+23 java.desktop@11.0.10
J 3532 c1 java.awt.Component.processEvent(Ljava/awt/AWTEvent;)V java.desktop@11.0.10 (220 bytes) @ 0x000001de5bb457d4 [0x000001de5bb45180+0x0000000000000654]
J 3388 c1 java.awt.Container.processEvent(Ljava/awt/AWTEvent;)V java.desktop@11.0.10 (22 bytes) @ 0x000001de5badce3c [0x000001de5badcae0+0x000000000000035c]
J 3407 c1 java.awt.Component.dispatchEventImpl(Ljava/awt/AWTEvent;)V java.desktop@11.0.10 (777 bytes) @ 0x000001de5baedd94 [0x000001de5bae9dc0+0x0000000000003fd4]
J 3283 c1 java.awt.Container.dispatchEventImpl(Ljava/awt/AWTEvent;)V java.desktop@11.0.10 (129 bytes) @ 0x000001de5ba79d9c [0x000001de5ba79c60+0x000000000000013c]
J 3529 c1 java.awt.LightweightDispatcher.retargetMouseEvent(Ljava/awt/Component;ILjava/awt/event/MouseEvent;)V java.desktop@11.0.10 (372 bytes) @ 0x000001de5bb4248c [0x000001de5bb3fc20+0x000000000000286c]
J 3978 c1 java.awt.LightweightDispatcher.processMouseEvent(Ljava/awt/event/MouseEvent;)Z java.desktop@11.0.10 (265 bytes) @ 0x000001de5bc38ea4 [0x000001de5bc37e60+0x0000000000001044]
J 3512 c1 java.awt.LightweightDispatcher.dispatchEvent(Ljava/awt/AWTEvent;)Z java.desktop@11.0.10 (73 bytes) @ 0x000001de5bb2da8c [0x000001de5bb2d620+0x000000000000046c]
J 3283 c1 java.awt.Container.dispatchEventImpl(Ljava/awt/AWTEvent;)V java.desktop@11.0.10 (129 bytes) @ 0x000001de5ba79d3c [0x000001de5ba79c60+0x00000000000000dc]
J 3540 c1 java.awt.Window.dispatchEventImpl(Ljava/awt/AWTEvent;)V java.desktop@11.0.10 (23 bytes) @ 0x000001de5bb4bf4c [0x000001de5bb4b920+0x000000000000062c]
J 3394 c1 java.awt.EventQueue.dispatchEventImpl(Ljava/awt/AWTEvent;Ljava/lang/Object;)V java.desktop@11.0.10 (136 bytes) @ 0x000001de5baded2c [0x000001de5bade840+0x00000000000004ec]
J 3393 c1 java.awt.EventQueue$4.run()Ljava/lang/Void; java.desktop@11.0.10 (60 bytes) @ 0x000001de5bade144 [0x000001de5bade000+0x0000000000000144]
J 3333 c1 java.awt.EventQueue$4.run()Ljava/lang/Object; java.desktop@11.0.10 (5 bytes) @ 0x000001de5baa75c4 [0x000001de5baa7540+0x0000000000000084]
v  ~StubRoutines::call_stub
J 2016  java.security.AccessController.doPrivileged(Ljava/security/PrivilegedAction;Ljava/security/AccessControlContext;)Ljava/lang/Object; java.base@11.0.10 (0 bytes) @ 0x000001de629fc236 [0x000001de629fc1c0+0x0000000000000076]
J 3278 c1 java.awt.EventQueue$5.run()Ljava/lang/Object; java.desktop@11.0.10 (5 bytes) @ 0x000001de5ba75e9c [0x000001de5ba75b40+0x000000000000035c]
v  ~StubRoutines::call_stub
J 2016  java.security.AccessController.doPrivileged(Ljava/security/PrivilegedAction;Ljava/security/AccessControlContext;)Ljava/lang/Object; java.base@11.0.10 (0 bytes) @ 0x000001de629fc236 [0x000001de629fc1c0+0x0000000000000076]
J 3329 c1 java.awt.EventQueue.dispatchEvent(Ljava/awt/AWTEvent;)V java.desktop@11.0.10 (80 bytes) @ 0x000001de5baa4e7c [0x000001de5baa4320+0x0000000000000b5c]
J 3334 c1 java.awt.EventDispatchThread.pumpOneEventForFilters(I)V java.desktop@11.0.10 (113 bytes) @ 0x000001de5baaa704 [0x000001de5baa9fa0+0x0000000000000764]
j  java.awt.EventDispatchThread.pumpEventsForFilter(ILjava/awt/Conditional;Ljava/awt/EventFilter;)V+35 java.desktop@11.0.10
j  java.awt.EventDispatchThread.pumpEventsForHierarchy(ILjava/awt/Conditional;Ljava/awt/Component;)V+11 java.desktop@11.0.10
j  java.awt.EventDispatchThread.pumpEvents(ILjava/awt/Conditional;)V+4 java.desktop@11.0.10
j  java.awt.EventDispatchThread.pumpEvents(Ljava/awt/Conditional;)V+3 java.desktop@11.0.10
j  java.awt.EventDispatchThread.run()V+9 java.desktop@11.0.10
v  ~StubRoutines::call_stub

siginfo: EXCEPTION_ACCESS_VIOLATION (0xc0000005), writing address 0x000000007b281aa0


Register to memory mapping:

RIP=0x000000006872e458 triangulation.dll
RAX=0x000000007b281aa0 is an unknown value
RBX=0x000001de7b2816f0 points into unknown readable memory: 0x0000000100000000 | 00 00 00 00 01 00 00 00
RCX=0x000000b2805e67f0 is pointing into the stack for thread: 0x000001de78635800
RDX=0x411877f791d6494d is an unknown value
RSP=0x000000b2805e65e0 is pointing into the stack for thread: 0x000001de78635800
RBP=0x000000b2805e6630 is pointing into the stack for thread: 0x000001de78635800
RSI=0x00007ffe04d108b0 jvm.dll
RDI=0x00000000000000e4 is an unknown value
R8 =0x0000000000000008 is an unknown value
R9 =0x000000000000005a is an unknown value
R10=0x0 is NULL
R11=0x000000b2805e6001 is pointing into the stack for thread: 0x000001de78635800
R12=0x0 is NULL
R13={method} {0x000001de7f55fa60} 'trianguleC' '(Ljava/lang/String;Lfr/ign/cogit/cartagen/common/triangulation/Triangulateio;Lfr/ign/cogit/cartagen/common/triangulation/Triangulateio;Lfr/ign/cogit/cartagen/common/triangulation/Triangulateio;)V' in 'fr/ign/cogit/cartagen/common/triangulation/Triangulation'
R14=0x000000b2805fae60 is pointing into the stack for thread: 0x000001de78635800
R15=0x000001de78635800 is a thread


Registers:
RAX=0x000000007b281aa0, RBX=0x000001de7b2816f0, RCX=0x000000b2805e67f0, RDX=0x411877f791d6494d
RSP=0x000000b2805e65e0, RBP=0x000000b2805e6630, RSI=0x00007ffe04d108b0, RDI=0x00000000000000e4
R8 =0x0000000000000008, R9 =0x000000000000005a, R10=0x0000000000000000, R11=0x000000b2805e6001
R12=0x0000000000000000, R13=0x000001de7f55fa58, R14=0x000000b2805fae60, R15=0x000001de78635800
RIP=0x000000006872e458, EFLAGS=0x0000000000010202

Top of Stack: (sp=0x000000b2805e65e0)
0x000000b2805e65e0:   000000b2805e67f0 000000b2805e66a0
0x000000b2805e65f0:   000000007f328d30 3ff0000000000000
0x000000b2805e6600:   000000b2805e6630 0000000068718d34
0x000000b2805e6610:   000000b2805e6980 000000007b281aa0
0x000000b2805e6620:   0000000000000000 0000000000000006
0x000000b2805e6630:   000000b2805e66c0 0000000068730d7f
0x000000b2805e6640:   000000b2805e6750 000000b2805e66a0
0x000000b2805e6650:   000001de7b280fb0 000001de78635800
0x000000b2805e6660:   0000000000000000 000000b200000073
0x000000b2805e6670:   0000000000000000 0000000000000000
0x000000b2805e6680:   0000000000000000 0000000000000000
0x000000b2805e6690:   000000007f328d30 0000000000000000
0x000000b2805e66a0:   0000000000000001 0000000000000000
0x000000b2805e66b0:   0000000000000000 0000000100000000
0x000000b2805e66c0:   0000000000000000 0000000100000000
0x000000b2805e66d0:   0000000000000000 0000000100000000 

Instructions: (pc=0x000000006872e458)
0x000000006872e358:   10 e8 2f 59 fd ff 48 89 45 c0 48 8b 45 c0 48 85
0x000000006872e368:   c0 0f 85 e7 fc ff ff 48 81 c4 90 00 00 00 5d c3
0x000000006872e378:   55 48 89 e5 48 83 ec 50 48 89 4d 10 48 89 55 18
0x000000006872e388:   4c 89 45 20 4c 89 4d 28 48 8b 45 10 8b 55 38 89
0x000000006872e398:   90 b8 42 01 00 48 8b 45 10 c7 80 d4 42 01 00 02
0x000000006872e3a8:   00 00 00 48 8b 45 10 8b 55 40 89 90 d8 42 01 00
0x000000006872e3b8:   48 8b 45 10 c7 80 04 43 01 00 00 00 00 00 48 8b
0x000000006872e3c8:   45 10 8b 80 b8 42 01 00 83 f8 02 7f 16 48 8d 0d
0x000000006872e3d8:   fc c7 00 00 e8 17 8f 00 00 b9 01 00 00 00 e8 2b
0x000000006872e3e8:   32 fd ff 48 8b 45 10 8b 80 d8 42 01 00 85 c0 75
0x000000006872e3f8:   0b 48 8b 45 18 c7 40 20 00 00 00 00 48 8b 45 18
0x000000006872e408:   48 89 c2 48 8b 4d 10 e8 95 55 fd ff c7 45 f4 00
0x000000006872e418:   00 00 00 c7 45 f0 00 00 00 00 c7 45 fc 00 00 00
0x000000006872e428:   00 e9 38 02 00 00 48 8b 45 10 48 05 a0 00 00 00
0x000000006872e438:   48 89 c1 e8 ae 4f fd ff 48 89 45 e8 8b 45 f4 48
0x000000006872e448:   98 48 c1 e0 03 48 03 45 20 48 8b 10 48 8b 45 e8
0x000000006872e458:   48 89 10 48 8b 45 e8 48 8b 00 48 89 45 e0 83 45
0x000000006872e468:   f4 01 48 8b 45 e8 48 83 c0 08 8b 55 f4 48 63 d2
0x000000006872e478:   48 c1 e2 03 48 03 55 20 48 8b 12 48 89 10 48 8b
0x000000006872e488:   00 48 89 45 d8 83 45 f4 01 c7 45 f8 00 00 00 00
0x000000006872e498:   eb 2c 8b 45 f8 83 c0 02 48 98 48 c1 e0 03 48 03
0x000000006872e4a8:   45 e8 8b 55 f0 48 63 d2 48 c1 e2 03 48 03 55 28
0x000000006872e4b8:   48 8b 12 48 89 10 83 45 f0 01 83 45 f8 01 8b 45
0x000000006872e4c8:   f8 3b 45 40 7c cc 48 83 7d 30 00 74 28 48 8b 45
0x000000006872e4d8:   10 8b 80 e8 42 01 00 48 98 48 c1 e0 02 48 03 45
0x000000006872e4e8:   e8 8b 55 fc 48 63 d2 48 c1 e2 02 48 03 55 30 8b
0x000000006872e4f8:   12 89 10 eb 1a 48 8b 45 10 8b 80 e8 42 01 00 48
0x000000006872e508:   98 48 c1 e0 02 48 03 45 e8 c7 00 00 00 00 00 48
0x000000006872e518:   8b 45 10 8b 80 e8 42 01 00 48 98 48 83 c0 01 48
0x000000006872e528:   c1 e0 02 48 03 45 e8 c7 00 00 00 00 00 83 7d fc
0x000000006872e538:   00 75 4f 48 8b 45 10 48 8b 55 e0 48 89 90 98 42
0x000000006872e548:   01 00 48 8b 45 10 48 8b 90 98 42 01 00 48 8b 45 


Stack slot to memory mapping:
stack at sp + 0 slots: 0x000000b2805e67f0 is pointing into the stack for thread: 0x000001de78635800
stack at sp + 1 slots: 0x000000b2805e66a0 is pointing into the stack for thread: 0x000001de78635800
stack at sp + 2 slots: 0x000000007f328d30 is an unknown value
stack at sp + 3 slots: 0x3ff0000000000000 is an unknown value
stack at sp + 4 slots: 0x000000b2805e6630 is pointing into the stack for thread: 0x000001de78635800
stack at sp + 5 slots: 0x0000000068718d34 triangulation.dll
stack at sp + 6 slots: 0x000000b2805e6980 is pointing into the stack for thread: 0x000001de78635800
stack at sp + 7 slots: 0x000000007b281aa0 is an unknown value


---------------  P R O C E S S  ---------------

Threads class SMR info:
_java_thread_list=0x000001de790c8b40, length=18, elements={
0x000001de76757800, 0x000001de7675a800, 0x000001de7705a800, 0x000001de7705b800,
0x000001de7705d800, 0x000001de77068800, 0x000001de77070000, 0x000001de77074000,
0x000001de772eb000, 0x000001de79737000, 0x000001de79ae3000, 0x000001de77c8e800,
0x000001de78635800, 0x000001de7a090000, 0x000001de79477800, 0x000001de7994c000,
0x000001de7994e800, 0x000001de7994f800
}

Java Threads: ( => current thread )
  0x000001de76757800 JavaThread "Reference Handler" daemon [_thread_blocked, id=14000, stack(0x000000b2ffa00000,0x000000b2ffb00000)]
  0x000001de7675a800 JavaThread "Finalizer" daemon [_thread_blocked, id=5704, stack(0x000000b2ffb00000,0x000000b2ffc00000)]
  0x000001de7705a800 JavaThread "Signal Dispatcher" daemon [_thread_blocked, id=12852, stack(0x000000b2ffc00000,0x000000b2ffd00000)]
  0x000001de7705b800 JavaThread "Attach Listener" daemon [_thread_blocked, id=13668, stack(0x000000b2ffd00000,0x000000b2ffe00000)]
  0x000001de7705d800 JavaThread "Service Thread" daemon [_thread_blocked, id=8488, stack(0x000000b2ffe00000,0x000000b2fff00000)]
  0x000001de77068800 JavaThread "C2 CompilerThread0" daemon [_thread_blocked, id=19244, stack(0x000000b2fff00000,0x000000b300000000)]
  0x000001de77070000 JavaThread "C1 CompilerThread0" daemon [_thread_blocked, id=7288, stack(0x000000b280000000,0x000000b280100000)]
  0x000001de77074000 JavaThread "Sweeper thread" daemon [_thread_blocked, id=16008, stack(0x000000b280100000,0x000000b280200000)]
  0x000001de772eb000 JavaThread "Common-Cleaner" daemon [_thread_blocked, id=4468, stack(0x000000b280300000,0x000000b280400000)]
  0x000001de79737000 JavaThread "Java2D Disposer" daemon [_thread_blocked, id=12704, stack(0x000000b280b00000,0x000000b280c00000)]
  0x000001de79ae3000 JavaThread "AWT-Shutdown" [_thread_blocked, id=14100, stack(0x000000b280c00000,0x000000b280d00000)]
  0x000001de77c8e800 JavaThread "AWT-Windows" daemon [_thread_in_native, id=9136, stack(0x000000b280d00000,0x000000b280e00000)]
=>0x000001de78635800 JavaThread "AWT-EventQueue-0" [_thread_in_native, id=7068, stack(0x000000b280500000,0x000000b280600000)]
  0x000001de7a090000 JavaThread "Swing-Shell" daemon [_thread_blocked, id=5236, stack(0x000000b280f00000,0x000000b281000000)]
  0x000001de79477800 JavaThread "Timer-0" [_thread_blocked, id=15348, stack(0x000000b281600000,0x000000b281700000)]
  0x000001de7994c000 JavaThread "DestroyJavaVM" [_thread_blocked, id=16236, stack(0x000000b2ff300000,0x000000b2ff400000)]
  0x000001de7994e800 JavaThread "TimerQueue" daemon [_thread_blocked, id=18796, stack(0x000000b280400000,0x000000b280500000)]
  0x000001de7994f800 JavaThread "Image Fetcher 0" daemon [_thread_blocked, id=11536, stack(0x000000b281800000,0x000000b281900000)]

Other Threads:
  0x000001de76755800 VMThread "VM Thread" [stack: 0x000000b2ff900000,0x000000b2ffa00000] [id=1112]
  0x000001de7732a000 WatcherThread [stack: 0x000000b280200000,0x000000b280300000] [id=19140]
  0x000001de5272e800 GCTaskThread "GC Thread#0" [stack: 0x000000b2ff400000,0x000000b2ff500000] [id=9908]
  0x000001de78780800 GCTaskThread "GC Thread#1" [stack: 0x000000b280600000,0x000000b280700000] [id=17164]
  0x000001de787bd000 GCTaskThread "GC Thread#2" [stack: 0x000000b280700000,0x000000b280800000] [id=968]
  0x000001de776b1800 GCTaskThread "GC Thread#3" [stack: 0x000000b280800000,0x000000b280900000] [id=10872]
  0x000001de788dc000 GCTaskThread "GC Thread#4" [stack: 0x000000b280900000,0x000000b280a00000] [id=18068]
  0x000001de78a36000 GCTaskThread "GC Thread#5" [stack: 0x000000b280a00000,0x000000b280b00000] [id=16508]
  0x000001de79ad0000 GCTaskThread "GC Thread#6" [stack: 0x000000b280e00000,0x000000b280f00000] [id=12460]
  0x000001de78f12000 GCTaskThread "GC Thread#7" [stack: 0x000000b281700000,0x000000b281800000] [id=12468]
  0x000001de5278f000 ConcurrentGCThread "G1 Main Marker" [stack: 0x000000b2ff500000,0x000000b2ff600000] [id=17420]
  0x000001de52790800 ConcurrentGCThread "G1 Conc#0" [stack: 0x000000b2ff600000,0x000000b2ff700000] [id=10412]
  0x000001de78bf4800 ConcurrentGCThread "G1 Conc#1" [stack: 0x000000b281000000,0x000000b281100000] [id=16572]
  0x000001de79d5d000 ConcurrentGCThread "G1 Conc#2" [stack: 0x000000b281100000,0x000000b281200000] [id=13636]
  0x000001de76636800 ConcurrentGCThread "G1 Refine#0" [stack: 0x000000b2ff700000,0x000000b2ff800000] [id=1564]
  0x000001de76639000 ConcurrentGCThread "G1 Young RemSet Sampling" [stack: 0x000000b2ff800000,0x000000b2ff900000] [id=7696]

Threads with active compile tasks:

VM state:not at safepoint (normal execution)

VM Mutex/Monitor currently owned by a thread: None

Heap address: 0x0000000703000000, size: 4048 MB, Compressed Oops mode: Zero based, Oop shift amount: 3
Narrow klass base: 0x0000000800000000, Narrow klass shift: 0
Compressed class space size: 1073741824 Address: 0x0000000800000000

Heap:
 garbage-first heap   total 260096K, used 196625K [0x0000000703000000, 0x0000000800000000)
  region size 1024K, 83 young (84992K), 8 survivors (8192K)
 Metaspace       used 41600K, capacity 42237K, committed 42416K, reserved 1087488K
  class space    used 5078K, capacity 5337K, committed 5376K, reserved 1048576K
Heap Regions: E=young(eden), S=young(survivor), O=old, HS=humongous(starts), HC=humongous(continues), CS=collection set, F=free, A=archive, TAMS=top-at-mark-start (previous, next)
|   0|0x0000000703000000, 0x0000000703100000, 0x0000000703100000|100%| O|  |TAMS 0x0000000703100000, 0x0000000703000000| Untracked 
|   1|0x0000000703100000, 0x0000000703200000, 0x0000000703200000|100%| O|  |TAMS 0x0000000703200000, 0x0000000703100000| Untracked 
|   2|0x0000000703200000, 0x0000000703300000, 0x0000000703300000|100%| O|  |TAMS 0x0000000703300000, 0x0000000703200000| Untracked 
|   3|0x0000000703300000, 0x0000000703400000, 0x0000000703400000|100%| O|  |TAMS 0x0000000703400000, 0x0000000703300000| Untracked 
|   4|0x0000000703400000, 0x0000000703500000, 0x0000000703500000|100%| O|  |TAMS 0x0000000703500000, 0x0000000703400000| Untracked 
|   5|0x0000000703500000, 0x0000000703600000, 0x0000000703600000|100%| O|  |TAMS 0x0000000703600000, 0x0000000703500000| Untracked 
|   6|0x0000000703600000, 0x0000000703700000, 0x0000000703700000|100%| O|  |TAMS 0x0000000703700000, 0x0000000703600000| Untracked 
|   7|0x0000000703700000, 0x0000000703800000, 0x0000000703800000|100%| O|  |TAMS 0x0000000703800000, 0x0000000703700000| Untracked 
|   8|0x0000000703800000, 0x0000000703900000, 0x0000000703900000|100%| O|  |TAMS 0x0000000703900000, 0x0000000703800000| Untracked 
|   9|0x0000000703900000, 0x0000000703a00000, 0x0000000703a00000|100%| O|  |TAMS 0x0000000703a00000, 0x0000000703900000| Untracked 
|  10|0x0000000703a00000, 0x0000000703b00000, 0x0000000703b00000|100%| O|  |TAMS 0x0000000703b00000, 0x0000000703a00000| Untracked 
|  11|0x0000000703b00000, 0x0000000703c00000, 0x0000000703c00000|100%| O|  |TAMS 0x0000000703c00000, 0x0000000703b00000| Untracked 
|  12|0x0000000703c00000, 0x0000000703d00000, 0x0000000703d00000|100%| O|  |TAMS 0x0000000703d00000, 0x0000000703c00000| Untracked 
|  13|0x0000000703d00000, 0x0000000703e00000, 0x0000000703e00000|100%| O|  |TAMS 0x0000000703e00000, 0x0000000703d00000| Untracked 
|  14|0x0000000703e00000, 0x0000000703f00000, 0x0000000703f00000|100%| O|  |TAMS 0x0000000703f00000, 0x0000000703e00000| Untracked 
|  15|0x0000000703f00000, 0x0000000704000000, 0x0000000704000000|100%| O|  |TAMS 0x0000000704000000, 0x0000000703f00000| Untracked 
|  16|0x0000000704000000, 0x0000000704100000, 0x0000000704100000|100%| O|  |TAMS 0x0000000704100000, 0x0000000704000000| Untracked 
|  17|0x0000000704100000, 0x0000000704200000, 0x0000000704200000|100%| O|  |TAMS 0x0000000704200000, 0x0000000704100000| Untracked 
|  18|0x0000000704200000, 0x0000000704300000, 0x0000000704300000|100%| O|  |TAMS 0x0000000704300000, 0x0000000704200000| Untracked 
|  19|0x0000000704300000, 0x0000000704400000, 0x0000000704400000|100%| O|  |TAMS 0x0000000704400000, 0x0000000704300000| Untracked 
|  20|0x0000000704400000, 0x0000000704500000, 0x0000000704500000|100%| O|  |TAMS 0x0000000704500000, 0x0000000704400000| Untracked 
|  21|0x0000000704500000, 0x0000000704600000, 0x0000000704600000|100%| O|  |TAMS 0x0000000704600000, 0x0000000704500000| Untracked 
|  22|0x0000000704600000, 0x0000000704700000, 0x0000000704700000|100%| O|  |TAMS 0x0000000704700000, 0x0000000704600000| Untracked 
|  23|0x0000000704700000, 0x00000007047ffff8, 0x0000000704800000| 99%| O|  |TAMS 0x00000007047ffff8, 0x0000000704700000| Untracked 
|  24|0x0000000704800000, 0x00000007048b2400, 0x0000000704900000| 69%| O|  |TAMS 0x00000007048b2400, 0x0000000704800000| Untracked 
|  25|0x0000000704900000, 0x0000000704a00000, 0x0000000704a00000|100%|HS|  |TAMS 0x0000000704900000, 0x0000000704900000| Complete 
|  26|0x0000000704a00000, 0x0000000704b00000, 0x0000000704b00000|100%|HC|  |TAMS 0x0000000704a00000, 0x0000000704a00000| Complete 
|  27|0x0000000704b00000, 0x0000000704c00000, 0x0000000704c00000|100%|HC|  |TAMS 0x0000000704b00000, 0x0000000704b00000| Complete 
|  28|0x0000000704c00000, 0x0000000704d00000, 0x0000000704d00000|100%|HS|  |TAMS 0x0000000704c00000, 0x0000000704c00000| Complete 
|  29|0x0000000704d00000, 0x0000000704e00000, 0x0000000704e00000|100%|HC|  |TAMS 0x0000000704d00000, 0x0000000704d00000| Complete 
|  30|0x0000000704e00000, 0x0000000704f00000, 0x0000000704f00000|100%|HC|  |TAMS 0x0000000704e00000, 0x0000000704e00000| Complete 
|  31|0x0000000704f00000, 0x0000000705000000, 0x0000000705000000|100%|HS|  |TAMS 0x0000000705000000, 0x0000000704f00000| Complete 
|  32|0x0000000705000000, 0x0000000705100000, 0x0000000705100000|100%|HC|  |TAMS 0x0000000705100000, 0x0000000705000000| Complete 
|  33|0x0000000705100000, 0x0000000705200000, 0x0000000705200000|100%|HC|  |TAMS 0x0000000705200000, 0x0000000705100000| Complete 
|  34|0x0000000705200000, 0x0000000705300000, 0x0000000705300000|100%|HS|  |TAMS 0x0000000705300000, 0x0000000705200000| Complete 
|  35|0x0000000705300000, 0x0000000705400000, 0x0000000705400000|100%|HC|  |TAMS 0x0000000705400000, 0x0000000705300000| Complete 
|  36|0x0000000705400000, 0x0000000705500000, 0x0000000705500000|100%|HC|  |TAMS 0x0000000705500000, 0x0000000705400000| Complete 
|  37|0x0000000705500000, 0x0000000705600000, 0x0000000705600000|100%|HS|  |TAMS 0x0000000705500000, 0x0000000705500000| Complete 
|  38|0x0000000705600000, 0x0000000705700000, 0x0000000705700000|100%|HC|  |TAMS 0x0000000705600000, 0x0000000705600000| Complete 
|  39|0x0000000705700000, 0x0000000705800000, 0x0000000705800000|100%|HC|  |TAMS 0x0000000705700000, 0x0000000705700000| Complete 
|  40|0x0000000705800000, 0x0000000705900000, 0x0000000705900000|100%|HS|  |TAMS 0x0000000705800000, 0x0000000705800000| Complete 
|  41|0x0000000705900000, 0x0000000705a00000, 0x0000000705a00000|100%|HC|  |TAMS 0x0000000705900000, 0x0000000705900000| Complete 
|  42|0x0000000705a00000, 0x0000000705b00000, 0x0000000705b00000|100%|HC|  |TAMS 0x0000000705a00000, 0x0000000705a00000| Complete 
|  43|0x0000000705b00000, 0x0000000705b00000, 0x0000000705c00000|  0%| F|  |TAMS 0x0000000705b00000, 0x0000000705b00000| Untracked 
|  44|0x0000000705c00000, 0x0000000705c00000, 0x0000000705d00000|  0%| F|  |TAMS 0x0000000705c00000, 0x0000000705c00000| Untracked 
|  45|0x0000000705d00000, 0x0000000705e00000, 0x0000000705e00000|100%|HS|  |TAMS 0x0000000705e00000, 0x0000000705d00000| Complete 
|  46|0x0000000705e00000, 0x0000000705f00000, 0x0000000705f00000|100%|HC|  |TAMS 0x0000000705f00000, 0x0000000705e00000| Complete 
|  47|0x0000000705f00000, 0x0000000706000000, 0x0000000706000000|100%|HC|  |TAMS 0x0000000706000000, 0x0000000705f00000| Complete 
|  48|0x0000000706000000, 0x0000000706100000, 0x0000000706100000|100%|HC|  |TAMS 0x0000000706100000, 0x0000000706000000| Complete 
|  49|0x0000000706100000, 0x0000000706200000, 0x0000000706200000|100%|HC|  |TAMS 0x0000000706200000, 0x0000000706100000| Complete 
|  50|0x0000000706200000, 0x0000000706300000, 0x0000000706300000|100%|HC|  |TAMS 0x0000000706300000, 0x0000000706200000| Complete 
|  51|0x0000000706300000, 0x0000000706400000, 0x0000000706400000|100%|HC|  |TAMS 0x0000000706400000, 0x0000000706300000| Complete 
|  52|0x0000000706400000, 0x0000000706500000, 0x0000000706500000|100%|HC|  |TAMS 0x0000000706500000, 0x0000000706400000| Complete 
|  53|0x0000000706500000, 0x0000000706600000, 0x0000000706600000|100%|HS|  |TAMS 0x0000000706500000, 0x0000000706500000| Complete 
|  54|0x0000000706600000, 0x0000000706700000, 0x0000000706700000|100%|HC|  |TAMS 0x0000000706600000, 0x0000000706600000| Complete 
|  55|0x0000000706700000, 0x0000000706800000, 0x0000000706800000|100%|HC|  |TAMS 0x0000000706700000, 0x0000000706700000| Complete 
|  56|0x0000000706800000, 0x0000000706900000, 0x0000000706900000|100%|HS|  |TAMS 0x0000000706900000, 0x0000000706800000| Complete 
|  57|0x0000000706900000, 0x0000000706a00000, 0x0000000706a00000|100%|HC|  |TAMS 0x0000000706a00000, 0x0000000706900000| Complete 
|  58|0x0000000706a00000, 0x0000000706b00000, 0x0000000706b00000|100%|HC|  |TAMS 0x0000000706b00000, 0x0000000706a00000| Complete 
|  59|0x0000000706b00000, 0x0000000706c00000, 0x0000000706c00000|100%|HS|  |TAMS 0x0000000706c00000, 0x0000000706b00000| Complete 
|  60|0x0000000706c00000, 0x0000000706d00000, 0x0000000706d00000|100%|HC|  |TAMS 0x0000000706d00000, 0x0000000706c00000| Complete 
|  61|0x0000000706d00000, 0x0000000706e00000, 0x0000000706e00000|100%|HC|  |TAMS 0x0000000706e00000, 0x0000000706d00000| Complete 
|  62|0x0000000706e00000, 0x0000000706f00000, 0x0000000706f00000|100%|HS|  |TAMS 0x0000000706e00000, 0x0000000706e00000| Complete 
|  63|0x0000000706f00000, 0x0000000707000000, 0x0000000707000000|100%|HC|  |TAMS 0x0000000706f00000, 0x0000000706f00000| Complete 
|  64|0x0000000707000000, 0x0000000707100000, 0x0000000707100000|100%|HC|  |TAMS 0x0000000707000000, 0x0000000707000000| Complete 
|  65|0x0000000707100000, 0x0000000707200000, 0x0000000707200000|100%|HS|  |TAMS 0x0000000707100000, 0x0000000707100000| Complete 
|  66|0x0000000707200000, 0x0000000707300000, 0x0000000707300000|100%|HC|  |TAMS 0x0000000707200000, 0x0000000707200000| Complete 
|  67|0x0000000707300000, 0x0000000707400000, 0x0000000707400000|100%|HC|  |TAMS 0x0000000707300000, 0x0000000707300000| Complete 
|  68|0x0000000707400000, 0x0000000707500000, 0x0000000707500000|100%|HS|  |TAMS 0x0000000707500000, 0x0000000707400000| Complete 
|  69|0x0000000707500000, 0x0000000707600000, 0x0000000707600000|100%|HC|  |TAMS 0x0000000707600000, 0x0000000707500000| Complete 
|  70|0x0000000707600000, 0x0000000707700000, 0x0000000707700000|100%|HC|  |TAMS 0x0000000707700000, 0x0000000707600000| Complete 
|  71|0x0000000707700000, 0x0000000707800000, 0x0000000707800000|100%|HS|  |TAMS 0x0000000707800000, 0x0000000707700000| Complete 
|  72|0x0000000707800000, 0x0000000707900000, 0x0000000707900000|100%|HC|  |TAMS 0x0000000707900000, 0x0000000707800000| Complete 
|  73|0x0000000707900000, 0x0000000707a00000, 0x0000000707a00000|100%|HC|  |TAMS 0x0000000707a00000, 0x0000000707900000| Complete 
|  74|0x0000000707a00000, 0x0000000707b00000, 0x0000000707b00000|100%|HS|  |TAMS 0x0000000707a00000, 0x0000000707a00000| Complete 
|  75|0x0000000707b00000, 0x0000000707c00000, 0x0000000707c00000|100%|HC|  |TAMS 0x0000000707b00000, 0x0000000707b00000| Complete 
|  76|0x0000000707c00000, 0x0000000707d00000, 0x0000000707d00000|100%|HC|  |TAMS 0x0000000707c00000, 0x0000000707c00000| Complete 
|  77|0x0000000707d00000, 0x0000000707e00000, 0x0000000707e00000|100%|HS|  |TAMS 0x0000000707e00000, 0x0000000707d00000| Complete 
|  78|0x0000000707e00000, 0x0000000707f00000, 0x0000000707f00000|100%|HC|  |TAMS 0x0000000707f00000, 0x0000000707e00000| Complete 
|  79|0x0000000707f00000, 0x0000000708000000, 0x0000000708000000|100%|HC|  |TAMS 0x0000000708000000, 0x0000000707f00000| Complete 
|  80|0x0000000708000000, 0x0000000708100000, 0x0000000708100000|100%|HS|  |TAMS 0x0000000708000000, 0x0000000708000000| Complete 
|  81|0x0000000708100000, 0x0000000708200000, 0x0000000708200000|100%|HC|  |TAMS 0x0000000708100000, 0x0000000708100000| Complete 
|  82|0x0000000708200000, 0x0000000708300000, 0x0000000708300000|100%|HC|  |TAMS 0x0000000708200000, 0x0000000708200000| Complete 
|  83|0x0000000708300000, 0x0000000708400000, 0x0000000708400000|100%|HS|  |TAMS 0x0000000708300000, 0x0000000708300000| Complete 
|  84|0x0000000708400000, 0x0000000708500000, 0x0000000708500000|100%|HC|  |TAMS 0x0000000708400000, 0x0000000708400000| Complete 
|  85|0x0000000708500000, 0x0000000708600000, 0x0000000708600000|100%|HC|  |TAMS 0x0000000708500000, 0x0000000708500000| Complete 
|  86|0x0000000708600000, 0x0000000708700000, 0x0000000708700000|100%|HS|  |TAMS 0x0000000708600000, 0x0000000708600000| Complete 
|  87|0x0000000708700000, 0x0000000708800000, 0x0000000708800000|100%|HC|  |TAMS 0x0000000708700000, 0x0000000708700000| Complete 
|  88|0x0000000708800000, 0x0000000708900000, 0x0000000708900000|100%|HC|  |TAMS 0x0000000708800000, 0x0000000708800000| Complete 
|  89|0x0000000708900000, 0x0000000708a00000, 0x0000000708a00000|100%|HS|  |TAMS 0x0000000708a00000, 0x0000000708900000| Complete 
|  90|0x0000000708a00000, 0x0000000708b00000, 0x0000000708b00000|100%|HC|  |TAMS 0x0000000708b00000, 0x0000000708a00000| Complete 
|  91|0x0000000708b00000, 0x0000000708c00000, 0x0000000708c00000|100%|HC|  |TAMS 0x0000000708c00000, 0x0000000708b00000| Complete 
|  92|0x0000000708c00000, 0x0000000708d00000, 0x0000000708d00000|100%|HS|  |TAMS 0x0000000708d00000, 0x0000000708c00000| Complete 
|  93|0x0000000708d00000, 0x0000000708e00000, 0x0000000708e00000|100%|HC|  |TAMS 0x0000000708e00000, 0x0000000708d00000| Complete 
|  94|0x0000000708e00000, 0x0000000708f00000, 0x0000000708f00000|100%|HC|  |TAMS 0x0000000708f00000, 0x0000000708e00000| Complete 
|  95|0x0000000708f00000, 0x0000000709000000, 0x0000000709000000|100%|HS|  |TAMS 0x0000000708f00000, 0x0000000708f00000| Complete 
|  96|0x0000000709000000, 0x0000000709100000, 0x0000000709100000|100%|HC|  |TAMS 0x0000000709000000, 0x0000000709000000| Complete 
|  97|0x0000000709100000, 0x0000000709200000, 0x0000000709200000|100%|HC|  |TAMS 0x0000000709100000, 0x0000000709100000| Complete 
|  98|0x0000000709200000, 0x0000000709300000, 0x0000000709300000|100%|HS|  |TAMS 0x0000000709200000, 0x0000000709200000| Complete 
|  99|0x0000000709300000, 0x0000000709400000, 0x0000000709400000|100%|HC|  |TAMS 0x0000000709300000, 0x0000000709300000| Complete 
| 100|0x0000000709400000, 0x0000000709500000, 0x0000000709500000|100%|HC|  |TAMS 0x0000000709400000, 0x0000000709400000| Complete 
| 101|0x0000000709500000, 0x0000000709600000, 0x0000000709600000|100%|HS|  |TAMS 0x0000000709500000, 0x0000000709500000| Complete 
| 102|0x0000000709600000, 0x0000000709700000, 0x0000000709700000|100%|HC|  |TAMS 0x0000000709600000, 0x0000000709600000| Complete 
| 103|0x0000000709700000, 0x0000000709800000, 0x0000000709800000|100%|HC|  |TAMS 0x0000000709700000, 0x0000000709700000| Complete 
| 104|0x0000000709800000, 0x0000000709900000, 0x0000000709900000|100%|HS|  |TAMS 0x0000000709800000, 0x0000000709800000| Complete 
| 105|0x0000000709900000, 0x0000000709a00000, 0x0000000709a00000|100%|HC|  |TAMS 0x0000000709900000, 0x0000000709900000| Complete 
| 106|0x0000000709a00000, 0x0000000709b00000, 0x0000000709b00000|100%|HC|  |TAMS 0x0000000709a00000, 0x0000000709a00000| Complete 
| 107|0x0000000709b00000, 0x0000000709c00000, 0x0000000709c00000|100%|HS|  |TAMS 0x0000000709c00000, 0x0000000709b00000| Complete 
| 108|0x0000000709c00000, 0x0000000709d00000, 0x0000000709d00000|100%|HC|  |TAMS 0x0000000709d00000, 0x0000000709c00000| Complete 
| 109|0x0000000709d00000, 0x0000000709e00000, 0x0000000709e00000|100%|HC|  |TAMS 0x0000000709e00000, 0x0000000709d00000| Complete 
| 110|0x0000000709e00000, 0x0000000709e00000, 0x0000000709f00000|  0%| F|  |TAMS 0x0000000709e00000, 0x0000000709e00000| Untracked 
| 111|0x0000000709f00000, 0x0000000709f00000, 0x000000070a000000|  0%| F|  |TAMS 0x0000000709f00000, 0x0000000709f00000| Untracked 
| 112|0x000000070a000000, 0x000000070a000000, 0x000000070a100000|  0%| F|  |TAMS 0x000000070a000000, 0x000000070a000000| Untracked 
| 113|0x000000070a100000, 0x000000070a200000, 0x000000070a200000|100%|HS|  |TAMS 0x000000070a200000, 0x000000070a100000| Complete 
| 114|0x000000070a200000, 0x000000070a300000, 0x000000070a300000|100%|HC|  |TAMS 0x000000070a300000, 0x000000070a200000| Complete 
| 115|0x000000070a300000, 0x000000070a400000, 0x000000070a400000|100%|HC|  |TAMS 0x000000070a400000, 0x000000070a300000| Complete 
| 116|0x000000070a400000, 0x000000070a400000, 0x000000070a500000|  0%| F|  |TAMS 0x000000070a400000, 0x000000070a400000| Untracked 
| 117|0x000000070a500000, 0x000000070a500000, 0x000000070a600000|  0%| F|  |TAMS 0x000000070a500000, 0x000000070a500000| Untracked 
| 118|0x000000070a600000, 0x000000070a600000, 0x000000070a700000|  0%| F|  |TAMS 0x000000070a600000, 0x000000070a600000| Untracked 
| 119|0x000000070a700000, 0x000000070a700000, 0x000000070a800000|  0%| F|  |TAMS 0x000000070a700000, 0x000000070a700000| Untracked 
| 120|0x000000070a800000, 0x000000070a800000, 0x000000070a900000|  0%| F|  |TAMS 0x000000070a800000, 0x000000070a800000| Untracked 
| 121|0x000000070a900000, 0x000000070a900000, 0x000000070aa00000|  0%| F|  |TAMS 0x000000070a900000, 0x000000070a900000| Untracked 
| 122|0x000000070aa00000, 0x000000070aa00000, 0x000000070ab00000|  0%| F|  |TAMS 0x000000070aa00000, 0x000000070aa00000| Untracked 
| 123|0x000000070ab00000, 0x000000070ab00000, 0x000000070ac00000|  0%| F|  |TAMS 0x000000070ab00000, 0x000000070ab00000| Untracked 
| 124|0x000000070ac00000, 0x000000070ac00000, 0x000000070ad00000|  0%| F|  |TAMS 0x000000070ac00000, 0x000000070ac00000| Untracked 
| 125|0x000000070ad00000, 0x000000070ad00000, 0x000000070ae00000|  0%| F|  |TAMS 0x000000070ad00000, 0x000000070ad00000| Untracked 
| 126|0x000000070ae00000, 0x000000070ae00000, 0x000000070af00000|  0%| F|  |TAMS 0x000000070ae00000, 0x000000070ae00000| Untracked 
| 127|0x000000070af00000, 0x000000070af00000, 0x000000070b000000|  0%| F|  |TAMS 0x000000070af00000, 0x000000070af00000| Untracked 
| 128|0x000000070b000000, 0x000000070b000000, 0x000000070b100000|  0%| F|  |TAMS 0x000000070b000000, 0x000000070b000000| Untracked 
| 129|0x000000070b100000, 0x000000070b100000, 0x000000070b200000|  0%| F|  |TAMS 0x000000070b100000, 0x000000070b100000| Untracked 
| 130|0x000000070b200000, 0x000000070b200000, 0x000000070b300000|  0%| F|  |TAMS 0x000000070b200000, 0x000000070b200000| Untracked 
| 131|0x000000070b300000, 0x000000070b300000, 0x000000070b400000|  0%| F|  |TAMS 0x000000070b300000, 0x000000070b300000| Untracked 
| 132|0x000000070b400000, 0x000000070b400000, 0x000000070b500000|  0%| F|  |TAMS 0x000000070b400000, 0x000000070b400000| Untracked 
| 133|0x000000070b500000, 0x000000070b500000, 0x000000070b600000|  0%| F|  |TAMS 0x000000070b500000, 0x000000070b500000| Untracked 
| 134|0x000000070b600000, 0x000000070b600000, 0x000000070b700000|  0%| F|  |TAMS 0x000000070b600000, 0x000000070b600000| Untracked 
| 135|0x000000070b700000, 0x000000070b700000, 0x000000070b800000|  0%| F|  |TAMS 0x000000070b700000, 0x000000070b700000| Untracked 
| 136|0x000000070b800000, 0x000000070b800000, 0x000000070b900000|  0%| F|  |TAMS 0x000000070b800000, 0x000000070b800000| Untracked 
| 137|0x000000070b900000, 0x000000070b900000, 0x000000070ba00000|  0%| F|  |TAMS 0x000000070b900000, 0x000000070b900000| Untracked 
| 138|0x000000070ba00000, 0x000000070ba00000, 0x000000070bb00000|  0%| F|  |TAMS 0x000000070ba00000, 0x000000070ba00000| Untracked 
| 139|0x000000070bb00000, 0x000000070bb00000, 0x000000070bc00000|  0%| F|  |TAMS 0x000000070bb00000, 0x000000070bb00000| Untracked 
| 140|0x000000070bc00000, 0x000000070bc00000, 0x000000070bd00000|  0%| F|  |TAMS 0x000000070bc00000, 0x000000070bc00000| Untracked 
| 141|0x000000070bd00000, 0x000000070bd00000, 0x000000070be00000|  0%| F|  |TAMS 0x000000070bd00000, 0x000000070bd00000| Untracked 
| 142|0x000000070be00000, 0x000000070be00000, 0x000000070bf00000|  0%| F|  |TAMS 0x000000070be00000, 0x000000070be00000| Untracked 
| 143|0x000000070bf00000, 0x000000070bf00000, 0x000000070c000000|  0%| F|  |TAMS 0x000000070bf00000, 0x000000070bf00000| Untracked 
| 144|0x000000070c000000, 0x000000070c000000, 0x000000070c100000|  0%| F|  |TAMS 0x000000070c000000, 0x000000070c000000| Untracked 
| 145|0x000000070c100000, 0x000000070c100000, 0x000000070c200000|  0%| F|  |TAMS 0x000000070c100000, 0x000000070c100000| Untracked 
| 146|0x000000070c200000, 0x000000070c200000, 0x000000070c300000|  0%| F|  |TAMS 0x000000070c200000, 0x000000070c200000| Untracked 
| 147|0x000000070c300000, 0x000000070c300000, 0x000000070c400000|  0%| F|  |TAMS 0x000000070c300000, 0x000000070c300000| Untracked 
| 148|0x000000070c400000, 0x000000070c400000, 0x000000070c500000|  0%| F|  |TAMS 0x000000070c400000, 0x000000070c400000| Untracked 
| 149|0x000000070c500000, 0x000000070c500000, 0x000000070c600000|  0%| F|  |TAMS 0x000000070c500000, 0x000000070c500000| Untracked 
| 150|0x000000070c600000, 0x000000070c600000, 0x000000070c700000|  0%| F|  |TAMS 0x000000070c600000, 0x000000070c600000| Untracked 
| 151|0x000000070c700000, 0x000000070c700000, 0x000000070c800000|  0%| F|  |TAMS 0x000000070c700000, 0x000000070c700000| Untracked 
| 152|0x000000070c800000, 0x000000070c800000, 0x000000070c900000|  0%| F|  |TAMS 0x000000070c800000, 0x000000070c800000| Untracked 
| 153|0x000000070c900000, 0x000000070c900000, 0x000000070ca00000|  0%| F|  |TAMS 0x000000070c900000, 0x000000070c900000| Untracked 
| 154|0x000000070ca00000, 0x000000070ca00000, 0x000000070cb00000|  0%| F|  |TAMS 0x000000070ca00000, 0x000000070ca00000| Untracked 
| 155|0x000000070cb00000, 0x000000070cb00000, 0x000000070cc00000|  0%| F|  |TAMS 0x000000070cb00000, 0x000000070cb00000| Untracked 
| 156|0x000000070cc00000, 0x000000070cc00000, 0x000000070cd00000|  0%| F|  |TAMS 0x000000070cc00000, 0x000000070cc00000| Untracked 
| 157|0x000000070cd00000, 0x000000070cd00000, 0x000000070ce00000|  0%| F|  |TAMS 0x000000070cd00000, 0x000000070cd00000| Untracked 
| 158|0x000000070ce00000, 0x000000070ce00000, 0x000000070cf00000|  0%| F|  |TAMS 0x000000070ce00000, 0x000000070ce00000| Untracked 
| 159|0x000000070cf00000, 0x000000070cf00000, 0x000000070d000000|  0%| F|  |TAMS 0x000000070cf00000, 0x000000070cf00000| Untracked 
| 160|0x000000070d000000, 0x000000070d000000, 0x000000070d100000|  0%| F|  |TAMS 0x000000070d000000, 0x000000070d000000| Untracked 
| 161|0x000000070d100000, 0x000000070d100000, 0x000000070d200000|  0%| F|  |TAMS 0x000000070d100000, 0x000000070d100000| Untracked 
| 162|0x000000070d200000, 0x000000070d200000, 0x000000070d300000|  0%| F|  |TAMS 0x000000070d200000, 0x000000070d200000| Untracked 
| 163|0x000000070d300000, 0x000000070d300000, 0x000000070d400000|  0%| F|  |TAMS 0x000000070d300000, 0x000000070d300000| Untracked 
| 164|0x000000070d400000, 0x000000070d400000, 0x000000070d500000|  0%| F|  |TAMS 0x000000070d400000, 0x000000070d400000| Untracked 
| 165|0x000000070d500000, 0x000000070d500000, 0x000000070d600000|  0%| F|  |TAMS 0x000000070d500000, 0x000000070d500000| Untracked 
| 166|0x000000070d600000, 0x000000070d600000, 0x000000070d700000|  0%| F|  |TAMS 0x000000070d600000, 0x000000070d600000| Untracked 
| 167|0x000000070d700000, 0x000000070d700000, 0x000000070d800000|  0%| F|  |TAMS 0x000000070d700000, 0x000000070d700000| Untracked 
| 168|0x000000070d800000, 0x000000070d800000, 0x000000070d900000|  0%| F|  |TAMS 0x000000070d800000, 0x000000070d800000| Untracked 
| 169|0x000000070d900000, 0x000000070d900000, 0x000000070da00000|  0%| F|  |TAMS 0x000000070d900000, 0x000000070d900000| Untracked 
| 170|0x000000070da00000, 0x000000070da00000, 0x000000070db00000|  0%| F|  |TAMS 0x000000070da00000, 0x000000070da00000| Untracked 
| 171|0x000000070db00000, 0x000000070dc00000, 0x000000070dc00000|100%| E|  |TAMS 0x000000070db00000, 0x000000070db00000| Complete 
| 172|0x000000070dc00000, 0x000000070dd00000, 0x000000070dd00000|100%| E|CS|TAMS 0x000000070dc00000, 0x000000070dc00000| Complete 
| 173|0x000000070dd00000, 0x000000070de00000, 0x000000070de00000|100%| E|CS|TAMS 0x000000070dd00000, 0x000000070dd00000| Complete 
| 174|0x000000070de00000, 0x000000070df00000, 0x000000070df00000|100%| E|CS|TAMS 0x000000070de00000, 0x000000070de00000| Complete 
| 175|0x000000070df00000, 0x000000070e000000, 0x000000070e000000|100%| E|CS|TAMS 0x000000070df00000, 0x000000070df00000| Complete 
| 176|0x000000070e000000, 0x000000070e100000, 0x000000070e100000|100%| E|CS|TAMS 0x000000070e000000, 0x000000070e000000| Complete 
| 177|0x000000070e100000, 0x000000070e200000, 0x000000070e200000|100%| E|CS|TAMS 0x000000070e100000, 0x000000070e100000| Complete 
| 178|0x000000070e200000, 0x000000070e300000, 0x000000070e300000|100%| E|CS|TAMS 0x000000070e200000, 0x000000070e200000| Complete 
| 179|0x000000070e300000, 0x000000070e400000, 0x000000070e400000|100%| E|CS|TAMS 0x000000070e300000, 0x000000070e300000| Complete 
| 180|0x000000070e400000, 0x000000070e500000, 0x000000070e500000|100%| E|CS|TAMS 0x000000070e400000, 0x000000070e400000| Complete 
| 181|0x000000070e500000, 0x000000070e600000, 0x000000070e600000|100%| E|CS|TAMS 0x000000070e500000, 0x000000070e500000| Complete 
| 182|0x000000070e600000, 0x000000070e700000, 0x000000070e700000|100%| E|CS|TAMS 0x000000070e600000, 0x000000070e600000| Complete 
| 183|0x000000070e700000, 0x000000070e800000, 0x000000070e800000|100%| E|CS|TAMS 0x000000070e700000, 0x000000070e700000| Complete 
| 184|0x000000070e800000, 0x000000070e900000, 0x000000070e900000|100%| E|CS|TAMS 0x000000070e800000, 0x000000070e800000| Complete 
| 185|0x000000070e900000, 0x000000070ea00000, 0x000000070ea00000|100%| E|CS|TAMS 0x000000070e900000, 0x000000070e900000| Complete 
| 186|0x000000070ea00000, 0x000000070eb00000, 0x000000070eb00000|100%| E|CS|TAMS 0x000000070ea00000, 0x000000070ea00000| Complete 
| 187|0x000000070eb00000, 0x000000070ec00000, 0x000000070ec00000|100%| E|CS|TAMS 0x000000070eb00000, 0x000000070eb00000| Complete 
| 188|0x000000070ec00000, 0x000000070ed00000, 0x000000070ed00000|100%| E|CS|TAMS 0x000000070ec00000, 0x000000070ec00000| Complete 
| 189|0x000000070ed00000, 0x000000070ee00000, 0x000000070ee00000|100%| E|CS|TAMS 0x000000070ed00000, 0x000000070ed00000| Complete 
| 190|0x000000070ee00000, 0x000000070ef00000, 0x000000070ef00000|100%| E|CS|TAMS 0x000000070ee00000, 0x000000070ee00000| Complete 
| 191|0x000000070ef00000, 0x000000070f000000, 0x000000070f000000|100%| E|CS|TAMS 0x000000070ef00000, 0x000000070ef00000| Complete 
| 192|0x000000070f000000, 0x000000070f100000, 0x000000070f100000|100%| E|CS|TAMS 0x000000070f000000, 0x000000070f000000| Complete 
| 193|0x000000070f100000, 0x000000070f200000, 0x000000070f200000|100%| E|CS|TAMS 0x000000070f100000, 0x000000070f100000| Complete 
| 194|0x000000070f200000, 0x000000070f300000, 0x000000070f300000|100%| E|CS|TAMS 0x000000070f200000, 0x000000070f200000| Complete 
| 195|0x000000070f300000, 0x000000070f400000, 0x000000070f400000|100%| E|CS|TAMS 0x000000070f300000, 0x000000070f300000| Complete 
| 196|0x000000070f400000, 0x000000070f500000, 0x000000070f500000|100%| E|CS|TAMS 0x000000070f400000, 0x000000070f400000| Complete 
| 197|0x000000070f500000, 0x000000070f600000, 0x000000070f600000|100%| E|CS|TAMS 0x000000070f500000, 0x000000070f500000| Complete 
| 198|0x000000070f600000, 0x000000070f700000, 0x000000070f700000|100%| E|CS|TAMS 0x000000070f600000, 0x000000070f600000| Complete 
| 199|0x000000070f700000, 0x000000070f800000, 0x000000070f800000|100%| E|CS|TAMS 0x000000070f700000, 0x000000070f700000| Complete 
| 200|0x000000070f800000, 0x000000070f900000, 0x000000070f900000|100%| E|CS|TAMS 0x000000070f800000, 0x000000070f800000| Complete 
| 201|0x000000070f900000, 0x000000070fa00000, 0x000000070fa00000|100%| E|CS|TAMS 0x000000070f900000, 0x000000070f900000| Complete 
| 202|0x000000070fa00000, 0x000000070fb00000, 0x000000070fb00000|100%| E|CS|TAMS 0x000000070fa00000, 0x000000070fa00000| Complete 
| 203|0x000000070fb00000, 0x000000070fc00000, 0x000000070fc00000|100%| E|CS|TAMS 0x000000070fb00000, 0x000000070fb00000| Complete 
| 204|0x000000070fc00000, 0x000000070fd00000, 0x000000070fd00000|100%| E|CS|TAMS 0x000000070fc00000, 0x000000070fc00000| Complete 
| 205|0x000000070fd00000, 0x000000070fe00000, 0x000000070fe00000|100%| E|CS|TAMS 0x000000070fd00000, 0x000000070fd00000| Complete 
| 206|0x000000070fe00000, 0x000000070ff00000, 0x000000070ff00000|100%| E|CS|TAMS 0x000000070fe00000, 0x000000070fe00000| Complete 
| 207|0x000000070ff00000, 0x0000000710000000, 0x0000000710000000|100%| E|CS|TAMS 0x000000070ff00000, 0x000000070ff00000| Complete 
| 208|0x0000000710000000, 0x0000000710100000, 0x0000000710100000|100%| E|CS|TAMS 0x0000000710000000, 0x0000000710000000| Complete 
| 209|0x0000000710100000, 0x0000000710200000, 0x0000000710200000|100%| E|CS|TAMS 0x0000000710100000, 0x0000000710100000| Complete 
| 210|0x0000000710200000, 0x0000000710300000, 0x0000000710300000|100%| E|CS|TAMS 0x0000000710200000, 0x0000000710200000| Complete 
| 211|0x0000000710300000, 0x0000000710400000, 0x0000000710400000|100%| E|CS|TAMS 0x0000000710300000, 0x0000000710300000| Complete 
| 212|0x0000000710400000, 0x0000000710500000, 0x0000000710500000|100%| E|CS|TAMS 0x0000000710400000, 0x0000000710400000| Complete 
| 213|0x0000000710500000, 0x0000000710600000, 0x0000000710600000|100%| E|CS|TAMS 0x0000000710500000, 0x0000000710500000| Complete 
| 214|0x0000000710600000, 0x0000000710700000, 0x0000000710700000|100%| E|CS|TAMS 0x0000000710600000, 0x0000000710600000| Complete 
| 215|0x0000000710700000, 0x0000000710800000, 0x0000000710800000|100%| E|CS|TAMS 0x0000000710700000, 0x0000000710700000| Complete 
| 216|0x0000000710800000, 0x0000000710900000, 0x0000000710900000|100%| E|CS|TAMS 0x0000000710800000, 0x0000000710800000| Complete 
| 217|0x0000000710900000, 0x0000000710a00000, 0x0000000710a00000|100%| E|CS|TAMS 0x0000000710900000, 0x0000000710900000| Complete 
| 218|0x0000000710a00000, 0x0000000710b00000, 0x0000000710b00000|100%| E|CS|TAMS 0x0000000710a00000, 0x0000000710a00000| Complete 
| 219|0x0000000710b00000, 0x0000000710c00000, 0x0000000710c00000|100%| E|CS|TAMS 0x0000000710b00000, 0x0000000710b00000| Complete 
| 220|0x0000000710c00000, 0x0000000710d00000, 0x0000000710d00000|100%| E|CS|TAMS 0x0000000710c00000, 0x0000000710c00000| Complete 
| 221|0x0000000710d00000, 0x0000000710e00000, 0x0000000710e00000|100%| E|CS|TAMS 0x0000000710d00000, 0x0000000710d00000| Complete 
| 222|0x0000000710e00000, 0x0000000710f00000, 0x0000000710f00000|100%| E|CS|TAMS 0x0000000710e00000, 0x0000000710e00000| Complete 
| 223|0x0000000710f00000, 0x0000000711000000, 0x0000000711000000|100%| E|CS|TAMS 0x0000000710f00000, 0x0000000710f00000| Complete 
| 224|0x0000000711000000, 0x0000000711100000, 0x0000000711100000|100%| E|CS|TAMS 0x0000000711000000, 0x0000000711000000| Complete 
| 225|0x0000000711100000, 0x0000000711200000, 0x0000000711200000|100%| E|CS|TAMS 0x0000000711100000, 0x0000000711100000| Complete 
| 226|0x0000000711200000, 0x0000000711300000, 0x0000000711300000|100%| E|CS|TAMS 0x0000000711200000, 0x0000000711200000| Complete 
| 227|0x0000000711300000, 0x0000000711400000, 0x0000000711400000|100%| E|CS|TAMS 0x0000000711300000, 0x0000000711300000| Complete 
| 228|0x0000000711400000, 0x0000000711500000, 0x0000000711500000|100%| E|CS|TAMS 0x0000000711400000, 0x0000000711400000| Complete 
| 229|0x0000000711500000, 0x0000000711600000, 0x0000000711600000|100%| E|CS|TAMS 0x0000000711500000, 0x0000000711500000| Complete 
| 230|0x0000000711600000, 0x0000000711700000, 0x0000000711700000|100%| E|CS|TAMS 0x0000000711600000, 0x0000000711600000| Complete 
| 231|0x0000000711700000, 0x00000007117523c0, 0x0000000711800000| 32%| S|CS|TAMS 0x0000000711700000, 0x0000000711700000| Complete 
| 232|0x0000000711800000, 0x0000000711900000, 0x0000000711900000|100%| E|CS|TAMS 0x0000000711800000, 0x0000000711800000| Complete 
| 233|0x0000000711900000, 0x0000000711a00000, 0x0000000711a00000|100%| E|CS|TAMS 0x0000000711900000, 0x0000000711900000| Complete 
| 234|0x0000000711a00000, 0x0000000711b00000, 0x0000000711b00000|100%| E|CS|TAMS 0x0000000711a00000, 0x0000000711a00000| Complete 
| 235|0x0000000711b00000, 0x0000000711c00000, 0x0000000711c00000|100%| E|CS|TAMS 0x0000000711b00000, 0x0000000711b00000| Complete 
| 236|0x0000000711c00000, 0x0000000711d00000, 0x0000000711d00000|100%| E|CS|TAMS 0x0000000711c00000, 0x0000000711c00000| Complete 
| 237|0x0000000711d00000, 0x0000000711e00000, 0x0000000711e00000|100%| E|CS|TAMS 0x0000000711d00000, 0x0000000711d00000| Complete 
| 238|0x0000000711e00000, 0x0000000711f00000, 0x0000000711f00000|100%| E|CS|TAMS 0x0000000711e00000, 0x0000000711e00000| Complete 
| 239|0x0000000711f00000, 0x0000000712000000, 0x0000000712000000|100%| S|CS|TAMS 0x0000000711f00000, 0x0000000711f00000| Complete 
| 240|0x0000000712000000, 0x0000000712100000, 0x0000000712100000|100%| S|CS|TAMS 0x0000000712000000, 0x0000000712000000| Complete 
| 241|0x0000000712100000, 0x0000000712200000, 0x0000000712200000|100%| S|CS|TAMS 0x0000000712100000, 0x0000000712100000| Complete 
| 242|0x0000000712200000, 0x0000000712300000, 0x0000000712300000|100%| S|CS|TAMS 0x0000000712200000, 0x0000000712200000| Complete 
| 243|0x0000000712300000, 0x0000000712400000, 0x0000000712400000|100%| S|CS|TAMS 0x0000000712300000, 0x0000000712300000| Complete 
| 244|0x0000000712400000, 0x0000000712500000, 0x0000000712500000|100%| S|CS|TAMS 0x0000000712400000, 0x0000000712400000| Complete 
| 245|0x0000000712500000, 0x0000000712600000, 0x0000000712600000|100%| E|CS|TAMS 0x0000000712500000, 0x0000000712500000| Complete 
| 246|0x0000000712600000, 0x0000000712700000, 0x0000000712700000|100%| S|CS|TAMS 0x0000000712600000, 0x0000000712600000| Complete 
| 247|0x0000000712700000, 0x0000000712800000, 0x0000000712800000|100%| E|CS|TAMS 0x0000000712700000, 0x0000000712700000| Complete 
| 248|0x0000000712800000, 0x0000000712900000, 0x0000000712900000|100%| E|CS|TAMS 0x0000000712800000, 0x0000000712800000| Complete 
| 249|0x0000000712900000, 0x0000000712a00000, 0x0000000712a00000|100%| E|CS|TAMS 0x0000000712900000, 0x0000000712900000| Complete 
| 250|0x0000000712a00000, 0x0000000712b00000, 0x0000000712b00000|100%| E|CS|TAMS 0x0000000712a00000, 0x0000000712a00000| Complete 
| 251|0x0000000712b00000, 0x0000000712c00000, 0x0000000712c00000|100%| E|CS|TAMS 0x0000000712b00000, 0x0000000712b00000| Complete 
| 252|0x0000000712c00000, 0x0000000712d00000, 0x0000000712d00000|100%| E|CS|TAMS 0x0000000712c00000, 0x0000000712c00000| Complete 
| 253|0x0000000712d00000, 0x0000000712e00000, 0x0000000712e00000|100%| E|CS|TAMS 0x0000000712d00000, 0x0000000712d00000| Complete 

Card table byte_map: [0x000001de6ab40000,0x000001de6b330000] _byte_map_base: 0x000001de67328000

Marking Bits (Prev, Next): (CMBitMap*) 0x000001de5277e538, (CMBitMap*) 0x000001de5277e570
 Prev Bits: [0x000001de6bb20000, 0x000001de6fa60000)
 Next Bits: [0x000001de6fa60000, 0x000001de739a0000)

Polling page: 0x000001de50380000

Metaspace:

Usage:
  Non-class:     36.04 MB capacity,    35.67 MB ( 99%) used,   292.13 KB ( <1%) free+waste,    85.31 KB ( <1%) overhead. 
      Class:      5.21 MB capacity,     4.96 MB ( 95%) used,   219.01 KB (  4%) free+waste,    39.75 KB ( <1%) overhead. 
       Both:     41.25 MB capacity,    40.63 MB ( 98%) used,   511.14 KB (  1%) free+waste,   125.06 KB ( <1%) overhead. 

Virtual space:
  Non-class space:       38.00 MB reserved,      36.17 MB ( 95%) committed 
      Class space:        1.00 GB reserved,       5.25 MB ( <1%) committed 
             Both:        1.04 GB reserved,      41.42 MB (  4%) committed 

Chunk freelists:
   Non-Class:  12.00 KB
       Class:  7.00 KB
        Both:  19.00 KB

MaxMetaspaceSize: 17179869184.00 GB
CompressedClassSpaceSize: 1.00 GB

CodeHeap 'non-profiled nmethods': size=120000Kb used=3416Kb max_used=3416Kb free=116583Kb
 bounds [0x000001de628c0000, 0x000001de62c20000, 0x000001de69df0000]
CodeHeap 'profiled nmethods': size=120000Kb used=12032Kb max_used=12032Kb free=107967Kb
 bounds [0x000001de5b390000, 0x000001de5bf60000, 0x000001de628c0000]
CodeHeap 'non-nmethods': size=5760Kb used=1348Kb max_used=1395Kb free=4411Kb
 bounds [0x000001de5adf0000, 0x000001de5b060000, 0x000001de5b390000]
 total_blobs=6144 nmethods=5372 adapters=679
 compilation: enabled
              stopped_count=0, restarted_count=0
 full_count=0

Compilation events (20 events):
Event: 28.665 Thread 0x000001de77070000 nmethod 5365 0x000001de5bf41a90 code [0x000001de5bf41d20, 0x000001de5bf42b78]
Event: 28.760 Thread 0x000001de77070000 5366       3       fr.ign.cogit.geoxygene.spatial.coordgeom.GM_LineString::addControlPoint (43 bytes)
Event: 28.761 Thread 0x000001de77070000 nmethod 5366 0x000001de5bf42d10 code [0x000001de5bf42f40, 0x000001de5bf43828]
Event: 28.761 Thread 0x000001de77070000 5367       3       fr.ign.cogit.geoxygene.spatial.coordgeom.GM_CurveSegment::<init> (5 bytes)
Event: 28.761 Thread 0x000001de77070000 nmethod 5367 0x000001de5bf43b10 code [0x000001de5bf43d00, 0x000001de5bf44208]
Event: 28.764 Thread 0x000001de77070000 5370       3       fr.ign.cogit.geoxygene.util.conversion.AdapterFactory::toGeometry (781 bytes)
Event: 28.764 Thread 0x000001de77068800 5374       4       java.util.Arrays$ArrayItr::hasNext (18 bytes)
Event: 28.764 Thread 0x000001de77068800 nmethod 5374 0x000001de62c15090 code [0x000001de62c15220, 0x000001de62c152b8]
Event: 28.767 Thread 0x000001de77070000 nmethod 5370 0x000001de5bf44390 code [0x000001de5bf44e40, 0x000001de5bf4d5a8]
Event: 28.767 Thread 0x000001de77070000 5368       1       fr.ign.cogit.geoxygene.spatial.geomprim.GM_Point::getPosition (5 bytes)
Event: 28.767 Thread 0x000001de77070000 nmethod 5368 0x000001de62c15390 code [0x000001de62c15540, 0x000001de62c155f8]
Event: 28.767 Thread 0x000001de77070000 5371       1       fr.ign.cogit.cartagen.graph.triangulation.impl.TriangulationPointImpl::getGeom (5 bytes)
Event: 28.767 Thread 0x000001de77070000 nmethod 5371 0x000001de62c15690 code [0x000001de62c15840, 0x000001de62c158f8]
Event: 28.767 Thread 0x000001de77070000 5369       3       fr.ign.cogit.geoxygene.spatial.coordgeom.GM_LineString::<init> (7 bytes)
Event: 28.767 Thread 0x000001de77070000 nmethod 5369 0x000001de5bf4f690 code [0x000001de5bf4f880, 0x000001de5bf4fd18]
Event: 28.767 Thread 0x000001de77070000 5372       1       fr.ign.cogit.cartagen.graph.Edge::hashCode (5 bytes)
Event: 28.767 Thread 0x000001de77070000 nmethod 5372 0x000001de62c15990 code [0x000001de62c15b40, 0x000001de62c15bf8]
Event: 28.767 Thread 0x000001de77070000 5373       1       fr.ign.cogit.cartagen.graph.triangulation.impl.TriangulationPointImpl::getSegments (5 bytes)
Event: 28.767 Thread 0x000001de77070000 nmethod 5373 0x000001de62c15c90 code [0x000001de62c15e40, 0x000001de62c15ef8]
Event: 28.768 Thread 0x000001de77070000 5375       3       fr.ign.cogit.cartagen.graph.triangulation.impl.TriangulationPointImpl::getPosition (10 bytes)

GC Heap History (20 events):
Event: 8.467 GC heap before
{Heap before GC invocations=6 (full 0):
 garbage-first heap   total 260096K, used 145665K [0x0000000703000000, 0x0000000800000000)
  region size 1024K, 90 young (92160K), 3 survivors (3072K)
 Metaspace       used 33610K, capacity 34129K, committed 34224K, reserved 1079296K
  class space    used 4075K, capacity 4287K, committed 4352K, reserved 1048576K
}
Event: 8.475 GC heap after
{Heap after GC invocations=7 (full 0):
 garbage-first heap   total 260096K, used 60273K [0x0000000703000000, 0x0000000800000000)
  region size 1024K, 7 young (7168K), 7 survivors (7168K)
 Metaspace       used 33610K, capacity 34129K, committed 34224K, reserved 1079296K
  class space    used 4075K, capacity 4287K, committed 4352K, reserved 1048576K
}
Event: 9.195 GC heap before
{Heap before GC invocations=8 (full 0):
 garbage-first heap   total 260096K, used 144241K [0x0000000703000000, 0x0000000800000000)
  region size 1024K, 108 young (110592K), 7 survivors (7168K)
 Metaspace       used 37187K, capacity 37787K, committed 38064K, reserved 1083392K
  class space    used 4575K, capacity 4826K, committed 4864K, reserved 1048576K
}
Event: 9.199 GC heap after
{Heap after GC invocations=9 (full 0):
 garbage-first heap   total 260096K, used 42418K [0x0000000703000000, 0x0000000800000000)
  region size 1024K, 9 young (9216K), 9 survivors (9216K)
 Metaspace       used 37187K, capacity 37787K, committed 38064K, reserved 1083392K
  class space    used 4575K, capacity 4826K, committed 4864K, reserved 1048576K
}
Event: 10.967 GC heap before
{Heap before GC invocations=9 (full 0):
 garbage-first heap   total 260096K, used 151986K [0x0000000703000000, 0x0000000800000000)
  region size 1024K, 38 young (38912K), 9 survivors (9216K)
 Metaspace       used 38885K, capacity 39475K, committed 39600K, reserved 1083392K
  class space    used 4783K, capacity 5028K, committed 5120K, reserved 1048576K
}
Event: 10.975 GC heap after
{Heap after GC invocations=10 (full 0):
 garbage-first heap   total 260096K, used 79665K [0x0000000703000000, 0x0000000800000000)
  region size 1024K, 9 young (9216K), 9 survivors (9216K)
 Metaspace       used 38885K, capacity 39475K, committed 39600K, reserved 1083392K
  class space    used 4783K, capacity 5028K, committed 5120K, reserved 1048576K
}
Event: 11.189 GC heap before
{Heap before GC invocations=11 (full 0):
 garbage-first heap   total 260096K, used 128817K [0x0000000703000000, 0x0000000800000000)
  region size 1024K, 16 young (16384K), 9 survivors (9216K)
 Metaspace       used 38981K, capacity 39574K, committed 39856K, reserved 1083392K
  class space    used 4785K, capacity 5061K, committed 5120K, reserved 1048576K
}
Event: 11.194 GC heap after
{Heap after GC invocations=12 (full 0):
 garbage-first heap   total 260096K, used 68684K [0x0000000703000000, 0x0000000800000000)
  region size 1024K, 8 young (8192K), 8 survivors (8192K)
 Metaspace       used 38981K, capacity 39574K, committed 39856K, reserved 1083392K
  class space    used 4785K, capacity 5061K, committed 5120K, reserved 1048576K
}
Event: 11.319 GC heap before
{Heap before GC invocations=13 (full 0):
 garbage-first heap   total 260096K, used 130124K [0x0000000703000000, 0x0000000800000000)
  region size 1024K, 15 young (15360K), 8 survivors (8192K)
 Metaspace       used 39104K, capacity 39766K, committed 39856K, reserved 1083392K
  class space    used 4785K, capacity 5061K, committed 5120K, reserved 1048576K
}
Event: 11.326 GC heap after
{Heap after GC invocations=14 (full 0):
 garbage-first heap   total 260096K, used 74786K [0x0000000703000000, 0x0000000800000000)
  region size 1024K, 8 young (8192K), 8 survivors (8192K)
 Metaspace       used 39104K, capacity 39766K, committed 39856K, reserved 1083392K
  class space    used 4785K, capacity 5061K, committed 5120K, reserved 1048576K
}
Event: 12.123 GC heap before
{Heap before GC invocations=15 (full 0):
 garbage-first heap   total 260096K, used 131106K [0x0000000703000000, 0x0000000800000000)
  region size 1024K, 17 young (17408K), 8 survivors (8192K)
 Metaspace       used 39199K, capacity 39830K, committed 40112K, reserved 1085440K
  class space    used 4787K, capacity 5061K, committed 5120K, reserved 1048576K
}
Event: 12.128 GC heap after
{Heap after GC invocations=16 (full 0):
 garbage-first heap   total 260096K, used 75171K [0x0000000703000000, 0x0000000800000000)
  region size 1024K, 8 young (8192K), 8 survivors (8192K)
 Metaspace       used 39199K, capacity 39830K, committed 40112K, reserved 1085440K
  class space    used 4787K, capacity 5061K, committed 5120K, reserved 1048576K
}
Event: 12.718 GC heap before
{Heap before GC invocations=17 (full 0):
 garbage-first heap   total 260096K, used 130467K [0x0000000703000000, 0x0000000800000000)
  region size 1024K, 15 young (15360K), 8 survivors (8192K)
 Metaspace       used 39242K, capacity 39894K, committed 40112K, reserved 1085440K
  class space    used 4787K, capacity 5061K, committed 5120K, reserved 1048576K
}
Event: 12.722 GC heap after
{Heap after GC invocations=18 (full 0):
 garbage-first heap   total 260096K, used 77840K [0x0000000703000000, 0x0000000800000000)
  region size 1024K, 8 young (8192K), 8 survivors (8192K)
 Metaspace       used 39242K, capacity 39894K, committed 40112K, reserved 1085440K
  class space    used 4787K, capacity 5061K, committed 5120K, reserved 1048576K
}
Event: 13.098 GC heap before
{Heap before GC invocations=19 (full 0):
 garbage-first heap   total 260096K, used 128016K [0x0000000703000000, 0x0000000800000000)
  region size 1024K, 13 young (13312K), 8 survivors (8192K)
 Metaspace       used 39265K, capacity 39958K, committed 40112K, reserved 1085440K
  class space    used 4787K, capacity 5061K, committed 5120K, reserved 1048576K
}
Event: 13.102 GC heap after
{Heap after GC invocations=20 (full 0):
 garbage-first heap   total 260096K, used 74604K [0x0000000703000000, 0x0000000800000000)
  region size 1024K, 8 young (8192K), 8 survivors (8192K)
 Metaspace       used 39265K, capacity 39958K, committed 40112K, reserved 1085440K
  class space    used 4787K, capacity 5061K, committed 5120K, reserved 1048576K
}
Event: 14.046 GC heap before
{Heap before GC invocations=21 (full 0):
 garbage-first heap   total 260096K, used 128876K [0x0000000703000000, 0x0000000800000000)
  region size 1024K, 14 young (14336K), 8 survivors (8192K)
 Metaspace       used 39294K, capacity 39958K, committed 40112K, reserved 1085440K
  class space    used 4787K, capacity 5061K, committed 5120K, reserved 1048576K
}
Event: 14.050 GC heap after
{Heap after GC invocations=22 (full 0):
 garbage-first heap   total 260096K, used 71702K [0x0000000703000000, 0x0000000800000000)
  region size 1024K, 8 young (8192K), 8 survivors (8192K)
 Metaspace       used 39294K, capacity 39958K, committed 40112K, reserved 1085440K
  class space    used 4787K, capacity 5061K, committed 5120K, reserved 1048576K
}
Event: 14.344 GC heap before
{Heap before GC invocations=23 (full 0):
 garbage-first heap   total 260096K, used 130070K [0x0000000703000000, 0x0000000800000000)
  region size 1024K, 15 young (15360K), 8 survivors (8192K)
 Metaspace       used 39327K, capacity 40022K, committed 40112K, reserved 1085440K
  class space    used 4787K, capacity 5061K, committed 5120K, reserved 1048576K
}
Event: 14.353 GC heap after
{Heap after GC invocations=24 (full 0):
 garbage-first heap   total 260096K, used 74769K [0x0000000703000000, 0x0000000800000000)
  region size 1024K, 8 young (8192K), 8 survivors (8192K)
 Metaspace       used 39327K, capacity 40022K, committed 40112K, reserved 1085440K
  class space    used 4787K, capacity 5061K, committed 5120K, reserved 1048576K
}

Deoptimization events (20 events):
Event: 19.750 Thread 0x000001de78635800 Uncommon trap: trap_request=0xffffff4d fr.pc=0x000001de62ba572c relative=0x0000000000000dac
Event: 19.750 Thread 0x000001de78635800 Uncommon trap: reason=unstable_if action=reinterpret pc=0x000001de62ba572c method=java.awt.Container.getMouseEventTargetImpl(IIZLjava/awt/Container$EventTargetFilter;ZZ)Ljava/awt/Component; @ 218 c2
Event: 19.750 Thread 0x000001de78635800 DEOPT PACKING pc=0x000001de62ba572c sp=0x000000b2805fb800
Event: 19.750 Thread 0x000001de78635800 DEOPT UNPACKING pc=0x000001de5ae17b2f sp=0x000000b2805fb708 mode 2
Event: 25.308 Thread 0x000001de78635800 Uncommon trap: trap_request=0xffffff4d fr.pc=0x000001de62a9a448 relative=0x0000000000000ca8
Event: 25.308 Thread 0x000001de78635800 Uncommon trap: reason=unstable_if action=reinterpret pc=0x000001de62a9a448 method=javax.swing.UIDefaults$TextAndMnemonicHashMap.get(Ljava/lang/Object;)Ljava/lang/Object; @ 244 c2
Event: 25.308 Thread 0x000001de78635800 DEOPT PACKING pc=0x000001de62a9a448 sp=0x000000b2805fac50
Event: 25.308 Thread 0x000001de78635800 DEOPT UNPACKING pc=0x000001de5ae17b2f sp=0x000000b2805fabe0 mode 2
Event: 25.310 Thread 0x000001de7994f800 Uncommon trap: trap_request=0xffffff6e fr.pc=0x000001de62ae4aac relative=0x000000000000130c
Event: 25.310 Thread 0x000001de7994f800 Uncommon trap: reason=speculate_class_check action=maybe_recompile pc=0x000001de62ae4aac method=java.util.zip.InflaterInputStream.read([BII)I @ 100 c2
Event: 25.310 Thread 0x000001de7994f800 DEOPT PACKING pc=0x000001de62ae4aac sp=0x000000b2818ff090
Event: 25.310 Thread 0x000001de7994f800 DEOPT UNPACKING pc=0x000001de5ae17b2f sp=0x000000b2818ff0d0 mode 2
Event: 25.310 Thread 0x000001de7994f800 DEOPT PACKING pc=0x000001de5b7de6ed sp=0x000000b2818ff180
Event: 25.310 Thread 0x000001de7994f800 DEOPT UNPACKING pc=0x000001de5ae1794e sp=0x000000b2818fe620 mode 0
Event: 25.310 Thread 0x000001de7994f800 Uncommon trap: trap_request=0xffffff6e fr.pc=0x000001de62ae4aac relative=0x000000000000130c
Event: 25.310 Thread 0x000001de7994f800 Uncommon trap: reason=speculate_class_check action=maybe_recompile pc=0x000001de62ae4aac method=java.util.zip.InflaterInputStream.read([BII)I @ 100 c2
Event: 25.310 Thread 0x000001de7994f800 DEOPT PACKING pc=0x000001de62ae4aac sp=0x000000b2818fef00
Event: 25.310 Thread 0x000001de7994f800 DEOPT UNPACKING pc=0x000001de5ae17b2f sp=0x000000b2818fef40 mode 2
Event: 27.042 Thread 0x000001de78635800 DEOPT PACKING pc=0x000001de5bc8e4cb sp=0x000000b2805f71f0
Event: 27.042 Thread 0x000001de78635800 DEOPT UNPACKING pc=0x000001de5ae1794e sp=0x000000b2805f6688 mode 0

Classes redefined (0 events):
No events

Internal exceptions (20 events):
Event: 28.759 Thread 0x000001de78635800 Exception <a 'java/security/PrivilegedActionException'{0x000000070db30fd8}> (0x000000070db30fd8) thrown at [./src/hotspot/share/prims/jvm.cpp, line 1306]
Event: 28.760 Thread 0x000001de78635800 Exception <a 'java/security/PrivilegedActionException'{0x000000070db31550}> (0x000000070db31550) thrown at [./src/hotspot/share/prims/jvm.cpp, line 1306]
Event: 28.760 Thread 0x000001de78635800 Exception <a 'java/security/PrivilegedActionException'{0x000000070db32bd8}> (0x000000070db32bd8) thrown at [./src/hotspot/share/prims/jvm.cpp, line 1306]
Event: 28.760 Thread 0x000001de78635800 Exception <a 'java/security/PrivilegedActionException'{0x000000070db33150}> (0x000000070db33150) thrown at [./src/hotspot/share/prims/jvm.cpp, line 1306]
Event: 28.760 Thread 0x000001de78635800 Exception <a 'java/security/PrivilegedActionException'{0x000000070db35390}> (0x000000070db35390) thrown at [./src/hotspot/share/prims/jvm.cpp, line 1306]
Event: 28.760 Thread 0x000001de78635800 Exception <a 'java/security/PrivilegedActionException'{0x000000070db35908}> (0x000000070db35908) thrown at [./src/hotspot/share/prims/jvm.cpp, line 1306]
Event: 28.760 Thread 0x000001de78635800 Exception <a 'java/security/PrivilegedActionException'{0x000000070db371f8}> (0x000000070db371f8) thrown at [./src/hotspot/share/prims/jvm.cpp, line 1306]
Event: 28.760 Thread 0x000001de78635800 Exception <a 'java/security/PrivilegedActionException'{0x000000070db37770}> (0x000000070db37770) thrown at [./src/hotspot/share/prims/jvm.cpp, line 1306]
Event: 28.760 Thread 0x000001de78635800 Exception <a 'java/security/PrivilegedActionException'{0x000000070db3f778}> (0x000000070db3f778) thrown at [./src/hotspot/share/prims/jvm.cpp, line 1306]
Event: 28.760 Thread 0x000001de78635800 Exception <a 'java/security/PrivilegedActionException'{0x000000070db3fcf0}> (0x000000070db3fcf0) thrown at [./src/hotspot/share/prims/jvm.cpp, line 1306]
Event: 28.760 Thread 0x000001de78635800 Exception <a 'java/security/PrivilegedActionException'{0x000000070db41370}> (0x000000070db41370) thrown at [./src/hotspot/share/prims/jvm.cpp, line 1306]
Event: 28.760 Thread 0x000001de78635800 Exception <a 'java/security/PrivilegedActionException'{0x000000070db418e8}> (0x000000070db418e8) thrown at [./src/hotspot/share/prims/jvm.cpp, line 1306]
Event: 28.762 Thread 0x000001de78635800 Exception <a 'java/security/PrivilegedActionException'{0x000000070db5f2b8}> (0x000000070db5f2b8) thrown at [./src/hotspot/share/prims/jvm.cpp, line 1306]
Event: 28.762 Thread 0x000001de78635800 Exception <a 'java/security/PrivilegedActionException'{0x000000070db5fad8}> (0x000000070db5fad8) thrown at [./src/hotspot/share/prims/jvm.cpp, line 1306]
Event: 28.762 Thread 0x000001de78635800 Exception <a 'java/security/PrivilegedActionException'{0x000000070db63cc0}> (0x000000070db63cc0) thrown at [./src/hotspot/share/prims/jvm.cpp, line 1306]
Event: 28.762 Thread 0x000001de78635800 Exception <a 'java/security/PrivilegedActionException'{0x000000070db644e0}> (0x000000070db644e0) thrown at [./src/hotspot/share/prims/jvm.cpp, line 1306]
Event: 28.762 Thread 0x000001de78635800 Exception <a 'java/security/PrivilegedActionException'{0x000000070db66098}> (0x000000070db66098) thrown at [./src/hotspot/share/prims/jvm.cpp, line 1306]
Event: 28.762 Thread 0x000001de78635800 Exception <a 'java/security/PrivilegedActionException'{0x000000070db668b8}> (0x000000070db668b8) thrown at [./src/hotspot/share/prims/jvm.cpp, line 1306]
Event: 28.762 Thread 0x000001de78635800 Exception <a 'java/security/PrivilegedActionException'{0x000000070db69270}> (0x000000070db69270) thrown at [./src/hotspot/share/prims/jvm.cpp, line 1306]
Event: 28.762 Thread 0x000001de78635800 Exception <a 'java/security/PrivilegedActionException'{0x000000070db69a90}> (0x000000070db69a90) thrown at [./src/hotspot/share/prims/jvm.cpp, line 1306]

Events (20 events):
Event: 28.763 Executing VM operation: RevokeBias done
Event: 28.763 loading class fr/ign/cogit/cartagen/graph/Edge
Event: 28.763 loading class fr/ign/cogit/cartagen/graph/Edge done
Event: 28.764 loading class fr/ign/cogit/cartagen/common/triangulation/Triangulation
Event: 28.764 loading class fr/ign/cogit/cartagen/common/triangulation/Triangulation done
Event: 28.765 loading class fr/ign/cogit/cartagen/graph/triangulation/ITriangulation
Event: 28.765 loading class fr/ign/cogit/cartagen/graph/triangulation/ITriangulation done
Event: 28.765 loading class fr/ign/cogit/cartagen/graph/Graph
Event: 28.765 loading class fr/ign/cogit/cartagen/graph/Graph done
Event: 28.766 Executing VM operation: RevokeBias
Event: 28.766 Executing VM operation: RevokeBias done
Event: 28.766 Loaded shared library C:\Program Files\AdoptOpenJDK\jdk-11.0.10.9-hotspot\bin\triangulation.dll
Event: 28.767 loading class fr/ign/cogit/cartagen/graph/triangulation/impl/TriangulationSegmentFactoryImpl
Event: 28.767 loading class fr/ign/cogit/cartagen/graph/triangulation/impl/TriangulationSegmentFactoryImpl done
Event: 28.767 loading class fr/ign/cogit/cartagen/graph/triangulation/impl/TriangulationTriangleFactoryImpl
Event: 28.767 loading class fr/ign/cogit/cartagen/graph/triangulation/impl/TriangulationTriangleFactoryImpl done
Event: 28.767 loading class fr/ign/cogit/cartagen/graph/triangulation/TriangulationTriangle
Event: 28.767 loading class fr/ign/cogit/cartagen/graph/triangulation/TriangulationTriangle done
Event: 28.767 loading class fr/ign/cogit/cartagen/common/triangulation/Triangulateio
Event: 28.767 loading class fr/ign/cogit/cartagen/common/triangulation/Triangulateio done


Dynamic libraries:
0x00007ff6c1940000 - 0x00007ff6c194d000 	C:\Program Files\AdoptOpenJDK\jdk-11.0.10.9-hotspot\bin\javaw.exe
0x00007ffe716d0000 - 0x00007ffe718c5000 	C:\WINDOWS\SYSTEM32\ntdll.dll
0x00007ffe70b80000 - 0x00007ffe70c3e000 	C:\WINDOWS\System32\KERNEL32.DLL
0x00007ffe6f1b0000 - 0x00007ffe6f478000 	C:\WINDOWS\System32\KERNELBASE.dll
0x00007ffe6ef20000 - 0x00007ffe6f020000 	C:\WINDOWS\System32\ucrtbase.dll
0x00007ffe68760000 - 0x00007ffe68775000 	C:\Program Files\AdoptOpenJDK\jdk-11.0.10.9-hotspot\bin\VCRUNTIME140.dll
0x00007ffe6c190000 - 0x00007ffe6c1a7000 	C:\Program Files\AdoptOpenJDK\jdk-11.0.10.9-hotspot\bin\jli.dll
0x00007ffe6fb50000 - 0x00007ffe6fcf1000 	C:\WINDOWS\System32\USER32.dll
0x00007ffe6ede0000 - 0x00007ffe6ee02000 	C:\WINDOWS\System32\win32u.dll
0x00007ffe5b080000 - 0x00007ffe5b31a000 	C:\WINDOWS\WinSxS\amd64_microsoft.windows.common-controls_6595b64144ccf1df_6.0.19041.1110_none_60b5254171f9507e\COMCTL32.dll
0x00007ffe6f710000 - 0x00007ffe6f73b000 	C:\WINDOWS\System32\GDI32.dll
0x00007ffe6f0a0000 - 0x00007ffe6f1ad000 	C:\WINDOWS\System32\gdi32full.dll
0x00007ffe70100000 - 0x00007ffe7019e000 	C:\WINDOWS\System32\msvcrt.dll
0x00007ffe6f480000 - 0x00007ffe6f51d000 	C:\WINDOWS\System32\msvcp_win.dll
0x00007ffe70b50000 - 0x00007ffe70b80000 	C:\WINDOWS\System32\IMM32.DLL
0x00007ffe28bc0000 - 0x00007ffe28c5b000 	C:\Program Files\AdoptOpenJDK\jdk-11.0.10.9-hotspot\bin\msvcp140.dll
0x00007ffe04960000 - 0x00007ffe054a3000 	C:\Program Files\AdoptOpenJDK\jdk-11.0.10.9-hotspot\bin\server\jvm.dll
0x00007ffe6f740000 - 0x00007ffe6f7ee000 	C:\WINDOWS\System32\ADVAPI32.dll
0x00007ffe70060000 - 0x00007ffe700fc000 	C:\WINDOWS\System32\sechost.dll
0x00007ffe6fa20000 - 0x00007ffe6fb45000 	C:\WINDOWS\System32\RPCRT4.dll
0x00007ffe71680000 - 0x00007ffe71688000 	C:\WINDOWS\System32\PSAPI.DLL
0x00007ffe560d0000 - 0x00007ffe560d9000 	C:\WINDOWS\SYSTEM32\WSOCK32.dll
0x00007ffe68070000 - 0x00007ffe6807a000 	C:\WINDOWS\SYSTEM32\VERSION.dll
0x00007ffe5a310000 - 0x00007ffe5a337000 	C:\WINDOWS\SYSTEM32\WINMM.dll
0x00007ffe6f7f0000 - 0x00007ffe6f85b000 	C:\WINDOWS\System32\WS2_32.dll
0x00007ffe6d650000 - 0x00007ffe6d662000 	C:\WINDOWS\SYSTEM32\kernel.appcore.dll
0x00007ffe69090000 - 0x00007ffe690a0000 	C:\Program Files\AdoptOpenJDK\jdk-11.0.10.9-hotspot\bin\verify.dll
0x00007ffe6cbc0000 - 0x00007ffe6cda4000 	C:\WINDOWS\SYSTEM32\DBGHELP.DLL
0x00007ffe4d4f0000 - 0x00007ffe4d51c000 	C:\WINDOWS\SYSTEM32\dbgcore.DLL
0x00007ffe6f520000 - 0x00007ffe6f5a2000 	C:\WINDOWS\System32\bcryptPrimitives.dll
0x00007ffe4ce50000 - 0x00007ffe4ce78000 	C:\Program Files\AdoptOpenJDK\jdk-11.0.10.9-hotspot\bin\java.dll
0x00007ffe4e400000 - 0x00007ffe4e40a000 	C:\Program Files\AdoptOpenJDK\jdk-11.0.10.9-hotspot\bin\jimage.dll
0x00007ffe4ce30000 - 0x00007ffe4ce47000 	C:\Program Files\AdoptOpenJDK\jdk-11.0.10.9-hotspot\bin\zip.dll
0x00007ffe70ea0000 - 0x00007ffe715e4000 	C:\WINDOWS\System32\SHELL32.dll
0x00007ffe6cea0000 - 0x00007ffe6d635000 	C:\WINDOWS\SYSTEM32\windows.storage.dll
0x00007ffe6fd00000 - 0x00007ffe70055000 	C:\WINDOWS\System32\combase.dll
0x00007ffe6e830000 - 0x00007ffe6e85e000 	C:\WINDOWS\SYSTEM32\Wldp.dll
0x00007ffe70df0000 - 0x00007ffe70e9d000 	C:\WINDOWS\System32\SHCORE.dll
0x00007ffe70af0000 - 0x00007ffe70b45000 	C:\WINDOWS\System32\shlwapi.dll
0x00007ffe6ed20000 - 0x00007ffe6ed3f000 	C:\WINDOWS\SYSTEM32\profapi.dll
0x00007ffe3e870000 - 0x00007ffe3e889000 	C:\Program Files\AdoptOpenJDK\jdk-11.0.10.9-hotspot\bin\net.dll
0x00007ffe63fe0000 - 0x00007ffe640ec000 	C:\WINDOWS\SYSTEM32\WINHTTP.dll
0x00007ffe6e590000 - 0x00007ffe6e5fa000 	C:\WINDOWS\system32\mswsock.dll
0x00007ffe28c90000 - 0x00007ffe28ca2000 	C:\Program Files\AdoptOpenJDK\jdk-11.0.10.9-hotspot\bin\nio.dll
0x00007ffe1d5b0000 - 0x00007ffe1d749000 	C:\Program Files\AdoptOpenJDK\jdk-11.0.10.9-hotspot\bin\awt.dll
0x00007ffe70d20000 - 0x00007ffe70ded000 	C:\WINDOWS\System32\OLEAUT32.dll
0x00007ffe6c260000 - 0x00007ffe6c2f0000 	C:\WINDOWS\SYSTEM32\apphelp.dll
0x00007ffe6c440000 - 0x00007ffe6c4de000 	C:\WINDOWS\system32\uxtheme.dll
0x00007ffe70440000 - 0x00007ffe70555000 	C:\WINDOWS\System32\MSCTF.dll
0x00007ffe701a0000 - 0x00007ffe702ca000 	C:\WINDOWS\System32\ole32.dll
0x00007ffe6c630000 - 0x00007ffe6c65f000 	C:\WINDOWS\system32\DWMAPI.DLL
0x00007ffe51a90000 - 0x00007ffe51b40000 	C:\WINDOWS\WinSxS\amd64_microsoft.windows.common-controls_6595b64144ccf1df_5.82.19041.1110_none_792d1c772443f647\comctl32.dll
0x00007ffe25e50000 - 0x00007ffe25ed5000 	C:\Program Files\AdoptOpenJDK\jdk-11.0.10.9-hotspot\bin\freetype.dll
0x00007ffe28ba0000 - 0x00007ffe28bb2000 	C:\Program Files\AdoptOpenJDK\jdk-11.0.10.9-hotspot\bin\fontmanager.dll
0x00007ffe1d4f0000 - 0x00007ffe1d5ac000 	C:\Program Files\AdoptOpenJDK\jdk-11.0.10.9-hotspot\bin\harfbuzz.dll
0x00007ffe490f0000 - 0x00007ffe49215000 	C:\WINDOWS\system32\opengl32.dll
0x00007ffe4d1d0000 - 0x00007ffe4d1fc000 	C:\WINDOWS\SYSTEM32\GLU32.dll
0x00007ffe70330000 - 0x00007ffe703d9000 	C:\WINDOWS\System32\clbcatq.dll
0x00007ffe69f70000 - 0x00007ffe6a066000 	C:\WINDOWS\SYSTEM32\PROPSYS.dll
0x00007ffe69060000 - 0x00007ffe69077000 	C:\WINDOWS\system32\NetworkExplorer.dll
0x00007ffe6f020000 - 0x00007ffe6f06e000 	C:\WINDOWS\System32\CFGMGR32.dll
0x00007ffe595e0000 - 0x00007ffe595fd000 	C:\WINDOWS\SYSTEM32\MPR.dll
0x00007ffe68670000 - 0x00007ffe6867b000 	C:\WINDOWS\System32\drprov.dll
0x00007ffe6db30000 - 0x00007ffe6db8a000 	C:\WINDOWS\System32\WINSTA.dll
0x00007ffe51b40000 - 0x00007ffe51b61000 	C:\WINDOWS\System32\ntlanman.dll
0x00007ffe51a70000 - 0x00007ffe51a8e000 	C:\WINDOWS\System32\davclnt.dll
0x00007ffe524a0000 - 0x00007ffe524ad000 	C:\WINDOWS\System32\DAVHLPR.dll
0x00007ffe6dfc0000 - 0x00007ffe6dfd9000 	C:\WINDOWS\System32\wkscli.dll
0x00007ffe51e00000 - 0x00007ffe51e12000 	C:\WINDOWS\SYSTEM32\cscapi.dll
0x00007ffe6e340000 - 0x00007ffe6e34c000 	C:\WINDOWS\System32\netutils.dll
0x00007ffe4c8d0000 - 0x00007ffe4c926000 	C:\Windows\System32\dlnashext.dll
0x00007ffe25de0000 - 0x00007ffe25e44000 	C:\Windows\System32\PlayToDevice.dll
0x00007ffe66c90000 - 0x00007ffe66cb0000 	C:\Windows\System32\DevDispItemProvider.dll
0x00007ffe61220000 - 0x00007ffe612a5000 	C:\WINDOWS\System32\MMDevApi.dll
0x00007ffe6eb80000 - 0x00007ffe6ebb4000 	C:\WINDOWS\System32\DEVOBJ.dll
0x00007ffe3c3b0000 - 0x00007ffe3c451000 	C:\WINDOWS\system32\wpdshext.dll
0x00007ffe59620000 - 0x00007ffe597c9000 	C:\WINDOWS\WinSxS\amd64_microsoft.windows.gdiplus_6595b64144ccf1df_1.1.19041.1466_none_91a4907ccc87e3b8\gdiplus.dll
0x00007ffe5e0b0000 - 0x00007ffe5e153000 	C:\Windows\System32\PortableDeviceApi.dll
0x00007ffe705f0000 - 0x00007ffe70a62000 	C:\WINDOWS\System32\SETUPAPI.dll
0x00007ffe6f070000 - 0x00007ffe6f097000 	C:\WINDOWS\System32\bcrypt.dll
0x00007ffe6ee10000 - 0x00007ffe6ee70000 	C:\WINDOWS\System32\WINTRUST.dll
0x00007ffe6f5b0000 - 0x00007ffe6f706000 	C:\WINDOWS\System32\CRYPT32.dll
0x00007ffe6e9c0000 - 0x00007ffe6e9d2000 	C:\WINDOWS\System32\MSASN1.dll
0x00007ffe65930000 - 0x00007ffe65962000 	C:\Windows\System32\PortableDeviceTypes.dll
0x00007ffe1d240000 - 0x00007ffe1d277000 	C:\Windows\System32\EhStorShell.dll
0x00007ffe1ddc0000 - 0x00007ffe1dde6000 	C:\Windows\System32\EhStorAPI.dll
0x00007ffe6a400000 - 0x00007ffe6a414000 	C:\Windows\System32\WTSAPI32.dll
0x00007ffe56190000 - 0x00007ffe5619d000 	C:\WINDOWS\SYSTEM32\LINKINFO.dll
0x00007ffe66930000 - 0x00007ffe66a29000 	C:\WINDOWS\SYSTEM32\textinputframework.dll
0x00007ffe6b860000 - 0x00007ffe6bbbe000 	C:\WINDOWS\System32\CoreUIComponents.dll
0x00007ffe6bf40000 - 0x00007ffe6c032000 	C:\WINDOWS\System32\CoreMessaging.dll
0x00007ffe6a740000 - 0x00007ffe6a894000 	C:\WINDOWS\SYSTEM32\wintypes.dll
0x00007ffe6d790000 - 0x00007ffe6d7c3000 	C:\WINDOWS\SYSTEM32\ntmarta.dll
0x00007ffe66240000 - 0x00007ffe663f4000 	C:\WINDOWS\SYSTEM32\WindowsCodecs.dll
0x00007ffe4aa80000 - 0x00007ffe4aabe000 	C:\WINDOWS\system32\dataexchange.dll
0x00007ffe6b670000 - 0x00007ffe6b855000 	C:\WINDOWS\system32\dcomp.dll
0x00007ffe6ad00000 - 0x00007ffe6af64000 	C:\WINDOWS\system32\d3d11.dll
0x00007ffe6d800000 - 0x00007ffe6d8f4000 	C:\WINDOWS\system32\dxgi.dll
0x00007ffe66d40000 - 0x00007ffe66f41000 	C:\WINDOWS\system32\twinapi.appcore.dll
0x0000000068700000 - 0x000000006876e000 	C:\Program Files\AdoptOpenJDK\jdk-11.0.10.9-hotspot\bin\triangulation.dll

dbghelp: loaded successfully - version: 4.0.5 - missing functions: none
symbol engine: initialized successfully - sym options: 0x614 - pdb path: .;C:\Program Files\AdoptOpenJDK\jdk-11.0.10.9-hotspot\bin;C:\WINDOWS\SYSTEM32;C:\WINDOWS\WinSxS\amd64_microsoft.windows.common-controls_6595b64144ccf1df_6.0.19041.1110_none_60b5254171f9507e;C:\Program Files\AdoptOpenJDK\jdk-11.0.10.9-hotspot\bin\server;C:\WINDOWS\WinSxS\amd64_microsoft.windows.common-controls_6595b64144ccf1df_5.82.19041.1110_none_792d1c772443f647;C:\WINDOWS\WinSxS\amd64_microsoft.windows.gdiplus_6595b64144ccf1df_1.1.19041.1466_none_91a4907ccc87e3b8

VM Arguments:
jvm_args: -Djavax.net.ssl.trustStore=D:\certificate\trust.jks -Djavax.net.ssl.trustStorePassword=lol123 -Dfile.encoding=UTF-8 
java_command: fr.ign.cogit.cartagen.appli.core.CartAGenApplicationAgent
java_class_path (initial): C:\Users\gtouya\workspace\website\CartAGen\cartagen-appli\target\classes;C:\Users\gtouya\workspace\website\CartAGen\cartagen-core\target\classes;C:\Users\gtouya\.m2\repository\fr\ign\cogit\geoxygene-osm\1.9-SNAPSHOT\geoxygene-osm-1.9-SNAPSHOT.jar;C:\Users\gtouya\.m2\repository\org\openstreetmap\osmosis\osmosis-osm-binary\0.45\osmosis-osm-binary-0.45.jar;C:\Users\gtouya\.m2\repository\com\google\protobuf\protobuf-java\2.6.1\protobuf-java-2.6.1.jar;C:\Users\gtouya\.m2\repository\org\openstreetmap\osmosis\osmosis-core\0.45\osmosis-core-0.45.jar;C:\Users\gtouya\.m2\repository\org\apache\commons\commons-compress\1.10\commons-compress-1.10.jar;C:\Users\gtouya\.m2\repository\org\codehaus\woodstox\stax2-api\4.0.0\stax2-api-4.0.0.jar;C:\Users\gtouya\.m2\repository\net\sf\jpf\jpf\1.5\jpf-1.5.jar;C:\Users\gtouya\.m2\repository\com\fasterxml\woodstox\woodstox-core\5.0.1\woodstox-core-5.0.1.jar;C:\Users\gtouya\.m2\repository\org\openstreetmap\osmosis\osmosis-pbf2\0.45\osmosis-pbf2-0.45.jar;C:\Users\gtouya\.m2\repository\net\sf\opencsv\opencsv\2.3\opencsv-2.3.jar;C:\Users\gtouya\.m2\repository\net\sf\jung\jung-graph-impl\2.1.1\jung-graph-impl-2.1.1.jar;C:\Users\gtouya\.m2\repository\net\sf\jung\jung-api\2.1.1\jung-api-2.1.1.jar;C:\Users\gtouya\.m2\repository\com\github\haifengl\smile-netlib\1.4.0\smile-netlib-1.4.0.jar;C:\Users\gtouya\.m2\repository\net\sourceforge\f2j\arpack_combined_all\0.1\arpack_combined_all-0.1.jar;C:\Users\gtouya\.m2\repository\com\github\fommil\netlib\core\1.1.2\core-1.1.2.jar;C:\Users\gtouya\.m2\repository\com\github\fommil\netlib\netlib-native_ref-osx-x86_64\1.1\netlib-native_ref-osx-x86_64-1.1-natives.jar;C:\Users\gtouya\.m2\repository\com\github\fommil\netlib\native_ref-java\1.1\native_ref-java-1.1.jar;C:\Users\gtouya\.m2\repository\com\github\fommil\jniloader\1.1\jniloader-1.1.jar;C:\Users\gtouya\.m2\repository\com\github\fommil\netlib\netlib-native_ref-linux-x86_64\1.1\netlib-native_ref-linux-x86_64-1.1-natives.jar;C:\Use
Launcher Type: SUN_STANDARD

[Global flags]
     intx CICompilerCount                          = 4                                         {product} {ergonomic}
     uint ConcGCThreads                            = 3                                         {product} {ergonomic}
     uint G1ConcRefinementThreads                  = 10                                        {product} {ergonomic}
   size_t G1HeapRegionSize                         = 1048576                                   {product} {ergonomic}
    uintx GCDrainStackTargetSize                   = 64                                        {product} {ergonomic}
   size_t InitialHeapSize                          = 266338304                                 {product} {ergonomic}
   size_t MarkStackSize                            = 4194304                                   {product} {ergonomic}
   size_t MaxHeapSize                              = 4244635648                                {product} {ergonomic}
   size_t MaxNewSize                               = 2545942528                                {product} {ergonomic}
   size_t MinHeapDeltaBytes                        = 1048576                                   {product} {ergonomic}
    uintx NonNMethodCodeHeapSize                   = 5836300                                {pd product} {ergonomic}
    uintx NonProfiledCodeHeapSize                  = 122910970                              {pd product} {ergonomic}
    uintx ProfiledCodeHeapSize                     = 122910970                              {pd product} {ergonomic}
    uintx ReservedCodeCacheSize                    = 251658240                              {pd product} {ergonomic}
     bool SegmentedCodeCache                       = true                                      {product} {ergonomic}
     bool UseCompressedClassPointers               = true                                 {lp64_product} {ergonomic}
     bool UseCompressedOops                        = true                                 {lp64_product} {ergonomic}
     bool UseG1GC                                  = true                                      {product} {ergonomic}
     bool UseLargePagesIndividualAllocation        = false                                  {pd product} {ergonomic}

Logging:
Log output configuration:
 #0: stdout all=warning uptime,level,tags
 #1: stderr all=off uptime,level,tags

Environment Variables:
PATH=C:/Users/GTouya-Admin/.p2/pool/plugins/org.eclipse.justj.openjdk.hotspot.jre.full.win32.x86_64_15.0.2.v20210201-0955/jre/bin/server;C:/Users/GTouya-Admin/.p2/pool/plugins/org.eclipse.justj.openjdk.hotspot.jre.full.win32.x86_64_15.0.2.v20210201-0955/jre/bin;C:\Program Files\AdoptOpenJDK\jdk-11.0.10.9-hotspot\bin;C:\Program Files (x86)\Common Files\Oracle\Java\javapath;C:\WINDOWS\system32;C:\WINDOWS;C:\WINDOWS\System32\Wbem;C:\WINDOWS\System32\WindowsPowerShell\v1.0\;C:\WINDOWS\System32\OpenSSH\;C:\Program Files\Intel\WiFi\bin\;C:\Program Files\Common Files\Intel\WirelessCommon\;C:\Program Files\PuTTY\;C:\Program Files\TortoiseSVN\bin;C:\Program Files (x86)\Common Files\SYSTEM\MSMAPI\1036;C:\Program Files (x86)\QuickTime\QTSystem\;C:\Program Files (x86)\dotnet\;C:\Users\gtouya\AppData\Local\Microsoft\WindowsApps;C:\Users\gtouya\AppData\Local\atom\bin;C:\Users\gtouya\AppData\Local\GitHubDesktop\bin;C:\Users\gtouya\AppData\Local\Microsoft\WindowsApps;C:\Users\gtouya\AppData\Local\Programs\Git\cmd;C:\Users\gtouya\Desktop;
USERNAME=GTouya
OS=Windows_NT
PROCESSOR_IDENTIFIER=Intel64 Family 6 Model 158 Stepping 10, GenuineIntel



---------------  S Y S T E M  ---------------

OS: Windows 10 , 64 bit Build 19041 (10.0.19041.1466)
OS uptime: 8 days 6:14 hours

CPU:total 12 (initial active 12) (6 cores per cpu, 2 threads per core) family 6 model 158 stepping 10 microcode 0xde, cmov, cx8, fxsr, mmx, sse, sse2, sse3, ssse3, sse4.1, sse4.2, popcnt, avx, avx2, aes, clmul, erms, 3dnowpref, lzcnt, ht, tsc, tscinvbit, bmi1, bmi2, adx, fma

Memory: 4k page, system-wide physical 16190M (8243M free)
TotalPageFile size 18622M (AvailPageFile size 7387M)
current process WorkingSet (physical memory assigned to process): 376M, peak: 405M
current process commit charge ("private bytes"): 438M, peak: 467M

vm_info: OpenJDK 64-Bit Server VM (11.0.10+9) for windows-amd64 JRE (11.0.10+9), built on Jan 20 2021 06:07:07 by "" with MS VC++ 15.9 (VS2017)

END.
